[20:08:00] This is prokka 1.13
[20:08:00] Written by Torsten Seemann <torsten.seemann@gmail.com>
[20:08:00] Homepage is https://github.com/tseemann/prokka
[20:08:00] Local time is Wed Jun 24 20:08:00 2020
[20:08:00] You are tiago
[20:08:00] Operating system is linux
[20:08:00] You have BioPerl 1.007002
[20:08:00] System has 12 cores.
[20:08:00] Will use maximum of 8 cores.
[20:08:00] Annotating as >>> Bacteria <<<
[20:08:00] Generating locus_tag from '/home/tiago/documentos/github/ARG-Sentinel/suberror/plasmids_annot/pSE605AN41.fasta' contents.
[20:08:00] Setting --locustag OPMNFDHN from MD5 8967fd173e3569682287945dba21b024
[20:08:00] Creating new output folder: /home/tiago/documentos/github/ARG-Sentinel/suberror/plasmids_annot/annot/pSE605AN41
[20:08:00] Running: mkdir -p \/home\/tiago\/documentos\/github\/ARG\-Sentinel\/suberror\/plasmids_annot\/annot\/pSE605AN41
[20:08:00] Using filename prefix: pSE605AN41.XXX
[20:08:00] Setting HMMER_NCPU=1
[20:08:00] Writing log to: /home/tiago/documentos/github/ARG-Sentinel/suberror/plasmids_annot/annot/pSE605AN41/pSE605AN41.log
[20:08:00] Command: /home/tiago/anaconda3/bin/prokka --outdir /home/tiago/documentos/github/ARG-Sentinel/suberror/plasmids_annot/annot/pSE605AN41 --prefix pSE605AN41 /home/tiago/documentos/github/ARG-Sentinel/suberror/plasmids_annot/pSE605AN41.fasta
[20:08:00] Appending to PATH: /home/tiago/anaconda3/bin
[20:08:00] Looking for 'aragorn' - found /home/tiago/anaconda3/bin/aragorn
[20:08:00] Determined aragorn version is 1.2
[20:08:00] Looking for 'barrnap' - found /home/tiago/anaconda3/bin/barrnap
[20:08:00] Determined barrnap version is 0.9
[20:08:00] Looking for 'blastp' - found /home/tiago/anaconda3/bin/blastp
[20:08:00] Determined blastp version is 2.9
[20:08:00] Looking for 'cmpress' - found /home/tiago/anaconda3/bin/cmpress
[20:08:00] Determined cmpress version is 1.1
[20:08:00] Looking for 'cmscan' - found /home/tiago/anaconda3/bin/cmscan
[20:08:00] Determined cmscan version is 1.1
[20:08:00] Looking for 'egrep' - found /usr/bin/egrep
[20:08:00] Looking for 'find' - found /usr/bin/find
[20:08:00] Looking for 'grep' - found /usr/bin/grep
[20:08:00] Looking for 'hmmpress' - found /home/tiago/anaconda3/bin/hmmpress
[20:08:00] Determined hmmpress version is 3.3
[20:08:00] Looking for 'hmmscan' - found /home/tiago/anaconda3/bin/hmmscan
[20:08:00] Determined hmmscan version is 3.3
[20:08:00] Looking for 'java' - found /home/tiago/anaconda3/bin/java
[20:08:00] Looking for 'less' - found /usr/bin/less
[20:08:00] Looking for 'makeblastdb' - found /home/tiago/anaconda3/bin/makeblastdb
[20:08:00] Determined makeblastdb version is 2.9
[20:08:00] Looking for 'minced' - found /home/tiago/anaconda3/bin/minced
[20:08:00] Determined minced version is 4.2
[20:08:00] Looking for 'parallel' - found /home/tiago/anaconda3/bin/parallel
[20:08:00] Determined parallel version is 20160622
[20:08:00] Looking for 'prodigal' - found /home/tiago/anaconda3/bin/prodigal
[20:08:00] Determined prodigal version is 2.6
[20:08:00] Looking for 'prokka-genbank_to_fasta_db' - found /home/tiago/anaconda3/bin/prokka-genbank_to_fasta_db
[20:08:00] Looking for 'sed' - found /usr/bin/sed
[20:08:00] Looking for 'tbl2asn' - found /home/tiago/anaconda3/bin/tbl2asn
[20:08:00] Determined tbl2asn version is 25.7
[20:08:00] Using genetic code table 11.
[20:08:00] Loading and checking input file: /home/tiago/documentos/github/ARG-Sentinel/suberror/plasmids_annot/pSE605AN41.fasta
[20:08:00] Wrote 1 contigs totalling 4753 bp.
[20:08:00] Predicting tRNAs and tmRNAs
[20:08:00] Running: aragorn -l -gc11  -w \/home\/tiago\/documentos\/github\/ARG\-Sentinel\/suberror\/plasmids_annot\/annot\/pSE605AN41\/pSE605AN41\.fna
[20:08:00] Found 0 tRNAs
[20:08:00] Predicting Ribosomal RNAs
[20:08:00] Running Barrnap with 8 threads
[20:08:01] Found 0 rRNAs
[20:08:01] Skipping ncRNA search, enable with --rfam if desired.
[20:08:01] Total of 0 tRNA + rRNA features
[20:08:01] Searching for CRISPR repeats
[20:08:01] Found 0 CRISPRs
[20:08:01] Predicting coding sequences
[20:08:01] Contigs total 4753 bp, so using meta mode
[20:08:01] Running: prodigal -i \/home\/tiago\/documentos\/github\/ARG\-Sentinel\/suberror\/plasmids_annot\/annot\/pSE605AN41\/pSE605AN41\.fna -c -m -g 11 -p meta -f sco -q
[20:08:01] Found 6 CDS
[20:08:01] Connecting features back to sequences
[20:08:01] Not using genus-specific database. Try --usegenus to enable it.
[20:08:01] Annotating CDS, please be patient.
[20:08:01] Will use 8 CPUs for similarity searching.
[20:08:01] There are still 6 unannotated CDS left (started with 6)
[20:08:01] Will use blast to search against /home/tiago/anaconda3/bin/../db/kingdom/Bacteria/sprot with 8 CPUs
[20:08:01] Running: cat \/home\/tiago\/documentos\/github\/ARG\-Sentinel\/suberror\/plasmids_annot\/annot\/pSE605AN41\/sprot\.faa | parallel --gnu --plain -j 8 --block 75 --recstart '>' --pipe blastp -query - -db /home/tiago/anaconda3/bin/../db/kingdom/Bacteria/sprot -evalue 1e-06 -num_threads 1 -num_descriptions 1 -num_alignments 1 -seg no > \/home\/tiago\/documentos\/github\/ARG\-Sentinel\/suberror\/plasmids_annot\/annot\/pSE605AN41\/sprot\.blast 2> /dev/null
[20:08:01] Deleting unwanted file: /home/tiago/documentos/github/ARG-Sentinel/suberror/plasmids_annot/annot/pSE605AN41/sprot.faa
[20:08:01] Deleting unwanted file: /home/tiago/documentos/github/ARG-Sentinel/suberror/plasmids_annot/annot/pSE605AN41/sprot.blast
[20:08:01] There are still 3 unannotated CDS left (started with 6)
[20:08:01] Will use hmmer3 to search against /home/tiago/anaconda3/bin/../db/hmm/HAMAP.hmm with 8 CPUs
[20:08:01] Running: cat \/home\/tiago\/documentos\/github\/ARG\-Sentinel\/suberror\/plasmids_annot\/annot\/pSE605AN41\/HAMAP\.hmm\.faa | parallel --gnu --plain -j 8 --block 24 --recstart '>' --pipe hmmscan --noali --notextw --acc -E 1e-06 --cpu 1 /home/tiago/anaconda3/bin/../db/hmm/HAMAP.hmm /dev/stdin > \/home\/tiago\/documentos\/github\/ARG\-Sentinel\/suberror\/plasmids_annot\/annot\/pSE605AN41\/HAMAP\.hmm\.hmmer3 2> /dev/null
[20:08:02] Deleting unwanted file: /home/tiago/documentos/github/ARG-Sentinel/suberror/plasmids_annot/annot/pSE605AN41/HAMAP.hmm.faa
[20:08:02] Deleting unwanted file: /home/tiago/documentos/github/ARG-Sentinel/suberror/plasmids_annot/annot/pSE605AN41/HAMAP.hmm.hmmer3
[20:08:02] Labelling remaining 3 proteins as 'hypothetical protein'
[20:08:02] Found 3 unique /gene codes.
[20:08:02] Fixed 0 colliding /gene names.
[20:08:02] Adding /locus_tag identifiers
[20:08:02] Assigned 6 locus_tags to CDS and RNA features.
[20:08:02] Writing outputs to /home/tiago/documentos/github/ARG-Sentinel/suberror/plasmids_annot/annot/pSE605AN41/
[20:08:02] Generating annotation statistics file
[20:08:02] Generating Genbank and Sequin files
[20:08:02] Running: tbl2asn -V b -a r10k -l paired-ends -M n -N 1 -y 'Annotated using prokka 1.13 from https://github.com/tseemann/prokka' -Z \/home\/tiago\/documentos\/github\/ARG\-Sentinel\/suberror\/plasmids_annot\/annot\/pSE605AN41\/pSE605AN41\.err -i \/home\/tiago\/documentos\/github\/ARG\-Sentinel\/suberror\/plasmids_annot\/annot\/pSE605AN41\/pSE605AN41\.fsa 2> /dev/null
[20:08:02] Could not run command: tbl2asn -V b -a r10k -l paired-ends -M n -N 1 -y 'Annotated using prokka 1.13 from https://github.com/tseemann/prokka' -Z \/home\/tiago\/documentos\/github\/ARG\-Sentinel\/suberror\/plasmids_annot\/annot\/pSE605AN41\/pSE605AN41\.err -i \/home\/tiago\/documentos\/github\/ARG\-Sentinel\/suberror\/plasmids_annot\/annot\/pSE605AN41\/pSE605AN41\.fsa 2> /dev/null
