Discrepancy Report Results

Summary
FATAL: MISSING_PROTEIN_ID:6 proteins have invalid IDs.
DISC_SOURCE_QUALS_ASNDISC:strain (all present, all unique)
DISC_SOURCE_QUALS_ASNDISC:taxname (all present, all unique)
DISC_FEATURE_COUNT:CDS: 6 present
DISC_COUNT_NUCLEOTIDES:1 nucleotide Bioseqs are present
FEATURE_LOCATION_CONFLICT:6 features have inconsistent gene locations.
DISC_QUALITY_SCORES:Quality scores are missing on all sequences.
ONCALLER_COMMENT_PRESENT:1 comment descriptors were found (all same)
SHORT_PROT_SEQUENCES:1 protein sequences are shorter than 50 aa.
MISSING_GENOMEASSEMBLY_COMMENTS:1 bioseqs are missing GenomeAssembly structured comments
MOLTYPE_NOT_MRNA:1 molecule types are not set as mRNA.
TECHNIQUE_NOT_TSA:1 technique are not set as TSA
MISSING_STRUCTURED_COMMENT:1 sequences do not include structured comments.
MISSING_PROJECT:7 sequences do not include project.
DISC_INCONSISTENT_MOLINFO_TECH:Molinfo Technique Report (some missing, all same)
SEQ_ID_PHRASES:Sequence Ids contain unacceptable phrases (cov_, length, node, paired, or trimmed)


Detailed Report

FATAL: DiscRep_ALL:MISSING_PROTEIN_ID::6 proteins have invalid IDs.
/home/tiago/documentos/github/ARG-Sentinel/suberror/plasmids_annot/annot/pSE605AN41/pSE605AN41:NODE_41_length_4753_cov_20.978728_1 (length 68)
/home/tiago/documentos/github/ARG-Sentinel/suberror/plasmids_annot/annot/pSE605AN41/pSE605AN41:NODE_41_length_4753_cov_20.978728_2 (length 29)
/home/tiago/documentos/github/ARG-Sentinel/suberror/plasmids_annot/annot/pSE605AN41/pSE605AN41:NODE_41_length_4753_cov_20.978728_3 (length 420)
/home/tiago/documentos/github/ARG-Sentinel/suberror/plasmids_annot/annot/pSE605AN41/pSE605AN41:NODE_41_length_4753_cov_20.978728_4 (length 132)
/home/tiago/documentos/github/ARG-Sentinel/suberror/plasmids_annot/annot/pSE605AN41/pSE605AN41:NODE_41_length_4753_cov_20.978728_5 (length 256)
/home/tiago/documentos/github/ARG-Sentinel/suberror/plasmids_annot/annot/pSE605AN41/pSE605AN41:NODE_41_length_4753_cov_20.978728_6 (length 278)

DiscRep_ALL:DISC_SOURCE_QUALS_ASNDISC::strain (all present, all unique)
DiscRep_SUB:DISC_SOURCE_QUALS_ASNDISC::1 sources have unique values for strain
DiscRep_ALL:DISC_SOURCE_QUALS_ASNDISC::taxname (all present, all unique)
DiscRep_SUB:DISC_SOURCE_QUALS_ASNDISC::1 sources have unique values for taxname
DiscRep_ALL:DISC_FEATURE_COUNT::CDS: 6 present
DiscRep_ALL:DISC_COUNT_NUCLEOTIDES::1 nucleotide Bioseqs are present
/home/tiago/documentos/github/ARG-Sentinel/suberror/plasmids_annot/annot/pSE605AN41/pSE605AN41:NODE_41_length_4753_cov_20.978728 (length 4753)

DiscRep_ALL:FEATURE_LOCATION_CONFLICT::6 features have inconsistent gene locations.
DiscRep_SUB:FEATURE_LOCATION_CONFLICT::Coding region xref gene does not exist
/home/tiago/documentos/github/ARG-Sentinel/suberror/plasmids_annot/annot/pSE605AN41/pSE605AN41:CDS	hypothetical protein	NODE_41_length_4753_cov_20.978728:c288-82	OPMNFDHN_00001

DiscRep_SUB:FEATURE_LOCATION_CONFLICT::Coding region xref gene does not exist
/home/tiago/documentos/github/ARG-Sentinel/suberror/plasmids_annot/annot/pSE605AN41/pSE605AN41:CDS	hypothetical protein	NODE_41_length_4753_cov_20.978728:441-530	OPMNFDHN_00002

DiscRep_SUB:FEATURE_LOCATION_CONFLICT::Coding region xref gene does not exist
/home/tiago/documentos/github/ARG-Sentinel/suberror/plasmids_annot/annot/pSE605AN41/pSE605AN41:CDS	Plasmid recombination enzyme	NODE_41_length_4753_cov_20.978728:c1774-512	OPMNFDHN_00003

DiscRep_SUB:FEATURE_LOCATION_CONFLICT::Coding region xref gene does not exist
/home/tiago/documentos/github/ARG-Sentinel/suberror/plasmids_annot/annot/pSE605AN41/pSE605AN41:CDS	Bleomycin resistance protein	NODE_41_length_4753_cov_20.978728:c2679-2281	OPMNFDHN_00004

DiscRep_SUB:FEATURE_LOCATION_CONFLICT::Coding region xref gene does not exist
/home/tiago/documentos/github/ARG-Sentinel/suberror/plasmids_annot/annot/pSE605AN41/pSE605AN41:CDS	Kanamycin nucleotidyltransferase	NODE_41_length_4753_cov_20.978728:c3672-2902	OPMNFDHN_00005

DiscRep_SUB:FEATURE_LOCATION_CONFLICT::Coding region xref gene does not exist
/home/tiago/documentos/github/ARG-Sentinel/suberror/plasmids_annot/annot/pSE605AN41/pSE605AN41:CDS	hypothetical protein	NODE_41_length_4753_cov_20.978728:c4668-3832	OPMNFDHN_00006

DiscRep_ALL:DISC_QUALITY_SCORES::Quality scores are missing on all sequences.

DiscRep_ALL:ONCALLER_COMMENT_PRESENT::1 comment descriptors were found (all same)
/home/tiago/documentos/github/ARG-Sentinel/suberror/plasmids_annot/annot/pSE605AN41/pSE605AN41:NODE_41_length_4753_cov_20.978728:Annotated using prokka 1.13 from https://github.com/tseemann/prokka

DiscRep_ALL:SHORT_PROT_SEQUENCES::1 protein sequences are shorter than 50 aa.
/home/tiago/documentos/github/ARG-Sentinel/suberror/plasmids_annot/annot/pSE605AN41/pSE605AN41:NODE_41_length_4753_cov_20.978728_2 (length 29)

DiscRep_ALL:MISSING_GENOMEASSEMBLY_COMMENTS::1 bioseqs are missing GenomeAssembly structured comments
/home/tiago/documentos/github/ARG-Sentinel/suberror/plasmids_annot/annot/pSE605AN41/pSE605AN41:NODE_41_length_4753_cov_20.978728 (length 4753)

DiscRep_ALL:MOLTYPE_NOT_MRNA::1 molecule types are not set as mRNA.
/home/tiago/documentos/github/ARG-Sentinel/suberror/plasmids_annot/annot/pSE605AN41/pSE605AN41:NODE_41_length_4753_cov_20.978728 (length 4753)

DiscRep_ALL:TECHNIQUE_NOT_TSA::1 technique are not set as TSA
/home/tiago/documentos/github/ARG-Sentinel/suberror/plasmids_annot/annot/pSE605AN41/pSE605AN41:NODE_41_length_4753_cov_20.978728 (length 4753)

DiscRep_ALL:MISSING_STRUCTURED_COMMENT::1 sequences do not include structured comments.
/home/tiago/documentos/github/ARG-Sentinel/suberror/plasmids_annot/annot/pSE605AN41/pSE605AN41:NODE_41_length_4753_cov_20.978728 (length 4753)

DiscRep_ALL:MISSING_PROJECT::7 sequences do not include project.
/home/tiago/documentos/github/ARG-Sentinel/suberror/plasmids_annot/annot/pSE605AN41/pSE605AN41:NODE_41_length_4753_cov_20.978728 (length 4753)
/home/tiago/documentos/github/ARG-Sentinel/suberror/plasmids_annot/annot/pSE605AN41/pSE605AN41:NODE_41_length_4753_cov_20.978728_1 (length 68)
/home/tiago/documentos/github/ARG-Sentinel/suberror/plasmids_annot/annot/pSE605AN41/pSE605AN41:NODE_41_length_4753_cov_20.978728_2 (length 29)
/home/tiago/documentos/github/ARG-Sentinel/suberror/plasmids_annot/annot/pSE605AN41/pSE605AN41:NODE_41_length_4753_cov_20.978728_3 (length 420)
/home/tiago/documentos/github/ARG-Sentinel/suberror/plasmids_annot/annot/pSE605AN41/pSE605AN41:NODE_41_length_4753_cov_20.978728_4 (length 132)
/home/tiago/documentos/github/ARG-Sentinel/suberror/plasmids_annot/annot/pSE605AN41/pSE605AN41:NODE_41_length_4753_cov_20.978728_5 (length 256)
/home/tiago/documentos/github/ARG-Sentinel/suberror/plasmids_annot/annot/pSE605AN41/pSE605AN41:NODE_41_length_4753_cov_20.978728_6 (length 278)

DiscRep_ALL:DISC_INCONSISTENT_MOLINFO_TECH::Molinfo Technique Report (some missing, all same)
DiscRep_SUB:DISC_INCONSISTENT_MOLINFO_TECH::technique (all missing)
DiscRep_SUB:DISC_INCONSISTENT_MOLINFO_TECH::1 Molinfos are missing field technique
/home/tiago/documentos/github/ARG-Sentinel/suberror/plasmids_annot/annot/pSE605AN41/pSE605AN41:NODE_41_length_4753_cov_20.978728 (length 4753)

DiscRep_ALL:SEQ_ID_PHRASES::Sequence Ids contain unacceptable phrases (cov_, length, node, paired, or trimmed)

