[20:08:09] This is prokka 1.13
[20:08:09] Written by Torsten Seemann <torsten.seemann@gmail.com>
[20:08:09] Homepage is https://github.com/tseemann/prokka
[20:08:09] Local time is Wed Jun 24 20:08:09 2020
[20:08:09] You are tiago
[20:08:09] Operating system is linux
[20:08:09] You have BioPerl 1.007002
[20:08:09] System has 12 cores.
[20:08:09] Will use maximum of 8 cores.
[20:08:09] Annotating as >>> Bacteria <<<
[20:08:09] Generating locus_tag from '/home/tiago/documentos/github/ARG-Sentinel/suberror/plasmids_annot/pSW732BN43.fasta' contents.
[20:08:09] Setting --locustag CCDKKEHC from MD5 ccd44e1c4dfeedb64f1331d8535e7c73
[20:08:09] Creating new output folder: /home/tiago/documentos/github/ARG-Sentinel/suberror/plasmids_annot/annot/pSW732BN43
[20:08:09] Running: mkdir -p \/home\/tiago\/documentos\/github\/ARG\-Sentinel\/suberror\/plasmids_annot\/annot\/pSW732BN43
[20:08:09] Using filename prefix: pSW732BN43.XXX
[20:08:09] Setting HMMER_NCPU=1
[20:08:09] Writing log to: /home/tiago/documentos/github/ARG-Sentinel/suberror/plasmids_annot/annot/pSW732BN43/pSW732BN43.log
[20:08:09] Command: /home/tiago/anaconda3/bin/prokka --outdir /home/tiago/documentos/github/ARG-Sentinel/suberror/plasmids_annot/annot/pSW732BN43 --prefix pSW732BN43 /home/tiago/documentos/github/ARG-Sentinel/suberror/plasmids_annot/pSW732BN43.fasta
[20:08:09] Appending to PATH: /home/tiago/anaconda3/bin
[20:08:09] Looking for 'aragorn' - found /home/tiago/anaconda3/bin/aragorn
[20:08:09] Determined aragorn version is 1.2
[20:08:09] Looking for 'barrnap' - found /home/tiago/anaconda3/bin/barrnap
[20:08:09] Determined barrnap version is 0.9
[20:08:09] Looking for 'blastp' - found /home/tiago/anaconda3/bin/blastp
[20:08:09] Determined blastp version is 2.9
[20:08:09] Looking for 'cmpress' - found /home/tiago/anaconda3/bin/cmpress
[20:08:09] Determined cmpress version is 1.1
[20:08:09] Looking for 'cmscan' - found /home/tiago/anaconda3/bin/cmscan
[20:08:10] Determined cmscan version is 1.1
[20:08:10] Looking for 'egrep' - found /usr/bin/egrep
[20:08:10] Looking for 'find' - found /usr/bin/find
[20:08:10] Looking for 'grep' - found /usr/bin/grep
[20:08:10] Looking for 'hmmpress' - found /home/tiago/anaconda3/bin/hmmpress
[20:08:10] Determined hmmpress version is 3.3
[20:08:10] Looking for 'hmmscan' - found /home/tiago/anaconda3/bin/hmmscan
[20:08:10] Determined hmmscan version is 3.3
[20:08:10] Looking for 'java' - found /home/tiago/anaconda3/bin/java
[20:08:10] Looking for 'less' - found /usr/bin/less
[20:08:10] Looking for 'makeblastdb' - found /home/tiago/anaconda3/bin/makeblastdb
[20:08:10] Determined makeblastdb version is 2.9
[20:08:10] Looking for 'minced' - found /home/tiago/anaconda3/bin/minced
[20:08:10] Determined minced version is 4.2
[20:08:10] Looking for 'parallel' - found /home/tiago/anaconda3/bin/parallel
[20:08:10] Determined parallel version is 20160622
[20:08:10] Looking for 'prodigal' - found /home/tiago/anaconda3/bin/prodigal
[20:08:10] Determined prodigal version is 2.6
[20:08:10] Looking for 'prokka-genbank_to_fasta_db' - found /home/tiago/anaconda3/bin/prokka-genbank_to_fasta_db
[20:08:10] Looking for 'sed' - found /usr/bin/sed
[20:08:10] Looking for 'tbl2asn' - found /home/tiago/anaconda3/bin/tbl2asn
[20:08:10] Determined tbl2asn version is 25.7
[20:08:10] Using genetic code table 11.
[20:08:10] Loading and checking input file: /home/tiago/documentos/github/ARG-Sentinel/suberror/plasmids_annot/pSW732BN43.fasta
[20:08:10] Wrote 1 contigs totalling 2345 bp.
[20:08:10] Predicting tRNAs and tmRNAs
[20:08:10] Running: aragorn -l -gc11  -w \/home\/tiago\/documentos\/github\/ARG\-Sentinel\/suberror\/plasmids_annot\/annot\/pSW732BN43\/pSW732BN43\.fna
[20:08:10] Found 0 tRNAs
[20:08:10] Predicting Ribosomal RNAs
[20:08:10] Running Barrnap with 8 threads
[20:08:10] Found 0 rRNAs
[20:08:10] Skipping ncRNA search, enable with --rfam if desired.
[20:08:10] Total of 0 tRNA + rRNA features
[20:08:10] Searching for CRISPR repeats
[20:08:10] Found 0 CRISPRs
[20:08:10] Predicting coding sequences
[20:08:10] Contigs total 2345 bp, so using meta mode
[20:08:10] Running: prodigal -i \/home\/tiago\/documentos\/github\/ARG\-Sentinel\/suberror\/plasmids_annot\/annot\/pSW732BN43\/pSW732BN43\.fna -c -m -g 11 -p meta -f sco -q
[20:08:10] Found 1 CDS
[20:08:10] Connecting features back to sequences
[20:08:10] Not using genus-specific database. Try --usegenus to enable it.
[20:08:10] Annotating CDS, please be patient.
[20:08:10] Will use 8 CPUs for similarity searching.
[20:08:10] There are still 1 unannotated CDS left (started with 1)
[20:08:10] Will use blast to search against /home/tiago/anaconda3/bin/../db/kingdom/Bacteria/sprot with 8 CPUs
[20:08:10] Running: cat \/home\/tiago\/documentos\/github\/ARG\-Sentinel\/suberror\/plasmids_annot\/annot\/pSW732BN43\/sprot\.faa | parallel --gnu --plain -j 8 --block 15 --recstart '>' --pipe blastp -query - -db /home/tiago/anaconda3/bin/../db/kingdom/Bacteria/sprot -evalue 1e-06 -num_threads 1 -num_descriptions 1 -num_alignments 1 -seg no > \/home\/tiago\/documentos\/github\/ARG\-Sentinel\/suberror\/plasmids_annot\/annot\/pSW732BN43\/sprot\.blast 2> /dev/null
[20:08:11] Deleting unwanted file: /home/tiago/documentos/github/ARG-Sentinel/suberror/plasmids_annot/annot/pSW732BN43/sprot.faa
[20:08:11] Deleting unwanted file: /home/tiago/documentos/github/ARG-Sentinel/suberror/plasmids_annot/annot/pSW732BN43/sprot.blast
[20:08:11] Found 1 unique /gene codes.
[20:08:11] Fixed 0 colliding /gene names.
[20:08:11] Adding /locus_tag identifiers
[20:08:11] Assigned 1 locus_tags to CDS and RNA features.
[20:08:11] Writing outputs to /home/tiago/documentos/github/ARG-Sentinel/suberror/plasmids_annot/annot/pSW732BN43/
[20:08:11] Generating annotation statistics file
[20:08:11] Generating Genbank and Sequin files
[20:08:11] Running: tbl2asn -V b -a r10k -l paired-ends -M n -N 1 -y 'Annotated using prokka 1.13 from https://github.com/tseemann/prokka' -Z \/home\/tiago\/documentos\/github\/ARG\-Sentinel\/suberror\/plasmids_annot\/annot\/pSW732BN43\/pSW732BN43\.err -i \/home\/tiago\/documentos\/github\/ARG\-Sentinel\/suberror\/plasmids_annot\/annot\/pSW732BN43\/pSW732BN43\.fsa 2> /dev/null
[20:08:11] Could not run command: tbl2asn -V b -a r10k -l paired-ends -M n -N 1 -y 'Annotated using prokka 1.13 from https://github.com/tseemann/prokka' -Z \/home\/tiago\/documentos\/github\/ARG\-Sentinel\/suberror\/plasmids_annot\/annot\/pSW732BN43\/pSW732BN43\.err -i \/home\/tiago\/documentos\/github\/ARG\-Sentinel\/suberror\/plasmids_annot\/annot\/pSW732BN43\/pSW732BN43\.fsa 2> /dev/null
