[20:07:45] This is prokka 1.13
[20:07:45] Written by Torsten Seemann <torsten.seemann@gmail.com>
[20:07:45] Homepage is https://github.com/tseemann/prokka
[20:07:45] Local time is Wed Jun 24 20:07:45 2020
[20:07:45] You are tiago
[20:07:45] Operating system is linux
[20:07:45] You have BioPerl 1.007002
[20:07:45] System has 12 cores.
[20:07:45] Will use maximum of 8 cores.
[20:07:45] Annotating as >>> Bacteria <<<
[20:07:45] Generating locus_tag from '/home/tiago/documentos/github/ARG-Sentinel/suberror/plasmids_annot/pKP508BN34.fasta' contents.
[20:07:45] Setting --locustag EENIKJPO from MD5 ee72439815f63a10b8ab256c41137c19
[20:07:45] Creating new output folder: /home/tiago/documentos/github/ARG-Sentinel/suberror/plasmids_annot/annot/pKP508BN34
[20:07:45] Running: mkdir -p \/home\/tiago\/documentos\/github\/ARG\-Sentinel\/suberror\/plasmids_annot\/annot\/pKP508BN34
[20:07:45] Using filename prefix: pKP508BN34.XXX
[20:07:45] Setting HMMER_NCPU=1
[20:07:45] Writing log to: /home/tiago/documentos/github/ARG-Sentinel/suberror/plasmids_annot/annot/pKP508BN34/pKP508BN34.log
[20:07:45] Command: /home/tiago/anaconda3/bin/prokka --outdir /home/tiago/documentos/github/ARG-Sentinel/suberror/plasmids_annot/annot/pKP508BN34 --prefix pKP508BN34 /home/tiago/documentos/github/ARG-Sentinel/suberror/plasmids_annot/pKP508BN34.fasta
[20:07:45] Appending to PATH: /home/tiago/anaconda3/bin
[20:07:45] Looking for 'aragorn' - found /home/tiago/anaconda3/bin/aragorn
[20:07:45] Determined aragorn version is 1.2
[20:07:45] Looking for 'barrnap' - found /home/tiago/anaconda3/bin/barrnap
[20:07:45] Determined barrnap version is 0.9
[20:07:45] Looking for 'blastp' - found /home/tiago/anaconda3/bin/blastp
[20:07:45] Determined blastp version is 2.9
[20:07:45] Looking for 'cmpress' - found /home/tiago/anaconda3/bin/cmpress
[20:07:45] Determined cmpress version is 1.1
[20:07:45] Looking for 'cmscan' - found /home/tiago/anaconda3/bin/cmscan
[20:07:45] Determined cmscan version is 1.1
[20:07:45] Looking for 'egrep' - found /usr/bin/egrep
[20:07:45] Looking for 'find' - found /usr/bin/find
[20:07:45] Looking for 'grep' - found /usr/bin/grep
[20:07:45] Looking for 'hmmpress' - found /home/tiago/anaconda3/bin/hmmpress
[20:07:45] Determined hmmpress version is 3.3
[20:07:45] Looking for 'hmmscan' - found /home/tiago/anaconda3/bin/hmmscan
[20:07:45] Determined hmmscan version is 3.3
[20:07:45] Looking for 'java' - found /home/tiago/anaconda3/bin/java
[20:07:45] Looking for 'less' - found /usr/bin/less
[20:07:45] Looking for 'makeblastdb' - found /home/tiago/anaconda3/bin/makeblastdb
[20:07:45] Determined makeblastdb version is 2.9
[20:07:45] Looking for 'minced' - found /home/tiago/anaconda3/bin/minced
[20:07:46] Determined minced version is 4.2
[20:07:46] Looking for 'parallel' - found /home/tiago/anaconda3/bin/parallel
[20:07:46] Determined parallel version is 20160622
[20:07:46] Looking for 'prodigal' - found /home/tiago/anaconda3/bin/prodigal
[20:07:46] Determined prodigal version is 2.6
[20:07:46] Looking for 'prokka-genbank_to_fasta_db' - found /home/tiago/anaconda3/bin/prokka-genbank_to_fasta_db
[20:07:46] Looking for 'sed' - found /usr/bin/sed
[20:07:46] Looking for 'tbl2asn' - found /home/tiago/anaconda3/bin/tbl2asn
[20:07:46] Determined tbl2asn version is 25.7
[20:07:46] Using genetic code table 11.
[20:07:46] Loading and checking input file: /home/tiago/documentos/github/ARG-Sentinel/suberror/plasmids_annot/pKP508BN34.fasta
[20:07:46] Wrote 1 contigs totalling 63067 bp.
[20:07:46] Predicting tRNAs and tmRNAs
[20:07:46] Running: aragorn -l -gc11  -w \/home\/tiago\/documentos\/github\/ARG\-Sentinel\/suberror\/plasmids_annot\/annot\/pKP508BN34\/pKP508BN34\.fna
[20:07:46] Found 0 tRNAs
[20:07:46] Predicting Ribosomal RNAs
[20:07:46] Running Barrnap with 8 threads
[20:07:46] Found 0 rRNAs
[20:07:46] Skipping ncRNA search, enable with --rfam if desired.
[20:07:46] Total of 0 tRNA + rRNA features
[20:07:46] Searching for CRISPR repeats
[20:07:46] Found 0 CRISPRs
[20:07:46] Predicting coding sequences
[20:07:46] Contigs total 63067 bp, so using meta mode
[20:07:46] Running: prodigal -i \/home\/tiago\/documentos\/github\/ARG\-Sentinel\/suberror\/plasmids_annot\/annot\/pKP508BN34\/pKP508BN34\.fna -c -m -g 11 -p meta -f sco -q
[20:07:48] Found 78 CDS
[20:07:48] Connecting features back to sequences
[20:07:48] Not using genus-specific database. Try --usegenus to enable it.
[20:07:48] Annotating CDS, please be patient.
[20:07:48] Will use 8 CPUs for similarity searching.
[20:07:48] There are still 78 unannotated CDS left (started with 78)
[20:07:48] Will use blast to search against /home/tiago/anaconda3/bin/../db/kingdom/Bacteria/sprot with 8 CPUs
[20:07:48] Running: cat \/home\/tiago\/documentos\/github\/ARG\-Sentinel\/suberror\/plasmids_annot\/annot\/pKP508BN34\/sprot\.faa | parallel --gnu --plain -j 8 --block 1154 --recstart '>' --pipe blastp -query - -db /home/tiago/anaconda3/bin/../db/kingdom/Bacteria/sprot -evalue 1e-06 -num_threads 1 -num_descriptions 1 -num_alignments 1 -seg no > \/home\/tiago\/documentos\/github\/ARG\-Sentinel\/suberror\/plasmids_annot\/annot\/pKP508BN34\/sprot\.blast 2> /dev/null
[20:07:50] Modify product: Uncharacterized protein YggR => putative protein YggR
[20:07:50] Modify product: UPF0758 protein CT0611 => hypothetical protein
[20:07:50] Modify product: Pentapeptide repeat protein VPA0095 => Pentapeptide repeat protein
[20:07:50] Cleaned 3 /product names
[20:07:50] Deleting unwanted file: /home/tiago/documentos/github/ARG-Sentinel/suberror/plasmids_annot/annot/pKP508BN34/sprot.faa
[20:07:50] Deleting unwanted file: /home/tiago/documentos/github/ARG-Sentinel/suberror/plasmids_annot/annot/pKP508BN34/sprot.blast
[20:07:50] There are still 59 unannotated CDS left (started with 78)
[20:07:50] Will use hmmer3 to search against /home/tiago/anaconda3/bin/../db/hmm/HAMAP.hmm with 8 CPUs
[20:07:50] Running: cat \/home\/tiago\/documentos\/github\/ARG\-Sentinel\/suberror\/plasmids_annot\/annot\/pKP508BN34\/HAMAP\.hmm\.faa | parallel --gnu --plain -j 8 --block 804 --recstart '>' --pipe hmmscan --noali --notextw --acc -E 1e-06 --cpu 1 /home/tiago/anaconda3/bin/../db/hmm/HAMAP.hmm /dev/stdin > \/home\/tiago\/documentos\/github\/ARG\-Sentinel\/suberror\/plasmids_annot\/annot\/pKP508BN34\/HAMAP\.hmm\.hmmer3 2> /dev/null
[20:07:51] Deleting unwanted file: /home/tiago/documentos/github/ARG-Sentinel/suberror/plasmids_annot/annot/pKP508BN34/HAMAP.hmm.faa
[20:07:51] Deleting unwanted file: /home/tiago/documentos/github/ARG-Sentinel/suberror/plasmids_annot/annot/pKP508BN34/HAMAP.hmm.hmmer3
[20:07:51] Labelling remaining 59 proteins as 'hypothetical protein'
[20:07:51] Found 16 unique /gene codes.
[20:07:51] Fixed 2 duplicate /gene - hin_1 hin_2
[20:07:51] Fixed 1 colliding /gene names.
[20:07:51] Adding /locus_tag identifiers
[20:07:51] Assigned 78 locus_tags to CDS and RNA features.
[20:07:51] Writing outputs to /home/tiago/documentos/github/ARG-Sentinel/suberror/plasmids_annot/annot/pKP508BN34/
[20:07:52] Generating annotation statistics file
[20:07:52] Generating Genbank and Sequin files
[20:07:52] Running: tbl2asn -V b -a r10k -l paired-ends -M n -N 1 -y 'Annotated using prokka 1.13 from https://github.com/tseemann/prokka' -Z \/home\/tiago\/documentos\/github\/ARG\-Sentinel\/suberror\/plasmids_annot\/annot\/pKP508BN34\/pKP508BN34\.err -i \/home\/tiago\/documentos\/github\/ARG\-Sentinel\/suberror\/plasmids_annot\/annot\/pKP508BN34\/pKP508BN34\.fsa 2> /dev/null
[20:07:52] Could not run command: tbl2asn -V b -a r10k -l paired-ends -M n -N 1 -y 'Annotated using prokka 1.13 from https://github.com/tseemann/prokka' -Z \/home\/tiago\/documentos\/github\/ARG\-Sentinel\/suberror\/plasmids_annot\/annot\/pKP508BN34\/pKP508BN34\.err -i \/home\/tiago\/documentos\/github\/ARG\-Sentinel\/suberror\/plasmids_annot\/annot\/pKP508BN34\/pKP508BN34\.fsa 2> /dev/null
