Discrepancy Report Results

Summary
FATAL: MISSING_PROTEIN_ID:10 proteins have invalid IDs.
DISC_SOURCE_QUALS_ASNDISC:strain (all present, all unique)
DISC_SOURCE_QUALS_ASNDISC:taxname (all present, all unique)
DISC_FEATURE_COUNT:CDS: 10 present
DISC_COUNT_NUCLEOTIDES:1 nucleotide Bioseqs are present
FEATURE_LOCATION_CONFLICT:10 features have inconsistent gene locations.
SUSPECT_PRODUCT_NAMES:1 product_names contain suspect phrase or characters
	May contain database identifier more appropriate in note; remove from product name
		1 features contains three or more numbers together that may be identifiers more appropriate in note
DISC_QUALITY_SCORES:Quality scores are missing on all sequences.
ONCALLER_COMMENT_PRESENT:1 comment descriptors were found (all same)
MISSING_GENOMEASSEMBLY_COMMENTS:1 bioseqs are missing GenomeAssembly structured comments
MOLTYPE_NOT_MRNA:1 molecule types are not set as mRNA.
TECHNIQUE_NOT_TSA:1 technique are not set as TSA
MISSING_STRUCTURED_COMMENT:1 sequences do not include structured comments.
MISSING_PROJECT:11 sequences do not include project.
DISC_INCONSISTENT_MOLINFO_TECH:Molinfo Technique Report (some missing, all same)
SEQ_ID_PHRASES:Sequence Ids contain unacceptable phrases (cov_, length, node, paired, or trimmed)


Detailed Report

FATAL: DiscRep_ALL:MISSING_PROTEIN_ID::10 proteins have invalid IDs.
/home/tiago/documentos/github/ARG-Sentinel/suberror/plasmids_annot/annot/pSW732BN27/pSW732BN27:NODE_27_length_10506_cov_41.427597_1 (length 281)
/home/tiago/documentos/github/ARG-Sentinel/suberror/plasmids_annot/annot/pSW732BN27/pSW732BN27:NODE_27_length_10506_cov_41.427597_2 (length 585)
/home/tiago/documentos/github/ARG-Sentinel/suberror/plasmids_annot/annot/pSW732BN27/pSW732BN27:NODE_27_length_10506_cov_41.427597_3 (length 126)
/home/tiago/documentos/github/ARG-Sentinel/suberror/plasmids_annot/annot/pSW732BN27/pSW732BN27:NODE_27_length_10506_cov_41.427597_4 (length 192)
/home/tiago/documentos/github/ARG-Sentinel/suberror/plasmids_annot/annot/pSW732BN27/pSW732BN27:NODE_27_length_10506_cov_41.427597_5 (length 202)
/home/tiago/documentos/github/ARG-Sentinel/suberror/plasmids_annot/annot/pSW732BN27/pSW732BN27:NODE_27_length_10506_cov_41.427597_6 (length 440)
/home/tiago/documentos/github/ARG-Sentinel/suberror/plasmids_annot/annot/pSW732BN27/pSW732BN27:NODE_27_length_10506_cov_41.427597_7 (length 50)
/home/tiago/documentos/github/ARG-Sentinel/suberror/plasmids_annot/annot/pSW732BN27/pSW732BN27:NODE_27_length_10506_cov_41.427597_8 (length 228)
/home/tiago/documentos/github/ARG-Sentinel/suberror/plasmids_annot/annot/pSW732BN27/pSW732BN27:NODE_27_length_10506_cov_41.427597_9 (length 255)
/home/tiago/documentos/github/ARG-Sentinel/suberror/plasmids_annot/annot/pSW732BN27/pSW732BN27:NODE_27_length_10506_cov_41.427597_10 (length 311)

DiscRep_ALL:DISC_SOURCE_QUALS_ASNDISC::strain (all present, all unique)
DiscRep_SUB:DISC_SOURCE_QUALS_ASNDISC::1 sources have unique values for strain
DiscRep_ALL:DISC_SOURCE_QUALS_ASNDISC::taxname (all present, all unique)
DiscRep_SUB:DISC_SOURCE_QUALS_ASNDISC::1 sources have unique values for taxname
DiscRep_ALL:DISC_FEATURE_COUNT::CDS: 10 present
DiscRep_ALL:DISC_COUNT_NUCLEOTIDES::1 nucleotide Bioseqs are present
/home/tiago/documentos/github/ARG-Sentinel/suberror/plasmids_annot/annot/pSW732BN27/pSW732BN27:NODE_27_length_10506_cov_41.427597 (length 10506)

DiscRep_ALL:FEATURE_LOCATION_CONFLICT::10 features have inconsistent gene locations.
DiscRep_SUB:FEATURE_LOCATION_CONFLICT::Coding region xref gene does not exist
/home/tiago/documentos/github/ARG-Sentinel/suberror/plasmids_annot/annot/pSW732BN27/pSW732BN27:CDS	Beta-lactamase	NODE_27_length_10506_cov_41.427597:c1260-415	LLCPLGJP_00001

DiscRep_SUB:FEATURE_LOCATION_CONFLICT::Coding region xref gene does not exist
/home/tiago/documentos/github/ARG-Sentinel/suberror/plasmids_annot/annot/pSW732BN27/pSW732BN27:CDS	Regulatory protein BlaR1	NODE_27_length_10506_cov_41.427597:1367-3124	LLCPLGJP_00002

DiscRep_SUB:FEATURE_LOCATION_CONFLICT::Coding region xref gene does not exist
/home/tiago/documentos/github/ARG-Sentinel/suberror/plasmids_annot/annot/pSW732BN27/pSW732BN27:CDS	Penicillinase repressor	NODE_27_length_10506_cov_41.427597:3114-3494	LLCPLGJP_00003

DiscRep_SUB:FEATURE_LOCATION_CONFLICT::Coding region xref gene does not exist
/home/tiago/documentos/github/ARG-Sentinel/suberror/plasmids_annot/annot/pSW732BN27/pSW732BN27:CDS	DNA-invertase hin	NODE_27_length_10506_cov_41.427597:3758-4336	LLCPLGJP_00004

DiscRep_SUB:FEATURE_LOCATION_CONFLICT::Coding region xref gene does not exist
/home/tiago/documentos/github/ARG-Sentinel/suberror/plasmids_annot/annot/pSW732BN27/pSW732BN27:CDS	Putative transposon Tn552 DNA-invertase bin3	NODE_27_length_10506_cov_41.427597:4467-5075	LLCPLGJP_00005

DiscRep_SUB:FEATURE_LOCATION_CONFLICT::Coding region xref gene does not exist
/home/tiago/documentos/github/ARG-Sentinel/suberror/plasmids_annot/annot/pSW732BN27/pSW732BN27:CDS	Divalent metal cation transporter MntH	NODE_27_length_10506_cov_41.427597:c6682-5360	LLCPLGJP_00006

DiscRep_SUB:FEATURE_LOCATION_CONFLICT::Coding region xref gene does not exist
/home/tiago/documentos/github/ARG-Sentinel/suberror/plasmids_annot/annot/pSW732BN27/pSW732BN27:CDS	hypothetical protein	NODE_27_length_10506_cov_41.427597:c6943-6791	LLCPLGJP_00007

DiscRep_SUB:FEATURE_LOCATION_CONFLICT::Coding region xref gene does not exist
/home/tiago/documentos/github/ARG-Sentinel/suberror/plasmids_annot/annot/pSW732BN27/pSW732BN27:CDS	hypothetical protein	NODE_27_length_10506_cov_41.427597:c7908-7222	LLCPLGJP_00008

DiscRep_SUB:FEATURE_LOCATION_CONFLICT::Coding region xref gene does not exist
/home/tiago/documentos/github/ARG-Sentinel/suberror/plasmids_annot/annot/pSW732BN27/pSW732BN27:CDS	Chromosome-anchoring protein RacA	NODE_27_length_10506_cov_41.427597:c8898-8131	LLCPLGJP_00009

DiscRep_SUB:FEATURE_LOCATION_CONFLICT::Coding region xref gene does not exist
/home/tiago/documentos/github/ARG-Sentinel/suberror/plasmids_annot/annot/pSW732BN27/pSW732BN27:CDS	hypothetical protein	NODE_27_length_10506_cov_41.427597:9339-10274	LLCPLGJP_00010

DiscRep_ALL:SUSPECT_PRODUCT_NAMES::1 product_names contain suspect phrase or characters
DiscRep_SUB:SUSPECT_PRODUCT_NAMES::May contain database identifier more appropriate in note; remove from product name
DiscRep_SUB:SUSPECT_PRODUCT_NAMES::1 features contains three or more numbers together that may be identifiers more appropriate in note
/home/tiago/documentos/github/ARG-Sentinel/suberror/plasmids_annot/annot/pSW732BN27/pSW732BN27:CDS	Putative transposon Tn552 DNA-invertase bin3	NODE_27_length_10506_cov_41.427597:4467-5075	LLCPLGJP_00005

DiscRep_ALL:DISC_QUALITY_SCORES::Quality scores are missing on all sequences.

DiscRep_ALL:ONCALLER_COMMENT_PRESENT::1 comment descriptors were found (all same)
/home/tiago/documentos/github/ARG-Sentinel/suberror/plasmids_annot/annot/pSW732BN27/pSW732BN27:NODE_27_length_10506_cov_41.427597:Annotated using prokka 1.13 from https://github.com/tseemann/prokka

DiscRep_ALL:MISSING_GENOMEASSEMBLY_COMMENTS::1 bioseqs are missing GenomeAssembly structured comments
/home/tiago/documentos/github/ARG-Sentinel/suberror/plasmids_annot/annot/pSW732BN27/pSW732BN27:NODE_27_length_10506_cov_41.427597 (length 10506)

DiscRep_ALL:MOLTYPE_NOT_MRNA::1 molecule types are not set as mRNA.
/home/tiago/documentos/github/ARG-Sentinel/suberror/plasmids_annot/annot/pSW732BN27/pSW732BN27:NODE_27_length_10506_cov_41.427597 (length 10506)

DiscRep_ALL:TECHNIQUE_NOT_TSA::1 technique are not set as TSA
/home/tiago/documentos/github/ARG-Sentinel/suberror/plasmids_annot/annot/pSW732BN27/pSW732BN27:NODE_27_length_10506_cov_41.427597 (length 10506)

DiscRep_ALL:MISSING_STRUCTURED_COMMENT::1 sequences do not include structured comments.
/home/tiago/documentos/github/ARG-Sentinel/suberror/plasmids_annot/annot/pSW732BN27/pSW732BN27:NODE_27_length_10506_cov_41.427597 (length 10506)

DiscRep_ALL:MISSING_PROJECT::11 sequences do not include project.
/home/tiago/documentos/github/ARG-Sentinel/suberror/plasmids_annot/annot/pSW732BN27/pSW732BN27:NODE_27_length_10506_cov_41.427597 (length 10506)
/home/tiago/documentos/github/ARG-Sentinel/suberror/plasmids_annot/annot/pSW732BN27/pSW732BN27:NODE_27_length_10506_cov_41.427597_1 (length 281)
/home/tiago/documentos/github/ARG-Sentinel/suberror/plasmids_annot/annot/pSW732BN27/pSW732BN27:NODE_27_length_10506_cov_41.427597_2 (length 585)
/home/tiago/documentos/github/ARG-Sentinel/suberror/plasmids_annot/annot/pSW732BN27/pSW732BN27:NODE_27_length_10506_cov_41.427597_3 (length 126)
/home/tiago/documentos/github/ARG-Sentinel/suberror/plasmids_annot/annot/pSW732BN27/pSW732BN27:NODE_27_length_10506_cov_41.427597_4 (length 192)
/home/tiago/documentos/github/ARG-Sentinel/suberror/plasmids_annot/annot/pSW732BN27/pSW732BN27:NODE_27_length_10506_cov_41.427597_5 (length 202)
/home/tiago/documentos/github/ARG-Sentinel/suberror/plasmids_annot/annot/pSW732BN27/pSW732BN27:NODE_27_length_10506_cov_41.427597_6 (length 440)
/home/tiago/documentos/github/ARG-Sentinel/suberror/plasmids_annot/annot/pSW732BN27/pSW732BN27:NODE_27_length_10506_cov_41.427597_7 (length 50)
/home/tiago/documentos/github/ARG-Sentinel/suberror/plasmids_annot/annot/pSW732BN27/pSW732BN27:NODE_27_length_10506_cov_41.427597_8 (length 228)
/home/tiago/documentos/github/ARG-Sentinel/suberror/plasmids_annot/annot/pSW732BN27/pSW732BN27:NODE_27_length_10506_cov_41.427597_9 (length 255)
/home/tiago/documentos/github/ARG-Sentinel/suberror/plasmids_annot/annot/pSW732BN27/pSW732BN27:NODE_27_length_10506_cov_41.427597_10 (length 311)

DiscRep_ALL:DISC_INCONSISTENT_MOLINFO_TECH::Molinfo Technique Report (some missing, all same)
DiscRep_SUB:DISC_INCONSISTENT_MOLINFO_TECH::technique (all missing)
DiscRep_SUB:DISC_INCONSISTENT_MOLINFO_TECH::1 Molinfos are missing field technique
/home/tiago/documentos/github/ARG-Sentinel/suberror/plasmids_annot/annot/pSW732BN27/pSW732BN27:NODE_27_length_10506_cov_41.427597 (length 10506)

DiscRep_ALL:SEQ_ID_PHRASES::Sequence Ids contain unacceptable phrases (cov_, length, node, paired, or trimmed)

