[20:08:06] This is prokka 1.13
[20:08:06] Written by Torsten Seemann <torsten.seemann@gmail.com>
[20:08:06] Homepage is https://github.com/tseemann/prokka
[20:08:06] Local time is Wed Jun 24 20:08:06 2020
[20:08:06] You are tiago
[20:08:06] Operating system is linux
[20:08:06] You have BioPerl 1.007002
[20:08:06] System has 12 cores.
[20:08:06] Will use maximum of 8 cores.
[20:08:06] Annotating as >>> Bacteria <<<
[20:08:06] Generating locus_tag from '/home/tiago/documentos/github/ARG-Sentinel/suberror/plasmids_annot/pSW732BN27.fasta' contents.
[20:08:06] Setting --locustag LLCPLGJP from MD5 55c95039a4f3b75a902042bed2470ccd
[20:08:06] Creating new output folder: /home/tiago/documentos/github/ARG-Sentinel/suberror/plasmids_annot/annot/pSW732BN27
[20:08:06] Running: mkdir -p \/home\/tiago\/documentos\/github\/ARG\-Sentinel\/suberror\/plasmids_annot\/annot\/pSW732BN27
[20:08:06] Using filename prefix: pSW732BN27.XXX
[20:08:06] Setting HMMER_NCPU=1
[20:08:06] Writing log to: /home/tiago/documentos/github/ARG-Sentinel/suberror/plasmids_annot/annot/pSW732BN27/pSW732BN27.log
[20:08:06] Command: /home/tiago/anaconda3/bin/prokka --outdir /home/tiago/documentos/github/ARG-Sentinel/suberror/plasmids_annot/annot/pSW732BN27 --prefix pSW732BN27 /home/tiago/documentos/github/ARG-Sentinel/suberror/plasmids_annot/pSW732BN27.fasta
[20:08:06] Appending to PATH: /home/tiago/anaconda3/bin
[20:08:06] Looking for 'aragorn' - found /home/tiago/anaconda3/bin/aragorn
[20:08:06] Determined aragorn version is 1.2
[20:08:06] Looking for 'barrnap' - found /home/tiago/anaconda3/bin/barrnap
[20:08:06] Determined barrnap version is 0.9
[20:08:06] Looking for 'blastp' - found /home/tiago/anaconda3/bin/blastp
[20:08:06] Determined blastp version is 2.9
[20:08:06] Looking for 'cmpress' - found /home/tiago/anaconda3/bin/cmpress
[20:08:06] Determined cmpress version is 1.1
[20:08:06] Looking for 'cmscan' - found /home/tiago/anaconda3/bin/cmscan
[20:08:06] Determined cmscan version is 1.1
[20:08:06] Looking for 'egrep' - found /usr/bin/egrep
[20:08:06] Looking for 'find' - found /usr/bin/find
[20:08:06] Looking for 'grep' - found /usr/bin/grep
[20:08:06] Looking for 'hmmpress' - found /home/tiago/anaconda3/bin/hmmpress
[20:08:06] Determined hmmpress version is 3.3
[20:08:06] Looking for 'hmmscan' - found /home/tiago/anaconda3/bin/hmmscan
[20:08:06] Determined hmmscan version is 3.3
[20:08:06] Looking for 'java' - found /home/tiago/anaconda3/bin/java
[20:08:06] Looking for 'less' - found /usr/bin/less
[20:08:06] Looking for 'makeblastdb' - found /home/tiago/anaconda3/bin/makeblastdb
[20:08:07] Determined makeblastdb version is 2.9
[20:08:07] Looking for 'minced' - found /home/tiago/anaconda3/bin/minced
[20:08:07] Determined minced version is 4.2
[20:08:07] Looking for 'parallel' - found /home/tiago/anaconda3/bin/parallel
[20:08:07] Determined parallel version is 20160622
[20:08:07] Looking for 'prodigal' - found /home/tiago/anaconda3/bin/prodigal
[20:08:07] Determined prodigal version is 2.6
[20:08:07] Looking for 'prokka-genbank_to_fasta_db' - found /home/tiago/anaconda3/bin/prokka-genbank_to_fasta_db
[20:08:07] Looking for 'sed' - found /usr/bin/sed
[20:08:07] Looking for 'tbl2asn' - found /home/tiago/anaconda3/bin/tbl2asn
[20:08:07] Determined tbl2asn version is 25.7
[20:08:07] Using genetic code table 11.
[20:08:07] Loading and checking input file: /home/tiago/documentos/github/ARG-Sentinel/suberror/plasmids_annot/pSW732BN27.fasta
[20:08:07] Wrote 1 contigs totalling 10506 bp.
[20:08:07] Predicting tRNAs and tmRNAs
[20:08:07] Running: aragorn -l -gc11  -w \/home\/tiago\/documentos\/github\/ARG\-Sentinel\/suberror\/plasmids_annot\/annot\/pSW732BN27\/pSW732BN27\.fna
[20:08:07] Found 0 tRNAs
[20:08:07] Predicting Ribosomal RNAs
[20:08:07] Running Barrnap with 8 threads
[20:08:07] Found 0 rRNAs
[20:08:07] Skipping ncRNA search, enable with --rfam if desired.
[20:08:07] Total of 0 tRNA + rRNA features
[20:08:07] Searching for CRISPR repeats
[20:08:07] Found 0 CRISPRs
[20:08:07] Predicting coding sequences
[20:08:07] Contigs total 10506 bp, so using meta mode
[20:08:07] Running: prodigal -i \/home\/tiago\/documentos\/github\/ARG\-Sentinel\/suberror\/plasmids_annot\/annot\/pSW732BN27\/pSW732BN27\.fna -c -m -g 11 -p meta -f sco -q
[20:08:07] Found 10 CDS
[20:08:07] Connecting features back to sequences
[20:08:07] Not using genus-specific database. Try --usegenus to enable it.
[20:08:07] Annotating CDS, please be patient.
[20:08:07] Will use 8 CPUs for similarity searching.
[20:08:07] There are still 10 unannotated CDS left (started with 10)
[20:08:07] Will use blast to search against /home/tiago/anaconda3/bin/../db/kingdom/Bacteria/sprot with 8 CPUs
[20:08:07] Running: cat \/home\/tiago\/documentos\/github\/ARG\-Sentinel\/suberror\/plasmids_annot\/annot\/pSW732BN27\/sprot\.faa | parallel --gnu --plain -j 8 --block 169 --recstart '>' --pipe blastp -query - -db /home/tiago/anaconda3/bin/../db/kingdom/Bacteria/sprot -evalue 1e-06 -num_threads 1 -num_descriptions 1 -num_alignments 1 -seg no > \/home\/tiago\/documentos\/github\/ARG\-Sentinel\/suberror\/plasmids_annot\/annot\/pSW732BN27\/sprot\.blast 2> /dev/null
[20:08:08] Deleting unwanted file: /home/tiago/documentos/github/ARG-Sentinel/suberror/plasmids_annot/annot/pSW732BN27/sprot.faa
[20:08:08] Deleting unwanted file: /home/tiago/documentos/github/ARG-Sentinel/suberror/plasmids_annot/annot/pSW732BN27/sprot.blast
[20:08:08] There are still 4 unannotated CDS left (started with 10)
[20:08:08] Will use hmmer3 to search against /home/tiago/anaconda3/bin/../db/hmm/HAMAP.hmm with 8 CPUs
[20:08:08] Running: cat \/home\/tiago\/documentos\/github\/ARG\-Sentinel\/suberror\/plasmids_annot\/annot\/pSW732BN27\/HAMAP\.hmm\.faa | parallel --gnu --plain -j 8 --block 53 --recstart '>' --pipe hmmscan --noali --notextw --acc -E 1e-06 --cpu 1 /home/tiago/anaconda3/bin/../db/hmm/HAMAP.hmm /dev/stdin > \/home\/tiago\/documentos\/github\/ARG\-Sentinel\/suberror\/plasmids_annot\/annot\/pSW732BN27\/HAMAP\.hmm\.hmmer3 2> /dev/null
[20:08:09] Deleting unwanted file: /home/tiago/documentos/github/ARG-Sentinel/suberror/plasmids_annot/annot/pSW732BN27/HAMAP.hmm.faa
[20:08:09] Deleting unwanted file: /home/tiago/documentos/github/ARG-Sentinel/suberror/plasmids_annot/annot/pSW732BN27/HAMAP.hmm.hmmer3
[20:08:09] Labelling remaining 3 proteins as 'hypothetical protein'
[20:08:09] Found 7 unique /gene codes.
[20:08:09] Fixed 0 colliding /gene names.
[20:08:09] Adding /locus_tag identifiers
[20:08:09] Assigned 10 locus_tags to CDS and RNA features.
[20:08:09] Writing outputs to /home/tiago/documentos/github/ARG-Sentinel/suberror/plasmids_annot/annot/pSW732BN27/
[20:08:09] Generating annotation statistics file
[20:08:09] Generating Genbank and Sequin files
[20:08:09] Running: tbl2asn -V b -a r10k -l paired-ends -M n -N 1 -y 'Annotated using prokka 1.13 from https://github.com/tseemann/prokka' -Z \/home\/tiago\/documentos\/github\/ARG\-Sentinel\/suberror\/plasmids_annot\/annot\/pSW732BN27\/pSW732BN27\.err -i \/home\/tiago\/documentos\/github\/ARG\-Sentinel\/suberror\/plasmids_annot\/annot\/pSW732BN27\/pSW732BN27\.fsa 2> /dev/null
[20:08:09] Could not run command: tbl2asn -V b -a r10k -l paired-ends -M n -N 1 -y 'Annotated using prokka 1.13 from https://github.com/tseemann/prokka' -Z \/home\/tiago\/documentos\/github\/ARG\-Sentinel\/suberror\/plasmids_annot\/annot\/pSW732BN27\/pSW732BN27\.err -i \/home\/tiago\/documentos\/github\/ARG\-Sentinel\/suberror\/plasmids_annot\/annot\/pSW732BN27\/pSW732BN27\.fsa 2> /dev/null
