Discrepancy Report Results

Summary
FATAL: MISSING_PROTEIN_ID:28 proteins have invalid IDs.
DISC_SOURCE_QUALS_ASNDISC:strain (all present, all unique)
DISC_SOURCE_QUALS_ASNDISC:taxname (all present, all unique)
DISC_FEATURE_COUNT:CDS: 28 present
DISC_COUNT_NUCLEOTIDES:1 nucleotide Bioseqs are present
FEATURE_LOCATION_CONFLICT:28 features have inconsistent gene locations.
SUSPECT_PRODUCT_NAMES:1 product_names contain suspect phrase or characters
	May contain database identifier more appropriate in note; remove from product name
		1 features contains three or more numbers together that may be identifiers more appropriate in note
DISC_QUALITY_SCORES:Quality scores are missing on all sequences.
ONCALLER_COMMENT_PRESENT:1 comment descriptors were found (all same)
SHORT_PROT_SEQUENCES:5 protein sequences are shorter than 50 aa.
MISSING_GENOMEASSEMBLY_COMMENTS:1 bioseqs are missing GenomeAssembly structured comments
MOLTYPE_NOT_MRNA:1 molecule types are not set as mRNA.
TECHNIQUE_NOT_TSA:1 technique are not set as TSA
MISSING_STRUCTURED_COMMENT:1 sequences do not include structured comments.
MISSING_PROJECT:29 sequences do not include project.
DISC_INCONSISTENT_MOLINFO_TECH:Molinfo Technique Report (some missing, all same)
SEQ_ID_PHRASES:Sequence Ids contain unacceptable phrases (cov_, length, node, paired, or trimmed)


Detailed Report

FATAL: DiscRep_ALL:MISSING_PROTEIN_ID::28 proteins have invalid IDs.
/home/tiago/documentos/github/ARG-Sentinel/suberror/plasmids_annot/annot/pSW579AN18/pSW579AN18:NODE_18_length_24824_cov_61.573873_1 (length 75)
/home/tiago/documentos/github/ARG-Sentinel/suberror/plasmids_annot/annot/pSW579AN18/pSW579AN18:NODE_18_length_24824_cov_61.573873_2 (length 40)
/home/tiago/documentos/github/ARG-Sentinel/suberror/plasmids_annot/annot/pSW579AN18/pSW579AN18:NODE_18_length_24824_cov_61.573873_3 (length 59)
/home/tiago/documentos/github/ARG-Sentinel/suberror/plasmids_annot/annot/pSW579AN18/pSW579AN18:NODE_18_length_24824_cov_61.573873_4 (length 120)
/home/tiago/documentos/github/ARG-Sentinel/suberror/plasmids_annot/annot/pSW579AN18/pSW579AN18:NODE_18_length_24824_cov_61.573873_5 (length 228)
/home/tiago/documentos/github/ARG-Sentinel/suberror/plasmids_annot/annot/pSW579AN18/pSW579AN18:NODE_18_length_24824_cov_61.573873_6 (length 44)
/home/tiago/documentos/github/ARG-Sentinel/suberror/plasmids_annot/annot/pSW579AN18/pSW579AN18:NODE_18_length_24824_cov_61.573873_7 (length 36)
/home/tiago/documentos/github/ARG-Sentinel/suberror/plasmids_annot/annot/pSW579AN18/pSW579AN18:NODE_18_length_24824_cov_61.573873_8 (length 498)
/home/tiago/documentos/github/ARG-Sentinel/suberror/plasmids_annot/annot/pSW579AN18/pSW579AN18:NODE_18_length_24824_cov_61.573873_9 (length 112)
/home/tiago/documentos/github/ARG-Sentinel/suberror/plasmids_annot/annot/pSW579AN18/pSW579AN18:NODE_18_length_24824_cov_61.573873_10 (length 211)
/home/tiago/documentos/github/ARG-Sentinel/suberror/plasmids_annot/annot/pSW579AN18/pSW579AN18:NODE_18_length_24824_cov_61.573873_11 (length 172)
/home/tiago/documentos/github/ARG-Sentinel/suberror/plasmids_annot/annot/pSW579AN18/pSW579AN18:NODE_18_length_24824_cov_61.573873_12 (length 44)
/home/tiago/documentos/github/ARG-Sentinel/suberror/plasmids_annot/annot/pSW579AN18/pSW579AN18:NODE_18_length_24824_cov_61.573873_13 (length 36)
/home/tiago/documentos/github/ARG-Sentinel/suberror/plasmids_annot/annot/pSW579AN18/pSW579AN18:NODE_18_length_24824_cov_61.573873_14 (length 311)
/home/tiago/documentos/github/ARG-Sentinel/suberror/plasmids_annot/annot/pSW579AN18/pSW579AN18:NODE_18_length_24824_cov_61.573873_15 (length 255)
/home/tiago/documentos/github/ARG-Sentinel/suberror/plasmids_annot/annot/pSW579AN18/pSW579AN18:NODE_18_length_24824_cov_61.573873_16 (length 228)
/home/tiago/documentos/github/ARG-Sentinel/suberror/plasmids_annot/annot/pSW579AN18/pSW579AN18:NODE_18_length_24824_cov_61.573873_17 (length 50)
/home/tiago/documentos/github/ARG-Sentinel/suberror/plasmids_annot/annot/pSW579AN18/pSW579AN18:NODE_18_length_24824_cov_61.573873_18 (length 440)
/home/tiago/documentos/github/ARG-Sentinel/suberror/plasmids_annot/annot/pSW579AN18/pSW579AN18:NODE_18_length_24824_cov_61.573873_19 (length 202)
/home/tiago/documentos/github/ARG-Sentinel/suberror/plasmids_annot/annot/pSW579AN18/pSW579AN18:NODE_18_length_24824_cov_61.573873_20 (length 192)
/home/tiago/documentos/github/ARG-Sentinel/suberror/plasmids_annot/annot/pSW579AN18/pSW579AN18:NODE_18_length_24824_cov_61.573873_21 (length 126)
/home/tiago/documentos/github/ARG-Sentinel/suberror/plasmids_annot/annot/pSW579AN18/pSW579AN18:NODE_18_length_24824_cov_61.573873_22 (length 585)
/home/tiago/documentos/github/ARG-Sentinel/suberror/plasmids_annot/annot/pSW579AN18/pSW579AN18:NODE_18_length_24824_cov_61.573873_23 (length 281)
/home/tiago/documentos/github/ARG-Sentinel/suberror/plasmids_annot/annot/pSW579AN18/pSW579AN18:NODE_18_length_24824_cov_61.573873_24 (length 182)
/home/tiago/documentos/github/ARG-Sentinel/suberror/plasmids_annot/annot/pSW579AN18/pSW579AN18:NODE_18_length_24824_cov_61.573873_25 (length 115)
/home/tiago/documentos/github/ARG-Sentinel/suberror/plasmids_annot/annot/pSW579AN18/pSW579AN18:NODE_18_length_24824_cov_61.573873_26 (length 205)
/home/tiago/documentos/github/ARG-Sentinel/suberror/plasmids_annot/annot/pSW579AN18/pSW579AN18:NODE_18_length_24824_cov_61.573873_27 (length 60)
/home/tiago/documentos/github/ARG-Sentinel/suberror/plasmids_annot/annot/pSW579AN18/pSW579AN18:NODE_18_length_24824_cov_61.573873_28 (length 94)

DiscRep_ALL:DISC_SOURCE_QUALS_ASNDISC::strain (all present, all unique)
DiscRep_SUB:DISC_SOURCE_QUALS_ASNDISC::1 sources have unique values for strain
DiscRep_ALL:DISC_SOURCE_QUALS_ASNDISC::taxname (all present, all unique)
DiscRep_SUB:DISC_SOURCE_QUALS_ASNDISC::1 sources have unique values for taxname
DiscRep_ALL:DISC_FEATURE_COUNT::CDS: 28 present
DiscRep_ALL:DISC_COUNT_NUCLEOTIDES::1 nucleotide Bioseqs are present
/home/tiago/documentos/github/ARG-Sentinel/suberror/plasmids_annot/annot/pSW579AN18/pSW579AN18:NODE_18_length_24824_cov_61.573873 (length 24824)

DiscRep_ALL:FEATURE_LOCATION_CONFLICT::28 features have inconsistent gene locations.
DiscRep_SUB:FEATURE_LOCATION_CONFLICT::Coding region xref gene does not exist
/home/tiago/documentos/github/ARG-Sentinel/suberror/plasmids_annot/annot/pSW579AN18/pSW579AN18:CDS	hypothetical protein	NODE_18_length_24824_cov_61.573873:c438-211	NLAABJDB_00001

DiscRep_SUB:FEATURE_LOCATION_CONFLICT::Coding region xref gene does not exist
/home/tiago/documentos/github/ARG-Sentinel/suberror/plasmids_annot/annot/pSW579AN18/pSW579AN18:CDS	hypothetical protein	NODE_18_length_24824_cov_61.573873:c567-445	NLAABJDB_00002

DiscRep_SUB:FEATURE_LOCATION_CONFLICT::Coding region xref gene does not exist
/home/tiago/documentos/github/ARG-Sentinel/suberror/plasmids_annot/annot/pSW579AN18/pSW579AN18:CDS	hypothetical protein	NODE_18_length_24824_cov_61.573873:c1243-1064	NLAABJDB_00003

DiscRep_SUB:FEATURE_LOCATION_CONFLICT::Coding region xref gene does not exist
/home/tiago/documentos/github/ARG-Sentinel/suberror/plasmids_annot/annot/pSW579AN18/pSW579AN18:CDS	hypothetical protein	NODE_18_length_24824_cov_61.573873:c2157-1795	NLAABJDB_00004

DiscRep_SUB:FEATURE_LOCATION_CONFLICT::Coding region xref gene does not exist
/home/tiago/documentos/github/ARG-Sentinel/suberror/plasmids_annot/annot/pSW579AN18/pSW579AN18:CDS	hypothetical protein	NODE_18_length_24824_cov_61.573873:2280-2966	NLAABJDB_00005

DiscRep_SUB:FEATURE_LOCATION_CONFLICT::Coding region xref gene does not exist
/home/tiago/documentos/github/ARG-Sentinel/suberror/plasmids_annot/annot/pSW579AN18/pSW579AN18:CDS	Hemolysin H1C	NODE_18_length_24824_cov_61.573873:c3369-3235	NLAABJDB_00006

DiscRep_SUB:FEATURE_LOCATION_CONFLICT::Coding region xref gene does not exist
/home/tiago/documentos/github/ARG-Sentinel/suberror/plasmids_annot/annot/pSW579AN18/pSW579AN18:CDS	hypothetical protein	NODE_18_length_24824_cov_61.573873:c3711-3601	NLAABJDB_00007

DiscRep_SUB:FEATURE_LOCATION_CONFLICT::Coding region xref gene does not exist
/home/tiago/documentos/github/ARG-Sentinel/suberror/plasmids_annot/annot/pSW579AN18/pSW579AN18:CDS	putative malate:quinone oxidoreductase 2	NODE_18_length_24824_cov_61.573873:c5217-3721	NLAABJDB_00008

DiscRep_SUB:FEATURE_LOCATION_CONFLICT::Coding region xref gene does not exist
/home/tiago/documentos/github/ARG-Sentinel/suberror/plasmids_annot/annot/pSW579AN18/pSW579AN18:CDS	HTH-type transcriptional activator HxlR	NODE_18_length_24824_cov_61.573873:c5774-5436	NLAABJDB_00009

DiscRep_SUB:FEATURE_LOCATION_CONFLICT::Coding region xref gene does not exist
/home/tiago/documentos/github/ARG-Sentinel/suberror/plasmids_annot/annot/pSW579AN18/pSW579AN18:CDS	3-hexulose-6-phosphate synthase	NODE_18_length_24824_cov_61.573873:5877-6512	NLAABJDB_00010

DiscRep_SUB:FEATURE_LOCATION_CONFLICT::Coding region xref gene does not exist
/home/tiago/documentos/github/ARG-Sentinel/suberror/plasmids_annot/annot/pSW579AN18/pSW579AN18:CDS	hypothetical protein	NODE_18_length_24824_cov_61.573873:6601-7119	NLAABJDB_00011

DiscRep_SUB:FEATURE_LOCATION_CONFLICT::Coding region xref gene does not exist
/home/tiago/documentos/github/ARG-Sentinel/suberror/plasmids_annot/annot/pSW579AN18/pSW579AN18:CDS	hypothetical protein	NODE_18_length_24824_cov_61.573873:7883-8017	NLAABJDB_00012

DiscRep_SUB:FEATURE_LOCATION_CONFLICT::Coding region xref gene does not exist
/home/tiago/documentos/github/ARG-Sentinel/suberror/plasmids_annot/annot/pSW579AN18/pSW579AN18:CDS	hypothetical protein	NODE_18_length_24824_cov_61.573873:c9107-8997	NLAABJDB_00013

DiscRep_SUB:FEATURE_LOCATION_CONFLICT::Coding region xref gene does not exist
/home/tiago/documentos/github/ARG-Sentinel/suberror/plasmids_annot/annot/pSW579AN18/pSW579AN18:CDS	hypothetical protein	NODE_18_length_24824_cov_61.573873:c10239-9304	NLAABJDB_00014

DiscRep_SUB:FEATURE_LOCATION_CONFLICT::Coding region xref gene does not exist
/home/tiago/documentos/github/ARG-Sentinel/suberror/plasmids_annot/annot/pSW579AN18/pSW579AN18:CDS	Chromosome-anchoring protein RacA	NODE_18_length_24824_cov_61.573873:10680-11447	NLAABJDB_00015

DiscRep_SUB:FEATURE_LOCATION_CONFLICT::Coding region xref gene does not exist
/home/tiago/documentos/github/ARG-Sentinel/suberror/plasmids_annot/annot/pSW579AN18/pSW579AN18:CDS	hypothetical protein	NODE_18_length_24824_cov_61.573873:11670-12356	NLAABJDB_00016

DiscRep_SUB:FEATURE_LOCATION_CONFLICT::Coding region xref gene does not exist
/home/tiago/documentos/github/ARG-Sentinel/suberror/plasmids_annot/annot/pSW579AN18/pSW579AN18:CDS	hypothetical protein	NODE_18_length_24824_cov_61.573873:12635-12787	NLAABJDB_00017

DiscRep_SUB:FEATURE_LOCATION_CONFLICT::Coding region xref gene does not exist
/home/tiago/documentos/github/ARG-Sentinel/suberror/plasmids_annot/annot/pSW579AN18/pSW579AN18:CDS	Divalent metal cation transporter MntH	NODE_18_length_24824_cov_61.573873:12896-14218	NLAABJDB_00018

DiscRep_SUB:FEATURE_LOCATION_CONFLICT::Coding region xref gene does not exist
/home/tiago/documentos/github/ARG-Sentinel/suberror/plasmids_annot/annot/pSW579AN18/pSW579AN18:CDS	Putative transposon Tn552 DNA-invertase bin3	NODE_18_length_24824_cov_61.573873:c15111-14503	NLAABJDB_00019

DiscRep_SUB:FEATURE_LOCATION_CONFLICT::Coding region xref gene does not exist
/home/tiago/documentos/github/ARG-Sentinel/suberror/plasmids_annot/annot/pSW579AN18/pSW579AN18:CDS	DNA-invertase hin	NODE_18_length_24824_cov_61.573873:c15820-15242	NLAABJDB_00020

DiscRep_SUB:FEATURE_LOCATION_CONFLICT::Coding region xref gene does not exist
/home/tiago/documentos/github/ARG-Sentinel/suberror/plasmids_annot/annot/pSW579AN18/pSW579AN18:CDS	Penicillinase repressor	NODE_18_length_24824_cov_61.573873:c16464-16084	NLAABJDB_00021

DiscRep_SUB:FEATURE_LOCATION_CONFLICT::Coding region xref gene does not exist
/home/tiago/documentos/github/ARG-Sentinel/suberror/plasmids_annot/annot/pSW579AN18/pSW579AN18:CDS	Regulatory protein BlaR1	NODE_18_length_24824_cov_61.573873:c18211-16454	NLAABJDB_00022

DiscRep_SUB:FEATURE_LOCATION_CONFLICT::Coding region xref gene does not exist
/home/tiago/documentos/github/ARG-Sentinel/suberror/plasmids_annot/annot/pSW579AN18/pSW579AN18:CDS	Beta-lactamase	NODE_18_length_24824_cov_61.573873:18318-19163	NLAABJDB_00023

DiscRep_SUB:FEATURE_LOCATION_CONFLICT::Coding region xref gene does not exist
/home/tiago/documentos/github/ARG-Sentinel/suberror/plasmids_annot/annot/pSW579AN18/pSW579AN18:CDS	hypothetical protein	NODE_18_length_24824_cov_61.573873:c20040-19492	NLAABJDB_00024

DiscRep_SUB:FEATURE_LOCATION_CONFLICT::Coding region xref gene does not exist
/home/tiago/documentos/github/ARG-Sentinel/suberror/plasmids_annot/annot/pSW579AN18/pSW579AN18:CDS	Cadmium resistance transcriptional regulatory protein CadC	NODE_18_length_24824_cov_61.573873:c20890-20543	NLAABJDB_00025

DiscRep_SUB:FEATURE_LOCATION_CONFLICT::Coding region xref gene does not exist
/home/tiago/documentos/github/ARG-Sentinel/suberror/plasmids_annot/annot/pSW579AN18/pSW579AN18:CDS	hypothetical protein	NODE_18_length_24824_cov_61.573873:c21526-20909	NLAABJDB_00026

DiscRep_SUB:FEATURE_LOCATION_CONFLICT::Coding region xref gene does not exist
/home/tiago/documentos/github/ARG-Sentinel/suberror/plasmids_annot/annot/pSW579AN18/pSW579AN18:CDS	hypothetical protein	NODE_18_length_24824_cov_61.573873:c22838-22656	NLAABJDB_00027

DiscRep_SUB:FEATURE_LOCATION_CONFLICT::Coding region xref gene does not exist
/home/tiago/documentos/github/ARG-Sentinel/suberror/plasmids_annot/annot/pSW579AN18/pSW579AN18:CDS	hypothetical protein	NODE_18_length_24824_cov_61.573873:22919-23203	NLAABJDB_00028

DiscRep_ALL:SUSPECT_PRODUCT_NAMES::1 product_names contain suspect phrase or characters
DiscRep_SUB:SUSPECT_PRODUCT_NAMES::May contain database identifier more appropriate in note; remove from product name
DiscRep_SUB:SUSPECT_PRODUCT_NAMES::1 features contains three or more numbers together that may be identifiers more appropriate in note
/home/tiago/documentos/github/ARG-Sentinel/suberror/plasmids_annot/annot/pSW579AN18/pSW579AN18:CDS	Putative transposon Tn552 DNA-invertase bin3	NODE_18_length_24824_cov_61.573873:c15111-14503	NLAABJDB_00019

DiscRep_ALL:DISC_QUALITY_SCORES::Quality scores are missing on all sequences.

DiscRep_ALL:ONCALLER_COMMENT_PRESENT::1 comment descriptors were found (all same)
/home/tiago/documentos/github/ARG-Sentinel/suberror/plasmids_annot/annot/pSW579AN18/pSW579AN18:NODE_18_length_24824_cov_61.573873:Annotated using prokka 1.13 from https://github.com/tseemann/prokka

DiscRep_ALL:SHORT_PROT_SEQUENCES::5 protein sequences are shorter than 50 aa.
/home/tiago/documentos/github/ARG-Sentinel/suberror/plasmids_annot/annot/pSW579AN18/pSW579AN18:NODE_18_length_24824_cov_61.573873_2 (length 40)
/home/tiago/documentos/github/ARG-Sentinel/suberror/plasmids_annot/annot/pSW579AN18/pSW579AN18:NODE_18_length_24824_cov_61.573873_6 (length 44)
/home/tiago/documentos/github/ARG-Sentinel/suberror/plasmids_annot/annot/pSW579AN18/pSW579AN18:NODE_18_length_24824_cov_61.573873_7 (length 36)
/home/tiago/documentos/github/ARG-Sentinel/suberror/plasmids_annot/annot/pSW579AN18/pSW579AN18:NODE_18_length_24824_cov_61.573873_12 (length 44)
/home/tiago/documentos/github/ARG-Sentinel/suberror/plasmids_annot/annot/pSW579AN18/pSW579AN18:NODE_18_length_24824_cov_61.573873_13 (length 36)

DiscRep_ALL:MISSING_GENOMEASSEMBLY_COMMENTS::1 bioseqs are missing GenomeAssembly structured comments
/home/tiago/documentos/github/ARG-Sentinel/suberror/plasmids_annot/annot/pSW579AN18/pSW579AN18:NODE_18_length_24824_cov_61.573873 (length 24824)

DiscRep_ALL:MOLTYPE_NOT_MRNA::1 molecule types are not set as mRNA.
/home/tiago/documentos/github/ARG-Sentinel/suberror/plasmids_annot/annot/pSW579AN18/pSW579AN18:NODE_18_length_24824_cov_61.573873 (length 24824)

DiscRep_ALL:TECHNIQUE_NOT_TSA::1 technique are not set as TSA
/home/tiago/documentos/github/ARG-Sentinel/suberror/plasmids_annot/annot/pSW579AN18/pSW579AN18:NODE_18_length_24824_cov_61.573873 (length 24824)

DiscRep_ALL:MISSING_STRUCTURED_COMMENT::1 sequences do not include structured comments.
/home/tiago/documentos/github/ARG-Sentinel/suberror/plasmids_annot/annot/pSW579AN18/pSW579AN18:NODE_18_length_24824_cov_61.573873 (length 24824)

DiscRep_ALL:MISSING_PROJECT::29 sequences do not include project.
/home/tiago/documentos/github/ARG-Sentinel/suberror/plasmids_annot/annot/pSW579AN18/pSW579AN18:NODE_18_length_24824_cov_61.573873 (length 24824)
/home/tiago/documentos/github/ARG-Sentinel/suberror/plasmids_annot/annot/pSW579AN18/pSW579AN18:NODE_18_length_24824_cov_61.573873_1 (length 75)
/home/tiago/documentos/github/ARG-Sentinel/suberror/plasmids_annot/annot/pSW579AN18/pSW579AN18:NODE_18_length_24824_cov_61.573873_2 (length 40)
/home/tiago/documentos/github/ARG-Sentinel/suberror/plasmids_annot/annot/pSW579AN18/pSW579AN18:NODE_18_length_24824_cov_61.573873_3 (length 59)
/home/tiago/documentos/github/ARG-Sentinel/suberror/plasmids_annot/annot/pSW579AN18/pSW579AN18:NODE_18_length_24824_cov_61.573873_4 (length 120)
/home/tiago/documentos/github/ARG-Sentinel/suberror/plasmids_annot/annot/pSW579AN18/pSW579AN18:NODE_18_length_24824_cov_61.573873_5 (length 228)
/home/tiago/documentos/github/ARG-Sentinel/suberror/plasmids_annot/annot/pSW579AN18/pSW579AN18:NODE_18_length_24824_cov_61.573873_6 (length 44)
/home/tiago/documentos/github/ARG-Sentinel/suberror/plasmids_annot/annot/pSW579AN18/pSW579AN18:NODE_18_length_24824_cov_61.573873_7 (length 36)
/home/tiago/documentos/github/ARG-Sentinel/suberror/plasmids_annot/annot/pSW579AN18/pSW579AN18:NODE_18_length_24824_cov_61.573873_8 (length 498)
/home/tiago/documentos/github/ARG-Sentinel/suberror/plasmids_annot/annot/pSW579AN18/pSW579AN18:NODE_18_length_24824_cov_61.573873_9 (length 112)
/home/tiago/documentos/github/ARG-Sentinel/suberror/plasmids_annot/annot/pSW579AN18/pSW579AN18:NODE_18_length_24824_cov_61.573873_10 (length 211)
/home/tiago/documentos/github/ARG-Sentinel/suberror/plasmids_annot/annot/pSW579AN18/pSW579AN18:NODE_18_length_24824_cov_61.573873_11 (length 172)
/home/tiago/documentos/github/ARG-Sentinel/suberror/plasmids_annot/annot/pSW579AN18/pSW579AN18:NODE_18_length_24824_cov_61.573873_12 (length 44)
/home/tiago/documentos/github/ARG-Sentinel/suberror/plasmids_annot/annot/pSW579AN18/pSW579AN18:NODE_18_length_24824_cov_61.573873_13 (length 36)
/home/tiago/documentos/github/ARG-Sentinel/suberror/plasmids_annot/annot/pSW579AN18/pSW579AN18:NODE_18_length_24824_cov_61.573873_14 (length 311)
/home/tiago/documentos/github/ARG-Sentinel/suberror/plasmids_annot/annot/pSW579AN18/pSW579AN18:NODE_18_length_24824_cov_61.573873_15 (length 255)
/home/tiago/documentos/github/ARG-Sentinel/suberror/plasmids_annot/annot/pSW579AN18/pSW579AN18:NODE_18_length_24824_cov_61.573873_16 (length 228)
/home/tiago/documentos/github/ARG-Sentinel/suberror/plasmids_annot/annot/pSW579AN18/pSW579AN18:NODE_18_length_24824_cov_61.573873_17 (length 50)
/home/tiago/documentos/github/ARG-Sentinel/suberror/plasmids_annot/annot/pSW579AN18/pSW579AN18:NODE_18_length_24824_cov_61.573873_18 (length 440)
/home/tiago/documentos/github/ARG-Sentinel/suberror/plasmids_annot/annot/pSW579AN18/pSW579AN18:NODE_18_length_24824_cov_61.573873_19 (length 202)
/home/tiago/documentos/github/ARG-Sentinel/suberror/plasmids_annot/annot/pSW579AN18/pSW579AN18:NODE_18_length_24824_cov_61.573873_20 (length 192)
/home/tiago/documentos/github/ARG-Sentinel/suberror/plasmids_annot/annot/pSW579AN18/pSW579AN18:NODE_18_length_24824_cov_61.573873_21 (length 126)
/home/tiago/documentos/github/ARG-Sentinel/suberror/plasmids_annot/annot/pSW579AN18/pSW579AN18:NODE_18_length_24824_cov_61.573873_22 (length 585)
/home/tiago/documentos/github/ARG-Sentinel/suberror/plasmids_annot/annot/pSW579AN18/pSW579AN18:NODE_18_length_24824_cov_61.573873_23 (length 281)
/home/tiago/documentos/github/ARG-Sentinel/suberror/plasmids_annot/annot/pSW579AN18/pSW579AN18:NODE_18_length_24824_cov_61.573873_24 (length 182)
/home/tiago/documentos/github/ARG-Sentinel/suberror/plasmids_annot/annot/pSW579AN18/pSW579AN18:NODE_18_length_24824_cov_61.573873_25 (length 115)
/home/tiago/documentos/github/ARG-Sentinel/suberror/plasmids_annot/annot/pSW579AN18/pSW579AN18:NODE_18_length_24824_cov_61.573873_26 (length 205)
/home/tiago/documentos/github/ARG-Sentinel/suberror/plasmids_annot/annot/pSW579AN18/pSW579AN18:NODE_18_length_24824_cov_61.573873_27 (length 60)
/home/tiago/documentos/github/ARG-Sentinel/suberror/plasmids_annot/annot/pSW579AN18/pSW579AN18:NODE_18_length_24824_cov_61.573873_28 (length 94)

DiscRep_ALL:DISC_INCONSISTENT_MOLINFO_TECH::Molinfo Technique Report (some missing, all same)
DiscRep_SUB:DISC_INCONSISTENT_MOLINFO_TECH::technique (all missing)
DiscRep_SUB:DISC_INCONSISTENT_MOLINFO_TECH::1 Molinfos are missing field technique
/home/tiago/documentos/github/ARG-Sentinel/suberror/plasmids_annot/annot/pSW579AN18/pSW579AN18:NODE_18_length_24824_cov_61.573873 (length 24824)

DiscRep_ALL:SEQ_ID_PHRASES::Sequence Ids contain unacceptable phrases (cov_, length, node, paired, or trimmed)

