[20:07:36] This is prokka 1.13
[20:07:36] Written by Torsten Seemann <torsten.seemann@gmail.com>
[20:07:36] Homepage is https://github.com/tseemann/prokka
[20:07:36] Local time is Wed Jun 24 20:07:36 2020
[20:07:36] You are tiago
[20:07:36] Operating system is linux
[20:07:36] You have BioPerl 1.007002
[20:07:36] System has 12 cores.
[20:07:36] Will use maximum of 8 cores.
[20:07:36] Annotating as >>> Bacteria <<<
[20:07:36] Generating locus_tag from '/home/tiago/documentos/github/ARG-Sentinel/suberror/plasmids_annot/pKP508BN15.fasta' contents.
[20:07:36] Setting --locustag KLAOMLMB from MD5 45a8656b9ae84c356b705e53150c7b36
[20:07:36] Creating new output folder: /home/tiago/documentos/github/ARG-Sentinel/suberror/plasmids_annot/annot/pKP508BN15
[20:07:36] Running: mkdir -p \/home\/tiago\/documentos\/github\/ARG\-Sentinel\/suberror\/plasmids_annot\/annot\/pKP508BN15
[20:07:36] Using filename prefix: pKP508BN15.XXX
[20:07:36] Setting HMMER_NCPU=1
[20:07:36] Writing log to: /home/tiago/documentos/github/ARG-Sentinel/suberror/plasmids_annot/annot/pKP508BN15/pKP508BN15.log
[20:07:36] Command: /home/tiago/anaconda3/bin/prokka --outdir /home/tiago/documentos/github/ARG-Sentinel/suberror/plasmids_annot/annot/pKP508BN15 --prefix pKP508BN15 /home/tiago/documentos/github/ARG-Sentinel/suberror/plasmids_annot/pKP508BN15.fasta
[20:07:36] Appending to PATH: /home/tiago/anaconda3/bin
[20:07:36] Looking for 'aragorn' - found /home/tiago/anaconda3/bin/aragorn
[20:07:36] Determined aragorn version is 1.2
[20:07:36] Looking for 'barrnap' - found /home/tiago/anaconda3/bin/barrnap
[20:07:36] Determined barrnap version is 0.9
[20:07:36] Looking for 'blastp' - found /home/tiago/anaconda3/bin/blastp
[20:07:36] Determined blastp version is 2.9
[20:07:36] Looking for 'cmpress' - found /home/tiago/anaconda3/bin/cmpress
[20:07:36] Determined cmpress version is 1.1
[20:07:36] Looking for 'cmscan' - found /home/tiago/anaconda3/bin/cmscan
[20:07:36] Determined cmscan version is 1.1
[20:07:36] Looking for 'egrep' - found /usr/bin/egrep
[20:07:36] Looking for 'find' - found /usr/bin/find
[20:07:36] Looking for 'grep' - found /usr/bin/grep
[20:07:36] Looking for 'hmmpress' - found /home/tiago/anaconda3/bin/hmmpress
[20:07:36] Determined hmmpress version is 3.3
[20:07:36] Looking for 'hmmscan' - found /home/tiago/anaconda3/bin/hmmscan
[20:07:36] Determined hmmscan version is 3.3
[20:07:36] Looking for 'java' - found /home/tiago/anaconda3/bin/java
[20:07:36] Looking for 'less' - found /usr/bin/less
[20:07:36] Looking for 'makeblastdb' - found /home/tiago/anaconda3/bin/makeblastdb
[20:07:36] Determined makeblastdb version is 2.9
[20:07:36] Looking for 'minced' - found /home/tiago/anaconda3/bin/minced
[20:07:37] Determined minced version is 4.2
[20:07:37] Looking for 'parallel' - found /home/tiago/anaconda3/bin/parallel
[20:07:37] Determined parallel version is 20160622
[20:07:37] Looking for 'prodigal' - found /home/tiago/anaconda3/bin/prodigal
[20:07:37] Determined prodigal version is 2.6
[20:07:37] Looking for 'prokka-genbank_to_fasta_db' - found /home/tiago/anaconda3/bin/prokka-genbank_to_fasta_db
[20:07:37] Looking for 'sed' - found /usr/bin/sed
[20:07:37] Looking for 'tbl2asn' - found /home/tiago/anaconda3/bin/tbl2asn
[20:07:37] Determined tbl2asn version is 25.7
[20:07:37] Using genetic code table 11.
[20:07:37] Loading and checking input file: /home/tiago/documentos/github/ARG-Sentinel/suberror/plasmids_annot/pKP508BN15.fasta
[20:07:37] Wrote 1 contigs totalling 136795 bp.
[20:07:37] Predicting tRNAs and tmRNAs
[20:07:37] Running: aragorn -l -gc11  -w \/home\/tiago\/documentos\/github\/ARG\-Sentinel\/suberror\/plasmids_annot\/annot\/pKP508BN15\/pKP508BN15\.fna
[20:07:37] Found 0 tRNAs
[20:07:37] Predicting Ribosomal RNAs
[20:07:37] Running Barrnap with 8 threads
[20:07:37] Found 0 rRNAs
[20:07:37] Skipping ncRNA search, enable with --rfam if desired.
[20:07:37] Total of 0 tRNA + rRNA features
[20:07:37] Searching for CRISPR repeats
[20:07:37] Found 0 CRISPRs
[20:07:37] Predicting coding sequences
[20:07:37] Contigs total 136795 bp, so using single mode
[20:07:37] Running: prodigal -i \/home\/tiago\/documentos\/github\/ARG\-Sentinel\/suberror\/plasmids_annot\/annot\/pKP508BN15\/pKP508BN15\.fna -c -m -g 11 -p single -f sco -q
[20:07:38] Found 177 CDS
[20:07:38] Connecting features back to sequences
[20:07:38] Not using genus-specific database. Try --usegenus to enable it.
[20:07:38] Annotating CDS, please be patient.
[20:07:38] Will use 8 CPUs for similarity searching.
[20:07:38] There are still 177 unannotated CDS left (started with 177)
[20:07:38] Will use blast to search against /home/tiago/anaconda3/bin/../db/kingdom/Bacteria/sprot with 8 CPUs
[20:07:38] Running: cat \/home\/tiago\/documentos\/github\/ARG\-Sentinel\/suberror\/plasmids_annot\/annot\/pKP508BN15\/sprot\.faa | parallel --gnu --plain -j 8 --block 2630 --recstart '>' --pipe blastp -query - -db /home/tiago/anaconda3/bin/../db/kingdom/Bacteria/sprot -evalue 1e-06 -num_threads 1 -num_descriptions 1 -num_alignments 1 -seg no > \/home\/tiago\/documentos\/github\/ARG\-Sentinel\/suberror\/plasmids_annot\/annot\/pKP508BN15\/sprot\.blast 2> /dev/null
[20:07:42] Modify product: Uncharacterized protein YcbX => putative protein YcbX
[20:07:42] Modify product: Probable BsuMI modification methylase subunit YdiO => putative BsuMI modification methylase subunit YdiO
[20:07:42] Cleaned 2 /product names
[20:07:42] Deleting unwanted file: /home/tiago/documentos/github/ARG-Sentinel/suberror/plasmids_annot/annot/pKP508BN15/sprot.faa
[20:07:42] Deleting unwanted file: /home/tiago/documentos/github/ARG-Sentinel/suberror/plasmids_annot/annot/pKP508BN15/sprot.blast
[20:07:42] There are still 148 unannotated CDS left (started with 177)
[20:07:42] Will use hmmer3 to search against /home/tiago/anaconda3/bin/../db/hmm/HAMAP.hmm with 8 CPUs
[20:07:42] Running: cat \/home\/tiago\/documentos\/github\/ARG\-Sentinel\/suberror\/plasmids_annot\/annot\/pKP508BN15\/HAMAP\.hmm\.faa | parallel --gnu --plain -j 8 --block 2025 --recstart '>' --pipe hmmscan --noali --notextw --acc -E 1e-06 --cpu 1 /home/tiago/anaconda3/bin/../db/hmm/HAMAP.hmm /dev/stdin > \/home\/tiago\/documentos\/github\/ARG\-Sentinel\/suberror\/plasmids_annot\/annot\/pKP508BN15\/HAMAP\.hmm\.hmmer3 2> /dev/null
[20:07:44] Deleting unwanted file: /home/tiago/documentos/github/ARG-Sentinel/suberror/plasmids_annot/annot/pKP508BN15/HAMAP.hmm.faa
[20:07:44] Deleting unwanted file: /home/tiago/documentos/github/ARG-Sentinel/suberror/plasmids_annot/annot/pKP508BN15/HAMAP.hmm.hmmer3
[20:07:44] Labelling remaining 144 proteins as 'hypothetical protein'
[20:07:44] Found 33 unique /gene codes.
[20:07:44] Fixed 0 colliding /gene names.
[20:07:44] Adding /locus_tag identifiers
[20:07:44] Assigned 177 locus_tags to CDS and RNA features.
[20:07:44] Writing outputs to /home/tiago/documentos/github/ARG-Sentinel/suberror/plasmids_annot/annot/pKP508BN15/
[20:07:44] Generating annotation statistics file
[20:07:44] Generating Genbank and Sequin files
[20:07:44] Running: tbl2asn -V b -a r10k -l paired-ends -M n -N 1 -y 'Annotated using prokka 1.13 from https://github.com/tseemann/prokka' -Z \/home\/tiago\/documentos\/github\/ARG\-Sentinel\/suberror\/plasmids_annot\/annot\/pKP508BN15\/pKP508BN15\.err -i \/home\/tiago\/documentos\/github\/ARG\-Sentinel\/suberror\/plasmids_annot\/annot\/pKP508BN15\/pKP508BN15\.fsa 2> /dev/null
[20:07:45] Could not run command: tbl2asn -V b -a r10k -l paired-ends -M n -N 1 -y 'Annotated using prokka 1.13 from https://github.com/tseemann/prokka' -Z \/home\/tiago\/documentos\/github\/ARG\-Sentinel\/suberror\/plasmids_annot\/annot\/pKP508BN15\/pKP508BN15\.err -i \/home\/tiago\/documentos\/github\/ARG\-Sentinel\/suberror\/plasmids_annot\/annot\/pKP508BN15\/pKP508BN15\.fsa 2> /dev/null
