Discrepancy Report Results

Summary
FATAL: MISSING_PROTEIN_ID:60 proteins have invalid IDs.
DISC_SOURCE_QUALS_ASNDISC:strain (all present, all unique)
DISC_SOURCE_QUALS_ASNDISC:taxname (all present, all unique)
DISC_FEATURE_COUNT:CDS: 60 present
DISC_COUNT_NUCLEOTIDES:1 nucleotide Bioseqs are present
FEATURE_LOCATION_CONFLICT:60 features have inconsistent gene locations.
SUSPECT_PRODUCT_NAMES:1 product_names contain suspect phrase or characters
	May contain database identifier more appropriate in note; remove from product name
		1 features contains three or more numbers together that may be identifiers more appropriate in note
DISC_QUALITY_SCORES:Quality scores are missing on all sequences.
ONCALLER_COMMENT_PRESENT:1 comment descriptors were found (all same)
MISSING_GENOMEASSEMBLY_COMMENTS:1 bioseqs are missing GenomeAssembly structured comments
MOLTYPE_NOT_MRNA:1 molecule types are not set as mRNA.
TECHNIQUE_NOT_TSA:1 technique are not set as TSA
MISSING_STRUCTURED_COMMENT:1 sequences do not include structured comments.
MISSING_PROJECT:61 sequences do not include project.
DISC_INCONSISTENT_MOLINFO_TECH:Molinfo Technique Report (some missing, all same)
SEQ_ID_PHRASES:Sequence Ids contain unacceptable phrases (cov_, length, node, paired, or trimmed)


Detailed Report

FATAL: DiscRep_ALL:MISSING_PROTEIN_ID::60 proteins have invalid IDs.
/home/tiago/documentos/github/ARG-Sentinel/suberror/plasmids_annot/annot/pKP125M3N44/pKP125M3N44:NODE_44_length_43061_cov_24.463410_1 (length 92)
/home/tiago/documentos/github/ARG-Sentinel/suberror/plasmids_annot/annot/pKP125M3N44/pKP125M3N44:NODE_44_length_43061_cov_24.463410_2 (length 140)
/home/tiago/documentos/github/ARG-Sentinel/suberror/plasmids_annot/annot/pKP125M3N44/pKP125M3N44:NODE_44_length_43061_cov_24.463410_3 (length 51)
/home/tiago/documentos/github/ARG-Sentinel/suberror/plasmids_annot/annot/pKP125M3N44/pKP125M3N44:NODE_44_length_43061_cov_24.463410_4 (length 98)
/home/tiago/documentos/github/ARG-Sentinel/suberror/plasmids_annot/annot/pKP125M3N44/pKP125M3N44:NODE_44_length_43061_cov_24.463410_5 (length 326)
/home/tiago/documentos/github/ARG-Sentinel/suberror/plasmids_annot/annot/pKP125M3N44/pKP125M3N44:NODE_44_length_43061_cov_24.463410_6 (length 293)
/home/tiago/documentos/github/ARG-Sentinel/suberror/plasmids_annot/annot/pKP125M3N44/pKP125M3N44:NODE_44_length_43061_cov_24.463410_7 (length 185)
/home/tiago/documentos/github/ARG-Sentinel/suberror/plasmids_annot/annot/pKP125M3N44/pKP125M3N44:NODE_44_length_43061_cov_24.463410_8 (length 322)
/home/tiago/documentos/github/ARG-Sentinel/suberror/plasmids_annot/annot/pKP125M3N44/pKP125M3N44:NODE_44_length_43061_cov_24.463410_9 (length 222)
/home/tiago/documentos/github/ARG-Sentinel/suberror/plasmids_annot/annot/pKP125M3N44/pKP125M3N44:NODE_44_length_43061_cov_24.463410_10 (length 71)
/home/tiago/documentos/github/ARG-Sentinel/suberror/plasmids_annot/annot/pKP125M3N44/pKP125M3N44:NODE_44_length_43061_cov_24.463410_11 (length 94)
/home/tiago/documentos/github/ARG-Sentinel/suberror/plasmids_annot/annot/pKP125M3N44/pKP125M3N44:NODE_44_length_43061_cov_24.463410_12 (length 160)
/home/tiago/documentos/github/ARG-Sentinel/suberror/plasmids_annot/annot/pKP125M3N44/pKP125M3N44:NODE_44_length_43061_cov_24.463410_13 (length 84)
/home/tiago/documentos/github/ARG-Sentinel/suberror/plasmids_annot/annot/pKP125M3N44/pKP125M3N44:NODE_44_length_43061_cov_24.463410_14 (length 117)
/home/tiago/documentos/github/ARG-Sentinel/suberror/plasmids_annot/annot/pKP125M3N44/pKP125M3N44:NODE_44_length_43061_cov_24.463410_15 (length 147)
/home/tiago/documentos/github/ARG-Sentinel/suberror/plasmids_annot/annot/pKP125M3N44/pKP125M3N44:NODE_44_length_43061_cov_24.463410_16 (length 290)
/home/tiago/documentos/github/ARG-Sentinel/suberror/plasmids_annot/annot/pKP125M3N44/pKP125M3N44:NODE_44_length_43061_cov_24.463410_17 (length 171)
/home/tiago/documentos/github/ARG-Sentinel/suberror/plasmids_annot/annot/pKP125M3N44/pKP125M3N44:NODE_44_length_43061_cov_24.463410_18 (length 78)
/home/tiago/documentos/github/ARG-Sentinel/suberror/plasmids_annot/annot/pKP125M3N44/pKP125M3N44:NODE_44_length_43061_cov_24.463410_19 (length 183)
/home/tiago/documentos/github/ARG-Sentinel/suberror/plasmids_annot/annot/pKP125M3N44/pKP125M3N44:NODE_44_length_43061_cov_24.463410_20 (length 89)
/home/tiago/documentos/github/ARG-Sentinel/suberror/plasmids_annot/annot/pKP125M3N44/pKP125M3N44:NODE_44_length_43061_cov_24.463410_21 (length 80)
/home/tiago/documentos/github/ARG-Sentinel/suberror/plasmids_annot/annot/pKP125M3N44/pKP125M3N44:NODE_44_length_43061_cov_24.463410_22 (length 112)
/home/tiago/documentos/github/ARG-Sentinel/suberror/plasmids_annot/annot/pKP125M3N44/pKP125M3N44:NODE_44_length_43061_cov_24.463410_23 (length 54)
/home/tiago/documentos/github/ARG-Sentinel/suberror/plasmids_annot/annot/pKP125M3N44/pKP125M3N44:NODE_44_length_43061_cov_24.463410_24 (length 85)
/home/tiago/documentos/github/ARG-Sentinel/suberror/plasmids_annot/annot/pKP125M3N44/pKP125M3N44:NODE_44_length_43061_cov_24.463410_25 (length 181)
/home/tiago/documentos/github/ARG-Sentinel/suberror/plasmids_annot/annot/pKP125M3N44/pKP125M3N44:NODE_44_length_43061_cov_24.463410_26 (length 386)
/home/tiago/documentos/github/ARG-Sentinel/suberror/plasmids_annot/annot/pKP125M3N44/pKP125M3N44:NODE_44_length_43061_cov_24.463410_27 (length 169)
/home/tiago/documentos/github/ARG-Sentinel/suberror/plasmids_annot/annot/pKP125M3N44/pKP125M3N44:NODE_44_length_43061_cov_24.463410_28 (length 75)
/home/tiago/documentos/github/ARG-Sentinel/suberror/plasmids_annot/annot/pKP125M3N44/pKP125M3N44:NODE_44_length_43061_cov_24.463410_29 (length 214)
/home/tiago/documentos/github/ARG-Sentinel/suberror/plasmids_annot/annot/pKP125M3N44/pKP125M3N44:NODE_44_length_43061_cov_24.463410_30 (length 96)
/home/tiago/documentos/github/ARG-Sentinel/suberror/plasmids_annot/annot/pKP125M3N44/pKP125M3N44:NODE_44_length_43061_cov_24.463410_31 (length 917)
/home/tiago/documentos/github/ARG-Sentinel/suberror/plasmids_annot/annot/pKP125M3N44/pKP125M3N44:NODE_44_length_43061_cov_24.463410_32 (length 256)
/home/tiago/documentos/github/ARG-Sentinel/suberror/plasmids_annot/annot/pKP125M3N44/pKP125M3N44:NODE_44_length_43061_cov_24.463410_33 (length 85)
/home/tiago/documentos/github/ARG-Sentinel/suberror/plasmids_annot/annot/pKP125M3N44/pKP125M3N44:NODE_44_length_43061_cov_24.463410_34 (length 351)
/home/tiago/documentos/github/ARG-Sentinel/suberror/plasmids_annot/annot/pKP125M3N44/pKP125M3N44:NODE_44_length_43061_cov_24.463410_35 (length 242)
/home/tiago/documentos/github/ARG-Sentinel/suberror/plasmids_annot/annot/pKP125M3N44/pKP125M3N44:NODE_44_length_43061_cov_24.463410_36 (length 309)
/home/tiago/documentos/github/ARG-Sentinel/suberror/plasmids_annot/annot/pKP125M3N44/pKP125M3N44:NODE_44_length_43061_cov_24.463410_37 (length 400)
/home/tiago/documentos/github/ARG-Sentinel/suberror/plasmids_annot/annot/pKP125M3N44/pKP125M3N44:NODE_44_length_43061_cov_24.463410_38 (length 343)
/home/tiago/documentos/github/ARG-Sentinel/suberror/plasmids_annot/annot/pKP125M3N44/pKP125M3N44:NODE_44_length_43061_cov_24.463410_39 (length 65)
/home/tiago/documentos/github/ARG-Sentinel/suberror/plasmids_annot/annot/pKP125M3N44/pKP125M3N44:NODE_44_length_43061_cov_24.463410_40 (length 611)
/home/tiago/documentos/github/ARG-Sentinel/suberror/plasmids_annot/annot/pKP125M3N44/pKP125M3N44:NODE_44_length_43061_cov_24.463410_41 (length 130)
/home/tiago/documentos/github/ARG-Sentinel/suberror/plasmids_annot/annot/pKP125M3N44/pKP125M3N44:NODE_44_length_43061_cov_24.463410_42 (length 104)
/home/tiago/documentos/github/ARG-Sentinel/suberror/plasmids_annot/annot/pKP125M3N44/pKP125M3N44:NODE_44_length_43061_cov_24.463410_43 (length 128)
/home/tiago/documentos/github/ARG-Sentinel/suberror/plasmids_annot/annot/pKP125M3N44/pKP125M3N44:NODE_44_length_43061_cov_24.463410_44 (length 138)
/home/tiago/documentos/github/ARG-Sentinel/suberror/plasmids_annot/annot/pKP125M3N44/pKP125M3N44:NODE_44_length_43061_cov_24.463410_45 (length 157)
/home/tiago/documentos/github/ARG-Sentinel/suberror/plasmids_annot/annot/pKP125M3N44/pKP125M3N44:NODE_44_length_43061_cov_24.463410_46 (length 257)
/home/tiago/documentos/github/ARG-Sentinel/suberror/plasmids_annot/annot/pKP125M3N44/pKP125M3N44:NODE_44_length_43061_cov_24.463410_47 (length 196)
/home/tiago/documentos/github/ARG-Sentinel/suberror/plasmids_annot/annot/pKP125M3N44/pKP125M3N44:NODE_44_length_43061_cov_24.463410_48 (length 131)
/home/tiago/documentos/github/ARG-Sentinel/suberror/plasmids_annot/annot/pKP125M3N44/pKP125M3N44:NODE_44_length_43061_cov_24.463410_49 (length 775)
/home/tiago/documentos/github/ARG-Sentinel/suberror/plasmids_annot/annot/pKP125M3N44/pKP125M3N44:NODE_44_length_43061_cov_24.463410_50 (length 151)
/home/tiago/documentos/github/ARG-Sentinel/suberror/plasmids_annot/annot/pKP125M3N44/pKP125M3N44:NODE_44_length_43061_cov_24.463410_51 (length 135)
/home/tiago/documentos/github/ARG-Sentinel/suberror/plasmids_annot/annot/pKP125M3N44/pKP125M3N44:NODE_44_length_43061_cov_24.463410_52 (length 59)
/home/tiago/documentos/github/ARG-Sentinel/suberror/plasmids_annot/annot/pKP125M3N44/pKP125M3N44:NODE_44_length_43061_cov_24.463410_53 (length 274)
/home/tiago/documentos/github/ARG-Sentinel/suberror/plasmids_annot/annot/pKP125M3N44/pKP125M3N44:NODE_44_length_43061_cov_24.463410_54 (length 84)
/home/tiago/documentos/github/ARG-Sentinel/suberror/plasmids_annot/annot/pKP125M3N44/pKP125M3N44:NODE_44_length_43061_cov_24.463410_55 (length 91)
/home/tiago/documentos/github/ARG-Sentinel/suberror/plasmids_annot/annot/pKP125M3N44/pKP125M3N44:NODE_44_length_43061_cov_24.463410_56 (length 92)
/home/tiago/documentos/github/ARG-Sentinel/suberror/plasmids_annot/annot/pKP125M3N44/pKP125M3N44:NODE_44_length_43061_cov_24.463410_57 (length 79)
/home/tiago/documentos/github/ARG-Sentinel/suberror/plasmids_annot/annot/pKP125M3N44/pKP125M3N44:NODE_44_length_43061_cov_24.463410_58 (length 108)
/home/tiago/documentos/github/ARG-Sentinel/suberror/plasmids_annot/annot/pKP125M3N44/pKP125M3N44:NODE_44_length_43061_cov_24.463410_59 (length 178)
/home/tiago/documentos/github/ARG-Sentinel/suberror/plasmids_annot/annot/pKP125M3N44/pKP125M3N44:NODE_44_length_43061_cov_24.463410_60 (length 174)

DiscRep_ALL:DISC_SOURCE_QUALS_ASNDISC::strain (all present, all unique)
DiscRep_SUB:DISC_SOURCE_QUALS_ASNDISC::1 sources have unique values for strain
DiscRep_ALL:DISC_SOURCE_QUALS_ASNDISC::taxname (all present, all unique)
DiscRep_SUB:DISC_SOURCE_QUALS_ASNDISC::1 sources have unique values for taxname
DiscRep_ALL:DISC_FEATURE_COUNT::CDS: 60 present
DiscRep_ALL:DISC_COUNT_NUCLEOTIDES::1 nucleotide Bioseqs are present
/home/tiago/documentos/github/ARG-Sentinel/suberror/plasmids_annot/annot/pKP125M3N44/pKP125M3N44:NODE_44_length_43061_cov_24.463410 (length 43061)

DiscRep_ALL:FEATURE_LOCATION_CONFLICT::60 features have inconsistent gene locations.
DiscRep_SUB:FEATURE_LOCATION_CONFLICT::Coding region xref gene does not exist
/home/tiago/documentos/github/ARG-Sentinel/suberror/plasmids_annot/annot/pKP125M3N44/pKP125M3N44:CDS	hypothetical protein	NODE_44_length_43061_cov_24.463410:283-561	LONAPIGH_00001

DiscRep_SUB:FEATURE_LOCATION_CONFLICT::Coding region xref gene does not exist
/home/tiago/documentos/github/ARG-Sentinel/suberror/plasmids_annot/annot/pKP125M3N44/pKP125M3N44:CDS	Antirestriction protein KlcA	NODE_44_length_43061_cov_24.463410:675-1097	LONAPIGH_00002

DiscRep_SUB:FEATURE_LOCATION_CONFLICT::Coding region xref gene does not exist
/home/tiago/documentos/github/ARG-Sentinel/suberror/plasmids_annot/annot/pKP125M3N44/pKP125M3N44:CDS	hypothetical protein	NODE_44_length_43061_cov_24.463410:1225-1380	LONAPIGH_00003

DiscRep_SUB:FEATURE_LOCATION_CONFLICT::Coding region xref gene does not exist
/home/tiago/documentos/github/ARG-Sentinel/suberror/plasmids_annot/annot/pKP125M3N44/pKP125M3N44:CDS	hypothetical protein	NODE_44_length_43061_cov_24.463410:1426-1722	LONAPIGH_00004

DiscRep_SUB:FEATURE_LOCATION_CONFLICT::Coding region xref gene does not exist
/home/tiago/documentos/github/ARG-Sentinel/suberror/plasmids_annot/annot/pKP125M3N44/pKP125M3N44:CDS	hypothetical protein	NODE_44_length_43061_cov_24.463410:1727-2707	LONAPIGH_00005

DiscRep_SUB:FEATURE_LOCATION_CONFLICT::Coding region xref gene does not exist
/home/tiago/documentos/github/ARG-Sentinel/suberror/plasmids_annot/annot/pKP125M3N44/pKP125M3N44:CDS	Carbapenem-hydrolyzing beta-lactamase KPC	NODE_44_length_43061_cov_24.463410:c3838-2957	LONAPIGH_00006

DiscRep_SUB:FEATURE_LOCATION_CONFLICT::Coding region xref gene does not exist
/home/tiago/documentos/github/ARG-Sentinel/suberror/plasmids_annot/annot/pKP125M3N44/pKP125M3N44:CDS	Transposon Tn3 resolvase	NODE_44_length_43061_cov_24.463410:c4704-4147	LONAPIGH_00007

DiscRep_SUB:FEATURE_LOCATION_CONFLICT::Coding region xref gene does not exist
/home/tiago/documentos/github/ARG-Sentinel/suberror/plasmids_annot/annot/pKP125M3N44/pKP125M3N44:CDS	Putative transposon Tn552 DNA-invertase bin3	NODE_44_length_43061_cov_24.463410:c5853-4885	LONAPIGH_00008

DiscRep_SUB:FEATURE_LOCATION_CONFLICT::Coding region xref gene does not exist
/home/tiago/documentos/github/ARG-Sentinel/suberror/plasmids_annot/annot/pKP125M3N44/pKP125M3N44:CDS	Iron-sulfur cluster carrier protein	NODE_44_length_43061_cov_24.463410:6235-6903	LONAPIGH_00009

DiscRep_SUB:FEATURE_LOCATION_CONFLICT::Coding region xref gene does not exist
/home/tiago/documentos/github/ARG-Sentinel/suberror/plasmids_annot/annot/pKP125M3N44/pKP125M3N44:CDS	hypothetical protein	NODE_44_length_43061_cov_24.463410:6915-7130	LONAPIGH_00010

DiscRep_SUB:FEATURE_LOCATION_CONFLICT::Coding region xref gene does not exist
/home/tiago/documentos/github/ARG-Sentinel/suberror/plasmids_annot/annot/pKP125M3N44/pKP125M3N44:CDS	hypothetical protein	NODE_44_length_43061_cov_24.463410:7219-7503	LONAPIGH_00011

DiscRep_SUB:FEATURE_LOCATION_CONFLICT::Coding region xref gene does not exist
/home/tiago/documentos/github/ARG-Sentinel/suberror/plasmids_annot/annot/pKP125M3N44/pKP125M3N44:CDS	hypothetical protein	NODE_44_length_43061_cov_24.463410:7529-8011	LONAPIGH_00012

DiscRep_SUB:FEATURE_LOCATION_CONFLICT::Coding region xref gene does not exist
/home/tiago/documentos/github/ARG-Sentinel/suberror/plasmids_annot/annot/pKP125M3N44/pKP125M3N44:CDS	hypothetical protein	NODE_44_length_43061_cov_24.463410:8236-8490	LONAPIGH_00013

DiscRep_SUB:FEATURE_LOCATION_CONFLICT::Coding region xref gene does not exist
/home/tiago/documentos/github/ARG-Sentinel/suberror/plasmids_annot/annot/pKP125M3N44/pKP125M3N44:CDS	hypothetical protein	NODE_44_length_43061_cov_24.463410:c8840-8487	LONAPIGH_00014

DiscRep_SUB:FEATURE_LOCATION_CONFLICT::Coding region xref gene does not exist
/home/tiago/documentos/github/ARG-Sentinel/suberror/plasmids_annot/annot/pKP125M3N44/pKP125M3N44:CDS	hypothetical protein	NODE_44_length_43061_cov_24.463410:c9471-9028	LONAPIGH_00015

DiscRep_SUB:FEATURE_LOCATION_CONFLICT::Coding region xref gene does not exist
/home/tiago/documentos/github/ARG-Sentinel/suberror/plasmids_annot/annot/pKP125M3N44/pKP125M3N44:CDS	PI protein	NODE_44_length_43061_cov_24.463410:c10352-9480	LONAPIGH_00016

DiscRep_SUB:FEATURE_LOCATION_CONFLICT::Coding region xref gene does not exist
/home/tiago/documentos/github/ARG-Sentinel/suberror/plasmids_annot/annot/pKP125M3N44/pKP125M3N44:CDS	Chaperone protein DnaJ	NODE_44_length_43061_cov_24.463410:11682-12197	LONAPIGH_00017

DiscRep_SUB:FEATURE_LOCATION_CONFLICT::Coding region xref gene does not exist
/home/tiago/documentos/github/ARG-Sentinel/suberror/plasmids_annot/annot/pKP125M3N44/pKP125M3N44:CDS	hypothetical protein	NODE_44_length_43061_cov_24.463410:12256-12492	LONAPIGH_00018

DiscRep_SUB:FEATURE_LOCATION_CONFLICT::Coding region xref gene does not exist
/home/tiago/documentos/github/ARG-Sentinel/suberror/plasmids_annot/annot/pKP125M3N44/pKP125M3N44:CDS	hypothetical protein	NODE_44_length_43061_cov_24.463410:12553-13104	LONAPIGH_00019

DiscRep_SUB:FEATURE_LOCATION_CONFLICT::Coding region xref gene does not exist
/home/tiago/documentos/github/ARG-Sentinel/suberror/plasmids_annot/annot/pKP125M3N44/pKP125M3N44:CDS	hypothetical protein	NODE_44_length_43061_cov_24.463410:13113-13382	LONAPIGH_00020

DiscRep_SUB:FEATURE_LOCATION_CONFLICT::Coding region xref gene does not exist
/home/tiago/documentos/github/ARG-Sentinel/suberror/plasmids_annot/annot/pKP125M3N44/pKP125M3N44:CDS	hypothetical protein	NODE_44_length_43061_cov_24.463410:13372-13614	LONAPIGH_00021

DiscRep_SUB:FEATURE_LOCATION_CONFLICT::Coding region xref gene does not exist
/home/tiago/documentos/github/ARG-Sentinel/suberror/plasmids_annot/annot/pKP125M3N44/pKP125M3N44:CDS	hypothetical protein	NODE_44_length_43061_cov_24.463410:13708-14046	LONAPIGH_00022

DiscRep_SUB:FEATURE_LOCATION_CONFLICT::Coding region xref gene does not exist
/home/tiago/documentos/github/ARG-Sentinel/suberror/plasmids_annot/annot/pKP125M3N44/pKP125M3N44:CDS	hypothetical protein	NODE_44_length_43061_cov_24.463410:14121-14285	LONAPIGH_00023

DiscRep_SUB:FEATURE_LOCATION_CONFLICT::Coding region xref gene does not exist
/home/tiago/documentos/github/ARG-Sentinel/suberror/plasmids_annot/annot/pKP125M3N44/pKP125M3N44:CDS	hypothetical protein	NODE_44_length_43061_cov_24.463410:14282-14539	LONAPIGH_00024

DiscRep_SUB:FEATURE_LOCATION_CONFLICT::Coding region xref gene does not exist
/home/tiago/documentos/github/ARG-Sentinel/suberror/plasmids_annot/annot/pKP125M3N44/pKP125M3N44:CDS	hypothetical protein	NODE_44_length_43061_cov_24.463410:14879-15424	LONAPIGH_00025

DiscRep_SUB:FEATURE_LOCATION_CONFLICT::Coding region xref gene does not exist
/home/tiago/documentos/github/ARG-Sentinel/suberror/plasmids_annot/annot/pKP125M3N44/pKP125M3N44:CDS	hypothetical protein	NODE_44_length_43061_cov_24.463410:15427-16587	LONAPIGH_00026

DiscRep_SUB:FEATURE_LOCATION_CONFLICT::Coding region xref gene does not exist
/home/tiago/documentos/github/ARG-Sentinel/suberror/plasmids_annot/annot/pKP125M3N44/pKP125M3N44:CDS	Transcription antitermination protein RfaH	NODE_44_length_43061_cov_24.463410:16941-17450	LONAPIGH_00027

DiscRep_SUB:FEATURE_LOCATION_CONFLICT::Coding region xref gene does not exist
/home/tiago/documentos/github/ARG-Sentinel/suberror/plasmids_annot/annot/pKP125M3N44/pKP125M3N44:CDS	hypothetical protein	NODE_44_length_43061_cov_24.463410:17401-17628	LONAPIGH_00028

DiscRep_SUB:FEATURE_LOCATION_CONFLICT::Coding region xref gene does not exist
/home/tiago/documentos/github/ARG-Sentinel/suberror/plasmids_annot/annot/pKP125M3N44/pKP125M3N44:CDS	Type IV secretion system protein virB1	NODE_44_length_43061_cov_24.463410:17674-18318	LONAPIGH_00029

DiscRep_SUB:FEATURE_LOCATION_CONFLICT::Coding region xref gene does not exist
/home/tiago/documentos/github/ARG-Sentinel/suberror/plasmids_annot/annot/pKP125M3N44/pKP125M3N44:CDS	hypothetical protein	NODE_44_length_43061_cov_24.463410:18302-18592	LONAPIGH_00030

DiscRep_SUB:FEATURE_LOCATION_CONFLICT::Coding region xref gene does not exist
/home/tiago/documentos/github/ARG-Sentinel/suberror/plasmids_annot/annot/pKP125M3N44/pKP125M3N44:CDS	Type IV secretion system protein virB4	NODE_44_length_43061_cov_24.463410:18617-21370	LONAPIGH_00031

DiscRep_SUB:FEATURE_LOCATION_CONFLICT::Coding region xref gene does not exist
/home/tiago/documentos/github/ARG-Sentinel/suberror/plasmids_annot/annot/pKP125M3N44/pKP125M3N44:CDS	hypothetical protein	NODE_44_length_43061_cov_24.463410:21381-22151	LONAPIGH_00032

DiscRep_SUB:FEATURE_LOCATION_CONFLICT::Coding region xref gene does not exist
/home/tiago/documentos/github/ARG-Sentinel/suberror/plasmids_annot/annot/pKP125M3N44/pKP125M3N44:CDS	hypothetical protein	NODE_44_length_43061_cov_24.463410:22161-22418	LONAPIGH_00033

DiscRep_SUB:FEATURE_LOCATION_CONFLICT::Coding region xref gene does not exist
/home/tiago/documentos/github/ARG-Sentinel/suberror/plasmids_annot/annot/pKP125M3N44/pKP125M3N44:CDS	hypothetical protein	NODE_44_length_43061_cov_24.463410:22430-23485	LONAPIGH_00034

DiscRep_SUB:FEATURE_LOCATION_CONFLICT::Coding region xref gene does not exist
/home/tiago/documentos/github/ARG-Sentinel/suberror/plasmids_annot/annot/pKP125M3N44/pKP125M3N44:CDS	Type IV secretion system protein virB8	NODE_44_length_43061_cov_24.463410:23680-24408	LONAPIGH_00035

DiscRep_SUB:FEATURE_LOCATION_CONFLICT::Coding region xref gene does not exist
/home/tiago/documentos/github/ARG-Sentinel/suberror/plasmids_annot/annot/pKP125M3N44/pKP125M3N44:CDS	Type IV secretion system protein virB9	NODE_44_length_43061_cov_24.463410:24414-25343	LONAPIGH_00036

DiscRep_SUB:FEATURE_LOCATION_CONFLICT::Coding region xref gene does not exist
/home/tiago/documentos/github/ARG-Sentinel/suberror/plasmids_annot/annot/pKP125M3N44/pKP125M3N44:CDS	Type IV secretion system protein virB10	NODE_44_length_43061_cov_24.463410:25340-26542	LONAPIGH_00037

DiscRep_SUB:FEATURE_LOCATION_CONFLICT::Coding region xref gene does not exist
/home/tiago/documentos/github/ARG-Sentinel/suberror/plasmids_annot/annot/pKP125M3N44/pKP125M3N44:CDS	Type IV secretion system protein PtlH	NODE_44_length_43061_cov_24.463410:26554-27585	LONAPIGH_00038

DiscRep_SUB:FEATURE_LOCATION_CONFLICT::Coding region xref gene does not exist
/home/tiago/documentos/github/ARG-Sentinel/suberror/plasmids_annot/annot/pKP125M3N44/pKP125M3N44:CDS	hypothetical protein	NODE_44_length_43061_cov_24.463410:27588-27785	LONAPIGH_00039

DiscRep_SUB:FEATURE_LOCATION_CONFLICT::Coding region xref gene does not exist
/home/tiago/documentos/github/ARG-Sentinel/suberror/plasmids_annot/annot/pKP125M3N44/pKP125M3N44:CDS	Protein VirD4	NODE_44_length_43061_cov_24.463410:27775-29610	LONAPIGH_00040

DiscRep_SUB:FEATURE_LOCATION_CONFLICT::Coding region xref gene does not exist
/home/tiago/documentos/github/ARG-Sentinel/suberror/plasmids_annot/annot/pKP125M3N44/pKP125M3N44:CDS	hypothetical protein	NODE_44_length_43061_cov_24.463410:29607-29999	LONAPIGH_00041

DiscRep_SUB:FEATURE_LOCATION_CONFLICT::Coding region xref gene does not exist
/home/tiago/documentos/github/ARG-Sentinel/suberror/plasmids_annot/annot/pKP125M3N44/pKP125M3N44:CDS	hypothetical protein	NODE_44_length_43061_cov_24.463410:30087-30401	LONAPIGH_00042

DiscRep_SUB:FEATURE_LOCATION_CONFLICT::Coding region xref gene does not exist
/home/tiago/documentos/github/ARG-Sentinel/suberror/plasmids_annot/annot/pKP125M3N44/pKP125M3N44:CDS	hypothetical protein	NODE_44_length_43061_cov_24.463410:30424-30810	LONAPIGH_00043

DiscRep_SUB:FEATURE_LOCATION_CONFLICT::Coding region xref gene does not exist
/home/tiago/documentos/github/ARG-Sentinel/suberror/plasmids_annot/annot/pKP125M3N44/pKP125M3N44:CDS	hypothetical protein	NODE_44_length_43061_cov_24.463410:30804-31220	LONAPIGH_00044

DiscRep_SUB:FEATURE_LOCATION_CONFLICT::Coding region xref gene does not exist
/home/tiago/documentos/github/ARG-Sentinel/suberror/plasmids_annot/annot/pKP125M3N44/pKP125M3N44:CDS	Endonuclease YhcR	NODE_44_length_43061_cov_24.463410:31217-31690	LONAPIGH_00045

DiscRep_SUB:FEATURE_LOCATION_CONFLICT::Coding region xref gene does not exist
/home/tiago/documentos/github/ARG-Sentinel/suberror/plasmids_annot/annot/pKP125M3N44/pKP125M3N44:CDS	hypothetical protein	NODE_44_length_43061_cov_24.463410:31772-32545	LONAPIGH_00046

DiscRep_SUB:FEATURE_LOCATION_CONFLICT::Coding region xref gene does not exist
/home/tiago/documentos/github/ARG-Sentinel/suberror/plasmids_annot/annot/pKP125M3N44/pKP125M3N44:CDS	hypothetical protein	NODE_44_length_43061_cov_24.463410:32556-33146	LONAPIGH_00047

DiscRep_SUB:FEATURE_LOCATION_CONFLICT::Coding region xref gene does not exist
/home/tiago/documentos/github/ARG-Sentinel/suberror/plasmids_annot/annot/pKP125M3N44/pKP125M3N44:CDS	hypothetical protein	NODE_44_length_43061_cov_24.463410:33157-33552	LONAPIGH_00048

DiscRep_SUB:FEATURE_LOCATION_CONFLICT::Coding region xref gene does not exist
/home/tiago/documentos/github/ARG-Sentinel/suberror/plasmids_annot/annot/pKP125M3N44/pKP125M3N44:CDS	DNA topoisomerase 3	NODE_44_length_43061_cov_24.463410:33562-35889	LONAPIGH_00049

DiscRep_SUB:FEATURE_LOCATION_CONFLICT::Coding region xref gene does not exist
/home/tiago/documentos/github/ARG-Sentinel/suberror/plasmids_annot/annot/pKP125M3N44/pKP125M3N44:CDS	DNA-binding protein StpA	NODE_44_length_43061_cov_24.463410:35901-36356	LONAPIGH_00050

DiscRep_SUB:FEATURE_LOCATION_CONFLICT::Coding region xref gene does not exist
/home/tiago/documentos/github/ARG-Sentinel/suberror/plasmids_annot/annot/pKP125M3N44/pKP125M3N44:CDS	hypothetical protein	NODE_44_length_43061_cov_24.463410:36413-36820	LONAPIGH_00051

DiscRep_SUB:FEATURE_LOCATION_CONFLICT::Coding region xref gene does not exist
/home/tiago/documentos/github/ARG-Sentinel/suberror/plasmids_annot/annot/pKP125M3N44/pKP125M3N44:CDS	hypothetical protein	NODE_44_length_43061_cov_24.463410:37034-37213	LONAPIGH_00052

DiscRep_SUB:FEATURE_LOCATION_CONFLICT::Coding region xref gene does not exist
/home/tiago/documentos/github/ARG-Sentinel/suberror/plasmids_annot/annot/pKP125M3N44/pKP125M3N44:CDS	hypothetical protein	NODE_44_length_43061_cov_24.463410:37210-38034	LONAPIGH_00053

DiscRep_SUB:FEATURE_LOCATION_CONFLICT::Coding region xref gene does not exist
/home/tiago/documentos/github/ARG-Sentinel/suberror/plasmids_annot/annot/pKP125M3N44/pKP125M3N44:CDS	hypothetical protein	NODE_44_length_43061_cov_24.463410:38145-38399	LONAPIGH_00054

DiscRep_SUB:FEATURE_LOCATION_CONFLICT::Coding region xref gene does not exist
/home/tiago/documentos/github/ARG-Sentinel/suberror/plasmids_annot/annot/pKP125M3N44/pKP125M3N44:CDS	hypothetical protein	NODE_44_length_43061_cov_24.463410:38417-38692	LONAPIGH_00055

DiscRep_SUB:FEATURE_LOCATION_CONFLICT::Coding region xref gene does not exist
/home/tiago/documentos/github/ARG-Sentinel/suberror/plasmids_annot/annot/pKP125M3N44/pKP125M3N44:CDS	hypothetical protein	NODE_44_length_43061_cov_24.463410:38689-38967	LONAPIGH_00056

DiscRep_SUB:FEATURE_LOCATION_CONFLICT::Coding region xref gene does not exist
/home/tiago/documentos/github/ARG-Sentinel/suberror/plasmids_annot/annot/pKP125M3N44/pKP125M3N44:CDS	hypothetical protein	NODE_44_length_43061_cov_24.463410:40422-40661	LONAPIGH_00057

DiscRep_SUB:FEATURE_LOCATION_CONFLICT::Coding region xref gene does not exist
/home/tiago/documentos/github/ARG-Sentinel/suberror/plasmids_annot/annot/pKP125M3N44/pKP125M3N44:CDS	Tyrosine recombinase XerD	NODE_44_length_43061_cov_24.463410:c41175-40849	LONAPIGH_00058

DiscRep_SUB:FEATURE_LOCATION_CONFLICT::Coding region xref gene does not exist
/home/tiago/documentos/github/ARG-Sentinel/suberror/plasmids_annot/annot/pKP125M3N44/pKP125M3N44:CDS	Tyrosine recombinase XerH	NODE_44_length_43061_cov_24.463410:c41826-41290	LONAPIGH_00059

DiscRep_SUB:FEATURE_LOCATION_CONFLICT::Coding region xref gene does not exist
/home/tiago/documentos/github/ARG-Sentinel/suberror/plasmids_annot/annot/pKP125M3N44/pKP125M3N44:CDS	dTDP-fucosamine acetyltransferase	NODE_44_length_43061_cov_24.463410:42149-42673	LONAPIGH_00060

DiscRep_ALL:SUSPECT_PRODUCT_NAMES::1 product_names contain suspect phrase or characters
DiscRep_SUB:SUSPECT_PRODUCT_NAMES::May contain database identifier more appropriate in note; remove from product name
DiscRep_SUB:SUSPECT_PRODUCT_NAMES::1 features contains three or more numbers together that may be identifiers more appropriate in note
/home/tiago/documentos/github/ARG-Sentinel/suberror/plasmids_annot/annot/pKP125M3N44/pKP125M3N44:CDS	Putative transposon Tn552 DNA-invertase bin3	NODE_44_length_43061_cov_24.463410:c5853-4885	LONAPIGH_00008

DiscRep_ALL:DISC_QUALITY_SCORES::Quality scores are missing on all sequences.

DiscRep_ALL:ONCALLER_COMMENT_PRESENT::1 comment descriptors were found (all same)
/home/tiago/documentos/github/ARG-Sentinel/suberror/plasmids_annot/annot/pKP125M3N44/pKP125M3N44:NODE_44_length_43061_cov_24.463410:Annotated using prokka 1.13 from https://github.com/tseemann/prokka

DiscRep_ALL:MISSING_GENOMEASSEMBLY_COMMENTS::1 bioseqs are missing GenomeAssembly structured comments
/home/tiago/documentos/github/ARG-Sentinel/suberror/plasmids_annot/annot/pKP125M3N44/pKP125M3N44:NODE_44_length_43061_cov_24.463410 (length 43061)

DiscRep_ALL:MOLTYPE_NOT_MRNA::1 molecule types are not set as mRNA.
/home/tiago/documentos/github/ARG-Sentinel/suberror/plasmids_annot/annot/pKP125M3N44/pKP125M3N44:NODE_44_length_43061_cov_24.463410 (length 43061)

DiscRep_ALL:TECHNIQUE_NOT_TSA::1 technique are not set as TSA
/home/tiago/documentos/github/ARG-Sentinel/suberror/plasmids_annot/annot/pKP125M3N44/pKP125M3N44:NODE_44_length_43061_cov_24.463410 (length 43061)

DiscRep_ALL:MISSING_STRUCTURED_COMMENT::1 sequences do not include structured comments.
/home/tiago/documentos/github/ARG-Sentinel/suberror/plasmids_annot/annot/pKP125M3N44/pKP125M3N44:NODE_44_length_43061_cov_24.463410 (length 43061)

DiscRep_ALL:MISSING_PROJECT::61 sequences do not include project.
/home/tiago/documentos/github/ARG-Sentinel/suberror/plasmids_annot/annot/pKP125M3N44/pKP125M3N44:NODE_44_length_43061_cov_24.463410 (length 43061)
/home/tiago/documentos/github/ARG-Sentinel/suberror/plasmids_annot/annot/pKP125M3N44/pKP125M3N44:NODE_44_length_43061_cov_24.463410_1 (length 92)
/home/tiago/documentos/github/ARG-Sentinel/suberror/plasmids_annot/annot/pKP125M3N44/pKP125M3N44:NODE_44_length_43061_cov_24.463410_2 (length 140)
/home/tiago/documentos/github/ARG-Sentinel/suberror/plasmids_annot/annot/pKP125M3N44/pKP125M3N44:NODE_44_length_43061_cov_24.463410_3 (length 51)
/home/tiago/documentos/github/ARG-Sentinel/suberror/plasmids_annot/annot/pKP125M3N44/pKP125M3N44:NODE_44_length_43061_cov_24.463410_4 (length 98)
/home/tiago/documentos/github/ARG-Sentinel/suberror/plasmids_annot/annot/pKP125M3N44/pKP125M3N44:NODE_44_length_43061_cov_24.463410_5 (length 326)
/home/tiago/documentos/github/ARG-Sentinel/suberror/plasmids_annot/annot/pKP125M3N44/pKP125M3N44:NODE_44_length_43061_cov_24.463410_6 (length 293)
/home/tiago/documentos/github/ARG-Sentinel/suberror/plasmids_annot/annot/pKP125M3N44/pKP125M3N44:NODE_44_length_43061_cov_24.463410_7 (length 185)
/home/tiago/documentos/github/ARG-Sentinel/suberror/plasmids_annot/annot/pKP125M3N44/pKP125M3N44:NODE_44_length_43061_cov_24.463410_8 (length 322)
/home/tiago/documentos/github/ARG-Sentinel/suberror/plasmids_annot/annot/pKP125M3N44/pKP125M3N44:NODE_44_length_43061_cov_24.463410_9 (length 222)
/home/tiago/documentos/github/ARG-Sentinel/suberror/plasmids_annot/annot/pKP125M3N44/pKP125M3N44:NODE_44_length_43061_cov_24.463410_10 (length 71)
/home/tiago/documentos/github/ARG-Sentinel/suberror/plasmids_annot/annot/pKP125M3N44/pKP125M3N44:NODE_44_length_43061_cov_24.463410_11 (length 94)
/home/tiago/documentos/github/ARG-Sentinel/suberror/plasmids_annot/annot/pKP125M3N44/pKP125M3N44:NODE_44_length_43061_cov_24.463410_12 (length 160)
/home/tiago/documentos/github/ARG-Sentinel/suberror/plasmids_annot/annot/pKP125M3N44/pKP125M3N44:NODE_44_length_43061_cov_24.463410_13 (length 84)
/home/tiago/documentos/github/ARG-Sentinel/suberror/plasmids_annot/annot/pKP125M3N44/pKP125M3N44:NODE_44_length_43061_cov_24.463410_14 (length 117)
/home/tiago/documentos/github/ARG-Sentinel/suberror/plasmids_annot/annot/pKP125M3N44/pKP125M3N44:NODE_44_length_43061_cov_24.463410_15 (length 147)
/home/tiago/documentos/github/ARG-Sentinel/suberror/plasmids_annot/annot/pKP125M3N44/pKP125M3N44:NODE_44_length_43061_cov_24.463410_16 (length 290)
/home/tiago/documentos/github/ARG-Sentinel/suberror/plasmids_annot/annot/pKP125M3N44/pKP125M3N44:NODE_44_length_43061_cov_24.463410_17 (length 171)
/home/tiago/documentos/github/ARG-Sentinel/suberror/plasmids_annot/annot/pKP125M3N44/pKP125M3N44:NODE_44_length_43061_cov_24.463410_18 (length 78)
/home/tiago/documentos/github/ARG-Sentinel/suberror/plasmids_annot/annot/pKP125M3N44/pKP125M3N44:NODE_44_length_43061_cov_24.463410_19 (length 183)
/home/tiago/documentos/github/ARG-Sentinel/suberror/plasmids_annot/annot/pKP125M3N44/pKP125M3N44:NODE_44_length_43061_cov_24.463410_20 (length 89)
/home/tiago/documentos/github/ARG-Sentinel/suberror/plasmids_annot/annot/pKP125M3N44/pKP125M3N44:NODE_44_length_43061_cov_24.463410_21 (length 80)
/home/tiago/documentos/github/ARG-Sentinel/suberror/plasmids_annot/annot/pKP125M3N44/pKP125M3N44:NODE_44_length_43061_cov_24.463410_22 (length 112)
/home/tiago/documentos/github/ARG-Sentinel/suberror/plasmids_annot/annot/pKP125M3N44/pKP125M3N44:NODE_44_length_43061_cov_24.463410_23 (length 54)
/home/tiago/documentos/github/ARG-Sentinel/suberror/plasmids_annot/annot/pKP125M3N44/pKP125M3N44:NODE_44_length_43061_cov_24.463410_24 (length 85)
/home/tiago/documentos/github/ARG-Sentinel/suberror/plasmids_annot/annot/pKP125M3N44/pKP125M3N44:NODE_44_length_43061_cov_24.463410_25 (length 181)
/home/tiago/documentos/github/ARG-Sentinel/suberror/plasmids_annot/annot/pKP125M3N44/pKP125M3N44:NODE_44_length_43061_cov_24.463410_26 (length 386)
/home/tiago/documentos/github/ARG-Sentinel/suberror/plasmids_annot/annot/pKP125M3N44/pKP125M3N44:NODE_44_length_43061_cov_24.463410_27 (length 169)
/home/tiago/documentos/github/ARG-Sentinel/suberror/plasmids_annot/annot/pKP125M3N44/pKP125M3N44:NODE_44_length_43061_cov_24.463410_28 (length 75)
/home/tiago/documentos/github/ARG-Sentinel/suberror/plasmids_annot/annot/pKP125M3N44/pKP125M3N44:NODE_44_length_43061_cov_24.463410_29 (length 214)
/home/tiago/documentos/github/ARG-Sentinel/suberror/plasmids_annot/annot/pKP125M3N44/pKP125M3N44:NODE_44_length_43061_cov_24.463410_30 (length 96)
/home/tiago/documentos/github/ARG-Sentinel/suberror/plasmids_annot/annot/pKP125M3N44/pKP125M3N44:NODE_44_length_43061_cov_24.463410_31 (length 917)
/home/tiago/documentos/github/ARG-Sentinel/suberror/plasmids_annot/annot/pKP125M3N44/pKP125M3N44:NODE_44_length_43061_cov_24.463410_32 (length 256)
/home/tiago/documentos/github/ARG-Sentinel/suberror/plasmids_annot/annot/pKP125M3N44/pKP125M3N44:NODE_44_length_43061_cov_24.463410_33 (length 85)
/home/tiago/documentos/github/ARG-Sentinel/suberror/plasmids_annot/annot/pKP125M3N44/pKP125M3N44:NODE_44_length_43061_cov_24.463410_34 (length 351)
/home/tiago/documentos/github/ARG-Sentinel/suberror/plasmids_annot/annot/pKP125M3N44/pKP125M3N44:NODE_44_length_43061_cov_24.463410_35 (length 242)
/home/tiago/documentos/github/ARG-Sentinel/suberror/plasmids_annot/annot/pKP125M3N44/pKP125M3N44:NODE_44_length_43061_cov_24.463410_36 (length 309)
/home/tiago/documentos/github/ARG-Sentinel/suberror/plasmids_annot/annot/pKP125M3N44/pKP125M3N44:NODE_44_length_43061_cov_24.463410_37 (length 400)
/home/tiago/documentos/github/ARG-Sentinel/suberror/plasmids_annot/annot/pKP125M3N44/pKP125M3N44:NODE_44_length_43061_cov_24.463410_38 (length 343)
/home/tiago/documentos/github/ARG-Sentinel/suberror/plasmids_annot/annot/pKP125M3N44/pKP125M3N44:NODE_44_length_43061_cov_24.463410_39 (length 65)
/home/tiago/documentos/github/ARG-Sentinel/suberror/plasmids_annot/annot/pKP125M3N44/pKP125M3N44:NODE_44_length_43061_cov_24.463410_40 (length 611)
/home/tiago/documentos/github/ARG-Sentinel/suberror/plasmids_annot/annot/pKP125M3N44/pKP125M3N44:NODE_44_length_43061_cov_24.463410_41 (length 130)
/home/tiago/documentos/github/ARG-Sentinel/suberror/plasmids_annot/annot/pKP125M3N44/pKP125M3N44:NODE_44_length_43061_cov_24.463410_42 (length 104)
/home/tiago/documentos/github/ARG-Sentinel/suberror/plasmids_annot/annot/pKP125M3N44/pKP125M3N44:NODE_44_length_43061_cov_24.463410_43 (length 128)
/home/tiago/documentos/github/ARG-Sentinel/suberror/plasmids_annot/annot/pKP125M3N44/pKP125M3N44:NODE_44_length_43061_cov_24.463410_44 (length 138)
/home/tiago/documentos/github/ARG-Sentinel/suberror/plasmids_annot/annot/pKP125M3N44/pKP125M3N44:NODE_44_length_43061_cov_24.463410_45 (length 157)
/home/tiago/documentos/github/ARG-Sentinel/suberror/plasmids_annot/annot/pKP125M3N44/pKP125M3N44:NODE_44_length_43061_cov_24.463410_46 (length 257)
/home/tiago/documentos/github/ARG-Sentinel/suberror/plasmids_annot/annot/pKP125M3N44/pKP125M3N44:NODE_44_length_43061_cov_24.463410_47 (length 196)
/home/tiago/documentos/github/ARG-Sentinel/suberror/plasmids_annot/annot/pKP125M3N44/pKP125M3N44:NODE_44_length_43061_cov_24.463410_48 (length 131)
/home/tiago/documentos/github/ARG-Sentinel/suberror/plasmids_annot/annot/pKP125M3N44/pKP125M3N44:NODE_44_length_43061_cov_24.463410_49 (length 775)
/home/tiago/documentos/github/ARG-Sentinel/suberror/plasmids_annot/annot/pKP125M3N44/pKP125M3N44:NODE_44_length_43061_cov_24.463410_50 (length 151)
/home/tiago/documentos/github/ARG-Sentinel/suberror/plasmids_annot/annot/pKP125M3N44/pKP125M3N44:NODE_44_length_43061_cov_24.463410_51 (length 135)
/home/tiago/documentos/github/ARG-Sentinel/suberror/plasmids_annot/annot/pKP125M3N44/pKP125M3N44:NODE_44_length_43061_cov_24.463410_52 (length 59)
/home/tiago/documentos/github/ARG-Sentinel/suberror/plasmids_annot/annot/pKP125M3N44/pKP125M3N44:NODE_44_length_43061_cov_24.463410_53 (length 274)
/home/tiago/documentos/github/ARG-Sentinel/suberror/plasmids_annot/annot/pKP125M3N44/pKP125M3N44:NODE_44_length_43061_cov_24.463410_54 (length 84)
/home/tiago/documentos/github/ARG-Sentinel/suberror/plasmids_annot/annot/pKP125M3N44/pKP125M3N44:NODE_44_length_43061_cov_24.463410_55 (length 91)
/home/tiago/documentos/github/ARG-Sentinel/suberror/plasmids_annot/annot/pKP125M3N44/pKP125M3N44:NODE_44_length_43061_cov_24.463410_56 (length 92)
/home/tiago/documentos/github/ARG-Sentinel/suberror/plasmids_annot/annot/pKP125M3N44/pKP125M3N44:NODE_44_length_43061_cov_24.463410_57 (length 79)
/home/tiago/documentos/github/ARG-Sentinel/suberror/plasmids_annot/annot/pKP125M3N44/pKP125M3N44:NODE_44_length_43061_cov_24.463410_58 (length 108)
/home/tiago/documentos/github/ARG-Sentinel/suberror/plasmids_annot/annot/pKP125M3N44/pKP125M3N44:NODE_44_length_43061_cov_24.463410_59 (length 178)
/home/tiago/documentos/github/ARG-Sentinel/suberror/plasmids_annot/annot/pKP125M3N44/pKP125M3N44:NODE_44_length_43061_cov_24.463410_60 (length 174)

DiscRep_ALL:DISC_INCONSISTENT_MOLINFO_TECH::Molinfo Technique Report (some missing, all same)
DiscRep_SUB:DISC_INCONSISTENT_MOLINFO_TECH::technique (all missing)
DiscRep_SUB:DISC_INCONSISTENT_MOLINFO_TECH::1 Molinfos are missing field technique
/home/tiago/documentos/github/ARG-Sentinel/suberror/plasmids_annot/annot/pKP125M3N44/pKP125M3N44:NODE_44_length_43061_cov_24.463410 (length 43061)

DiscRep_ALL:SEQ_ID_PHRASES::Sequence Ids contain unacceptable phrases (cov_, length, node, paired, or trimmed)

