Discrepancy Report Results

Summary
FATAL: MISSING_PROTEIN_ID:53 proteins have invalid IDs.
DISC_SOURCE_QUALS_ASNDISC:strain (all present, all unique)
DISC_SOURCE_QUALS_ASNDISC:taxname (all present, all unique)
DISC_FEATURE_COUNT:CDS: 53 present
DISC_COUNT_NUCLEOTIDES:1 nucleotide Bioseqs are present
FEATURE_LOCATION_CONFLICT:53 features have inconsistent gene locations.
DISC_QUALITY_SCORES:Quality scores are missing on all sequences.
ONCALLER_COMMENT_PRESENT:1 comment descriptors were found (all same)
SHORT_PROT_SEQUENCES:1 protein sequences are shorter than 50 aa.
MISSING_GENOMEASSEMBLY_COMMENTS:1 bioseqs are missing GenomeAssembly structured comments
MOLTYPE_NOT_MRNA:1 molecule types are not set as mRNA.
TECHNIQUE_NOT_TSA:1 technique are not set as TSA
MISSING_STRUCTURED_COMMENT:1 sequences do not include structured comments.
MISSING_PROJECT:54 sequences do not include project.
DISC_INCONSISTENT_MOLINFO_TECH:Molinfo Technique Report (some missing, all same)
SEQ_ID_PHRASES:Sequence Ids contain unacceptable phrases (cov_, length, node, paired, or trimmed)


Detailed Report

FATAL: DiscRep_ALL:MISSING_PROTEIN_ID::53 proteins have invalid IDs.
/home/tiago/documentos/github/ARG-Sentinel/suberror/plasmids_annot/annot/pEC537BN37/pEC537BN37:NODE_37_length_43294_cov_12.460632_1 (length 144)
/home/tiago/documentos/github/ARG-Sentinel/suberror/plasmids_annot/annot/pEC537BN37/pEC537BN37:NODE_37_length_43294_cov_12.460632_2 (length 73)
/home/tiago/documentos/github/ARG-Sentinel/suberror/plasmids_annot/annot/pEC537BN37/pEC537BN37:NODE_37_length_43294_cov_12.460632_3 (length 227)
/home/tiago/documentos/github/ARG-Sentinel/suberror/plasmids_annot/annot/pEC537BN37/pEC537BN37:NODE_37_length_43294_cov_12.460632_4 (length 308)
/home/tiago/documentos/github/ARG-Sentinel/suberror/plasmids_annot/annot/pEC537BN37/pEC537BN37:NODE_37_length_43294_cov_12.460632_5 (length 82)
/home/tiago/documentos/github/ARG-Sentinel/suberror/plasmids_annot/annot/pEC537BN37/pEC537BN37:NODE_37_length_43294_cov_12.460632_6 (length 145)
/home/tiago/documentos/github/ARG-Sentinel/suberror/plasmids_annot/annot/pEC537BN37/pEC537BN37:NODE_37_length_43294_cov_12.460632_7 (length 424)
/home/tiago/documentos/github/ARG-Sentinel/suberror/plasmids_annot/annot/pEC537BN37/pEC537BN37:NODE_37_length_43294_cov_12.460632_8 (length 138)
/home/tiago/documentos/github/ARG-Sentinel/suberror/plasmids_annot/annot/pEC537BN37/pEC537BN37:NODE_37_length_43294_cov_12.460632_9 (length 326)
/home/tiago/documentos/github/ARG-Sentinel/suberror/plasmids_annot/annot/pEC537BN37/pEC537BN37:NODE_37_length_43294_cov_12.460632_10 (length 102)
/home/tiago/documentos/github/ARG-Sentinel/suberror/plasmids_annot/annot/pEC537BN37/pEC537BN37:NODE_37_length_43294_cov_12.460632_11 (length 214)
/home/tiago/documentos/github/ARG-Sentinel/suberror/plasmids_annot/annot/pEC537BN37/pEC537BN37:NODE_37_length_43294_cov_12.460632_12 (length 262)
/home/tiago/documentos/github/ARG-Sentinel/suberror/plasmids_annot/annot/pEC537BN37/pEC537BN37:NODE_37_length_43294_cov_12.460632_13 (length 229)
/home/tiago/documentos/github/ARG-Sentinel/suberror/plasmids_annot/annot/pEC537BN37/pEC537BN37:NODE_37_length_43294_cov_12.460632_14 (length 79)
/home/tiago/documentos/github/ARG-Sentinel/suberror/plasmids_annot/annot/pEC537BN37/pEC537BN37:NODE_37_length_43294_cov_12.460632_15 (length 85)
/home/tiago/documentos/github/ARG-Sentinel/suberror/plasmids_annot/annot/pEC537BN37/pEC537BN37:NODE_37_length_43294_cov_12.460632_16 (length 196)
/home/tiago/documentos/github/ARG-Sentinel/suberror/plasmids_annot/annot/pEC537BN37/pEC537BN37:NODE_37_length_43294_cov_12.460632_17 (length 115)
/home/tiago/documentos/github/ARG-Sentinel/suberror/plasmids_annot/annot/pEC537BN37/pEC537BN37:NODE_37_length_43294_cov_12.460632_18 (length 111)
/home/tiago/documentos/github/ARG-Sentinel/suberror/plasmids_annot/annot/pEC537BN37/pEC537BN37:NODE_37_length_43294_cov_12.460632_19 (length 411)
/home/tiago/documentos/github/ARG-Sentinel/suberror/plasmids_annot/annot/pEC537BN37/pEC537BN37:NODE_37_length_43294_cov_12.460632_20 (length 141)
/home/tiago/documentos/github/ARG-Sentinel/suberror/plasmids_annot/annot/pEC537BN37/pEC537BN37:NODE_37_length_43294_cov_12.460632_21 (length 105)
/home/tiago/documentos/github/ARG-Sentinel/suberror/plasmids_annot/annot/pEC537BN37/pEC537BN37:NODE_37_length_43294_cov_12.460632_22 (length 177)
/home/tiago/documentos/github/ARG-Sentinel/suberror/plasmids_annot/annot/pEC537BN37/pEC537BN37:NODE_37_length_43294_cov_12.460632_23 (length 381)
/home/tiago/documentos/github/ARG-Sentinel/suberror/plasmids_annot/annot/pEC537BN37/pEC537BN37:NODE_37_length_43294_cov_12.460632_24 (length 62)
/home/tiago/documentos/github/ARG-Sentinel/suberror/plasmids_annot/annot/pEC537BN37/pEC537BN37:NODE_37_length_43294_cov_12.460632_25 (length 399)
/home/tiago/documentos/github/ARG-Sentinel/suberror/plasmids_annot/annot/pEC537BN37/pEC537BN37:NODE_37_length_43294_cov_12.460632_26 (length 234)
/home/tiago/documentos/github/ARG-Sentinel/suberror/plasmids_annot/annot/pEC537BN37/pEC537BN37:NODE_37_length_43294_cov_12.460632_27 (length 448)
/home/tiago/documentos/github/ARG-Sentinel/suberror/plasmids_annot/annot/pEC537BN37/pEC537BN37:NODE_37_length_43294_cov_12.460632_28 (length 200)
/home/tiago/documentos/github/ARG-Sentinel/suberror/plasmids_annot/annot/pEC537BN37/pEC537BN37:NODE_37_length_43294_cov_12.460632_29 (length 164)
/home/tiago/documentos/github/ARG-Sentinel/suberror/plasmids_annot/annot/pEC537BN37/pEC537BN37:NODE_37_length_43294_cov_12.460632_30 (length 47)
/home/tiago/documentos/github/ARG-Sentinel/suberror/plasmids_annot/annot/pEC537BN37/pEC537BN37:NODE_37_length_43294_cov_12.460632_31 (length 77)
/home/tiago/documentos/github/ARG-Sentinel/suberror/plasmids_annot/annot/pEC537BN37/pEC537BN37:NODE_37_length_43294_cov_12.460632_32 (length 157)
/home/tiago/documentos/github/ARG-Sentinel/suberror/plasmids_annot/annot/pEC537BN37/pEC537BN37:NODE_37_length_43294_cov_12.460632_33 (length 282)
/home/tiago/documentos/github/ARG-Sentinel/suberror/plasmids_annot/annot/pEC537BN37/pEC537BN37:NODE_37_length_43294_cov_12.460632_34 (length 93)
/home/tiago/documentos/github/ARG-Sentinel/suberror/plasmids_annot/annot/pEC537BN37/pEC537BN37:NODE_37_length_43294_cov_12.460632_35 (length 89)
/home/tiago/documentos/github/ARG-Sentinel/suberror/plasmids_annot/annot/pEC537BN37/pEC537BN37:NODE_37_length_43294_cov_12.460632_36 (length 358)
/home/tiago/documentos/github/ARG-Sentinel/suberror/plasmids_annot/annot/pEC537BN37/pEC537BN37:NODE_37_length_43294_cov_12.460632_37 (length 95)
/home/tiago/documentos/github/ARG-Sentinel/suberror/plasmids_annot/annot/pEC537BN37/pEC537BN37:NODE_37_length_43294_cov_12.460632_38 (length 177)
/home/tiago/documentos/github/ARG-Sentinel/suberror/plasmids_annot/annot/pEC537BN37/pEC537BN37:NODE_37_length_43294_cov_12.460632_39 (length 227)
/home/tiago/documentos/github/ARG-Sentinel/suberror/plasmids_annot/annot/pEC537BN37/pEC537BN37:NODE_37_length_43294_cov_12.460632_40 (length 188)
/home/tiago/documentos/github/ARG-Sentinel/suberror/plasmids_annot/annot/pEC537BN37/pEC537BN37:NODE_37_length_43294_cov_12.460632_41 (length 84)
/home/tiago/documentos/github/ARG-Sentinel/suberror/plasmids_annot/annot/pEC537BN37/pEC537BN37:NODE_37_length_43294_cov_12.460632_42 (length 150)
/home/tiago/documentos/github/ARG-Sentinel/suberror/plasmids_annot/annot/pEC537BN37/pEC537BN37:NODE_37_length_43294_cov_12.460632_43 (length 196)
/home/tiago/documentos/github/ARG-Sentinel/suberror/plasmids_annot/annot/pEC537BN37/pEC537BN37:NODE_37_length_43294_cov_12.460632_44 (length 355)
/home/tiago/documentos/github/ARG-Sentinel/suberror/plasmids_annot/annot/pEC537BN37/pEC537BN37:NODE_37_length_43294_cov_12.460632_45 (length 145)
/home/tiago/documentos/github/ARG-Sentinel/suberror/plasmids_annot/annot/pEC537BN37/pEC537BN37:NODE_37_length_43294_cov_12.460632_46 (length 560)
/home/tiago/documentos/github/ARG-Sentinel/suberror/plasmids_annot/annot/pEC537BN37/pEC537BN37:NODE_37_length_43294_cov_12.460632_47 (length 431)
/home/tiago/documentos/github/ARG-Sentinel/suberror/plasmids_annot/annot/pEC537BN37/pEC537BN37:NODE_37_length_43294_cov_12.460632_48 (length 150)
/home/tiago/documentos/github/ARG-Sentinel/suberror/plasmids_annot/annot/pEC537BN37/pEC537BN37:NODE_37_length_43294_cov_12.460632_49 (length 517)
/home/tiago/documentos/github/ARG-Sentinel/suberror/plasmids_annot/annot/pEC537BN37/pEC537BN37:NODE_37_length_43294_cov_12.460632_50 (length 365)
/home/tiago/documentos/github/ARG-Sentinel/suberror/plasmids_annot/annot/pEC537BN37/pEC537BN37:NODE_37_length_43294_cov_12.460632_51 (length 204)
/home/tiago/documentos/github/ARG-Sentinel/suberror/plasmids_annot/annot/pEC537BN37/pEC537BN37:NODE_37_length_43294_cov_12.460632_52 (length 186)
/home/tiago/documentos/github/ARG-Sentinel/suberror/plasmids_annot/annot/pEC537BN37/pEC537BN37:NODE_37_length_43294_cov_12.460632_53 (length 218)

DiscRep_ALL:DISC_SOURCE_QUALS_ASNDISC::strain (all present, all unique)
DiscRep_SUB:DISC_SOURCE_QUALS_ASNDISC::1 sources have unique values for strain
DiscRep_ALL:DISC_SOURCE_QUALS_ASNDISC::taxname (all present, all unique)
DiscRep_SUB:DISC_SOURCE_QUALS_ASNDISC::1 sources have unique values for taxname
DiscRep_ALL:DISC_FEATURE_COUNT::CDS: 53 present
DiscRep_ALL:DISC_COUNT_NUCLEOTIDES::1 nucleotide Bioseqs are present
/home/tiago/documentos/github/ARG-Sentinel/suberror/plasmids_annot/annot/pEC537BN37/pEC537BN37:NODE_37_length_43294_cov_12.460632 (length 43294)

DiscRep_ALL:FEATURE_LOCATION_CONFLICT::53 features have inconsistent gene locations.
DiscRep_SUB:FEATURE_LOCATION_CONFLICT::Coding region xref gene does not exist
/home/tiago/documentos/github/ARG-Sentinel/suberror/plasmids_annot/annot/pEC537BN37/pEC537BN37:CDS	hypothetical protein	NODE_37_length_43294_cov_12.460632:c803-369	CAFGOAIM_00001

DiscRep_SUB:FEATURE_LOCATION_CONFLICT::Coding region xref gene does not exist
/home/tiago/documentos/github/ARG-Sentinel/suberror/plasmids_annot/annot/pEC537BN37/pEC537BN37:CDS	hypothetical protein	NODE_37_length_43294_cov_12.460632:c1038-817	CAFGOAIM_00002

DiscRep_SUB:FEATURE_LOCATION_CONFLICT::Coding region xref gene does not exist
/home/tiago/documentos/github/ARG-Sentinel/suberror/plasmids_annot/annot/pEC537BN37/pEC537BN37:CDS	DNA adenine methyltransferase YhdJ	NODE_37_length_43294_cov_12.460632:c1722-1039	CAFGOAIM_00003

DiscRep_SUB:FEATURE_LOCATION_CONFLICT::Coding region xref gene does not exist
/home/tiago/documentos/github/ARG-Sentinel/suberror/plasmids_annot/annot/pEC537BN37/pEC537BN37:CDS	hypothetical protein	NODE_37_length_43294_cov_12.460632:c3032-2106	CAFGOAIM_00004

DiscRep_SUB:FEATURE_LOCATION_CONFLICT::Coding region xref gene does not exist
/home/tiago/documentos/github/ARG-Sentinel/suberror/plasmids_annot/annot/pEC537BN37/pEC537BN37:CDS	hypothetical protein	NODE_37_length_43294_cov_12.460632:3426-3674	CAFGOAIM_00005

DiscRep_SUB:FEATURE_LOCATION_CONFLICT::Coding region xref gene does not exist
/home/tiago/documentos/github/ARG-Sentinel/suberror/plasmids_annot/annot/pEC537BN37/pEC537BN37:CDS	Protein UmuD	NODE_37_length_43294_cov_12.460632:3671-4108	CAFGOAIM_00006

DiscRep_SUB:FEATURE_LOCATION_CONFLICT::Coding region xref gene does not exist
/home/tiago/documentos/github/ARG-Sentinel/suberror/plasmids_annot/annot/pEC537BN37/pEC537BN37:CDS	Protein UmuC	NODE_37_length_43294_cov_12.460632:4108-5382	CAFGOAIM_00007

DiscRep_SUB:FEATURE_LOCATION_CONFLICT::Coding region xref gene does not exist
/home/tiago/documentos/github/ARG-Sentinel/suberror/plasmids_annot/annot/pEC537BN37/pEC537BN37:CDS	Protein StbB	NODE_37_length_43294_cov_12.460632:c5800-5384	CAFGOAIM_00008

DiscRep_SUB:FEATURE_LOCATION_CONFLICT::Coding region xref gene does not exist
/home/tiago/documentos/github/ARG-Sentinel/suberror/plasmids_annot/annot/pEC537BN37/pEC537BN37:CDS	Plasmid segregation protein ParM	NODE_37_length_43294_cov_12.460632:c6773-5793	CAFGOAIM_00009

DiscRep_SUB:FEATURE_LOCATION_CONFLICT::Coding region xref gene does not exist
/home/tiago/documentos/github/ARG-Sentinel/suberror/plasmids_annot/annot/pEC537BN37/pEC537BN37:CDS	hypothetical protein	NODE_37_length_43294_cov_12.460632:c7495-7187	CAFGOAIM_00010

DiscRep_SUB:FEATURE_LOCATION_CONFLICT::Coding region xref gene does not exist
/home/tiago/documentos/github/ARG-Sentinel/suberror/plasmids_annot/annot/pEC537BN37/pEC537BN37:CDS	hypothetical protein	NODE_37_length_43294_cov_12.460632:c8226-7582	CAFGOAIM_00011

DiscRep_SUB:FEATURE_LOCATION_CONFLICT::Coding region xref gene does not exist
/home/tiago/documentos/github/ARG-Sentinel/suberror/plasmids_annot/annot/pEC537BN37/pEC537BN37:CDS	Tyrosine recombinase XerD	NODE_37_length_43294_cov_12.460632:c9194-8406	CAFGOAIM_00012

DiscRep_SUB:FEATURE_LOCATION_CONFLICT::Coding region xref gene does not exist
/home/tiago/documentos/github/ARG-Sentinel/suberror/plasmids_annot/annot/pEC537BN37/pEC537BN37:CDS	hypothetical protein	NODE_37_length_43294_cov_12.460632:c9880-9191	CAFGOAIM_00013

DiscRep_SUB:FEATURE_LOCATION_CONFLICT::Coding region xref gene does not exist
/home/tiago/documentos/github/ARG-Sentinel/suberror/plasmids_annot/annot/pEC537BN37/pEC537BN37:CDS	hypothetical protein	NODE_37_length_43294_cov_12.460632:c10112-9873	CAFGOAIM_00014

DiscRep_SUB:FEATURE_LOCATION_CONFLICT::Coding region xref gene does not exist
/home/tiago/documentos/github/ARG-Sentinel/suberror/plasmids_annot/annot/pEC537BN37/pEC537BN37:CDS	hypothetical protein	NODE_37_length_43294_cov_12.460632:10815-11072	CAFGOAIM_00015

DiscRep_SUB:FEATURE_LOCATION_CONFLICT::Coding region xref gene does not exist
/home/tiago/documentos/github/ARG-Sentinel/suberror/plasmids_annot/annot/pEC537BN37/pEC537BN37:CDS	hypothetical protein	NODE_37_length_43294_cov_12.460632:11072-11662	CAFGOAIM_00016

DiscRep_SUB:FEATURE_LOCATION_CONFLICT::Coding region xref gene does not exist
/home/tiago/documentos/github/ARG-Sentinel/suberror/plasmids_annot/annot/pEC537BN37/pEC537BN37:CDS	hypothetical protein	NODE_37_length_43294_cov_12.460632:c12027-11680	CAFGOAIM_00017

DiscRep_SUB:FEATURE_LOCATION_CONFLICT::Coding region xref gene does not exist
/home/tiago/documentos/github/ARG-Sentinel/suberror/plasmids_annot/annot/pEC537BN37/pEC537BN37:CDS	hypothetical protein	NODE_37_length_43294_cov_12.460632:12156-12491	CAFGOAIM_00018

DiscRep_SUB:FEATURE_LOCATION_CONFLICT::Coding region xref gene does not exist
/home/tiago/documentos/github/ARG-Sentinel/suberror/plasmids_annot/annot/pEC537BN37/pEC537BN37:CDS	Colicin-Ia	NODE_37_length_43294_cov_12.460632:c13743-12508	CAFGOAIM_00019

DiscRep_SUB:FEATURE_LOCATION_CONFLICT::Coding region xref gene does not exist
/home/tiago/documentos/github/ARG-Sentinel/suberror/plasmids_annot/annot/pEC537BN37/pEC537BN37:CDS	hypothetical protein	NODE_37_length_43294_cov_12.460632:c14214-13789	CAFGOAIM_00020

DiscRep_SUB:FEATURE_LOCATION_CONFLICT::Coding region xref gene does not exist
/home/tiago/documentos/github/ARG-Sentinel/suberror/plasmids_annot/annot/pEC537BN37/pEC537BN37:CDS	Quaternary ammonium compound-resistance protein SugE	NODE_37_length_43294_cov_12.460632:14471-14788	CAFGOAIM_00021

DiscRep_SUB:FEATURE_LOCATION_CONFLICT::Coding region xref gene does not exist
/home/tiago/documentos/github/ARG-Sentinel/suberror/plasmids_annot/annot/pEC537BN37/pEC537BN37:CDS	Outer membrane lipoprotein Blc	NODE_37_length_43294_cov_12.460632:c15318-14785	CAFGOAIM_00022

DiscRep_SUB:FEATURE_LOCATION_CONFLICT::Coding region xref gene does not exist
/home/tiago/documentos/github/ARG-Sentinel/suberror/plasmids_annot/annot/pEC537BN37/pEC537BN37:CDS	Beta-lactamase	NODE_37_length_43294_cov_12.460632:c16557-15412	CAFGOAIM_00023

DiscRep_SUB:FEATURE_LOCATION_CONFLICT::Coding region xref gene does not exist
/home/tiago/documentos/github/ARG-Sentinel/suberror/plasmids_annot/annot/pEC537BN37/pEC537BN37:CDS	hypothetical protein	NODE_37_length_43294_cov_12.460632:16954-17142	CAFGOAIM_00024

DiscRep_SUB:FEATURE_LOCATION_CONFLICT::Coding region xref gene does not exist
/home/tiago/documentos/github/ARG-Sentinel/suberror/plasmids_annot/annot/pEC537BN37/pEC537BN37:CDS	hypothetical protein	NODE_37_length_43294_cov_12.460632:17152-18351	CAFGOAIM_00025

DiscRep_SUB:FEATURE_LOCATION_CONFLICT::Coding region xref gene does not exist
/home/tiago/documentos/github/ARG-Sentinel/suberror/plasmids_annot/annot/pEC537BN37/pEC537BN37:CDS	Colicin-Ia	NODE_37_length_43294_cov_12.460632:c19219-18515	CAFGOAIM_00026

DiscRep_SUB:FEATURE_LOCATION_CONFLICT::Coding region xref gene does not exist
/home/tiago/documentos/github/ARG-Sentinel/suberror/plasmids_annot/annot/pEC537BN37/pEC537BN37:CDS	hypothetical protein	NODE_37_length_43294_cov_12.460632:c20844-19498	CAFGOAIM_00027

DiscRep_SUB:FEATURE_LOCATION_CONFLICT::Coding region xref gene does not exist
/home/tiago/documentos/github/ARG-Sentinel/suberror/plasmids_annot/annot/pEC537BN37/pEC537BN37:CDS	RNA chaperone ProQ	NODE_37_length_43294_cov_12.460632:21198-21800	CAFGOAIM_00028

DiscRep_SUB:FEATURE_LOCATION_CONFLICT::Coding region xref gene does not exist
/home/tiago/documentos/github/ARG-Sentinel/suberror/plasmids_annot/annot/pEC537BN37/pEC537BN37:CDS	hypothetical protein	NODE_37_length_43294_cov_12.460632:21856-22350	CAFGOAIM_00029

DiscRep_SUB:FEATURE_LOCATION_CONFLICT::Coding region xref gene does not exist
/home/tiago/documentos/github/ARG-Sentinel/suberror/plasmids_annot/annot/pEC537BN37/pEC537BN37:CDS	hypothetical protein	NODE_37_length_43294_cov_12.460632:22347-22490	CAFGOAIM_00030

DiscRep_SUB:FEATURE_LOCATION_CONFLICT::Coding region xref gene does not exist
/home/tiago/documentos/github/ARG-Sentinel/suberror/plasmids_annot/annot/pEC537BN37/pEC537BN37:CDS	hypothetical protein	NODE_37_length_43294_cov_12.460632:c22958-22725	CAFGOAIM_00031

DiscRep_SUB:FEATURE_LOCATION_CONFLICT::Coding region xref gene does not exist
/home/tiago/documentos/github/ARG-Sentinel/suberror/plasmids_annot/annot/pEC537BN37/pEC537BN37:CDS	hypothetical protein	NODE_37_length_43294_cov_12.460632:c23566-23093	CAFGOAIM_00032

DiscRep_SUB:FEATURE_LOCATION_CONFLICT::Coding region xref gene does not exist
/home/tiago/documentos/github/ARG-Sentinel/suberror/plasmids_annot/annot/pEC537BN37/pEC537BN37:CDS	DNA polymerase III subunit epsilon	NODE_37_length_43294_cov_12.460632:c24531-23683	CAFGOAIM_00033

DiscRep_SUB:FEATURE_LOCATION_CONFLICT::Coding region xref gene does not exist
/home/tiago/documentos/github/ARG-Sentinel/suberror/plasmids_annot/annot/pEC537BN37/pEC537BN37:CDS	Toxin RelE2	NODE_37_length_43294_cov_12.460632:c24852-24571	CAFGOAIM_00034

DiscRep_SUB:FEATURE_LOCATION_CONFLICT::Coding region xref gene does not exist
/home/tiago/documentos/github/ARG-Sentinel/suberror/plasmids_annot/annot/pEC537BN37/pEC537BN37:CDS	hypothetical protein	NODE_37_length_43294_cov_12.460632:c25118-24849	CAFGOAIM_00035

DiscRep_SUB:FEATURE_LOCATION_CONFLICT::Coding region xref gene does not exist
/home/tiago/documentos/github/ARG-Sentinel/suberror/plasmids_annot/annot/pEC537BN37/pEC537BN37:CDS	Replication initiation protein	NODE_37_length_43294_cov_12.460632:c27103-26027	CAFGOAIM_00036

DiscRep_SUB:FEATURE_LOCATION_CONFLICT::Coding region xref gene does not exist
/home/tiago/documentos/github/ARG-Sentinel/suberror/plasmids_annot/annot/pEC537BN37/pEC537BN37:CDS	hypothetical protein	NODE_37_length_43294_cov_12.460632:28212-28499	CAFGOAIM_00037

DiscRep_SUB:FEATURE_LOCATION_CONFLICT::Coding region xref gene does not exist
/home/tiago/documentos/github/ARG-Sentinel/suberror/plasmids_annot/annot/pEC537BN37/pEC537BN37:CDS	Transcription antitermination protein RfaH	NODE_37_length_43294_cov_12.460632:28941-29474	CAFGOAIM_00038

DiscRep_SUB:FEATURE_LOCATION_CONFLICT::Coding region xref gene does not exist
/home/tiago/documentos/github/ARG-Sentinel/suberror/plasmids_annot/annot/pEC537BN37/pEC537BN37:CDS	hypothetical protein	NODE_37_length_43294_cov_12.460632:29728-30411	CAFGOAIM_00039

DiscRep_SUB:FEATURE_LOCATION_CONFLICT::Coding region xref gene does not exist
/home/tiago/documentos/github/ARG-Sentinel/suberror/plasmids_annot/annot/pEC537BN37/pEC537BN37:CDS	hypothetical protein	NODE_37_length_43294_cov_12.460632:30425-30991	CAFGOAIM_00040

DiscRep_SUB:FEATURE_LOCATION_CONFLICT::Coding region xref gene does not exist
/home/tiago/documentos/github/ARG-Sentinel/suberror/plasmids_annot/annot/pEC537BN37/pEC537BN37:CDS	hypothetical protein	NODE_37_length_43294_cov_12.460632:31259-31513	CAFGOAIM_00041

DiscRep_SUB:FEATURE_LOCATION_CONFLICT::Coding region xref gene does not exist
/home/tiago/documentos/github/ARG-Sentinel/suberror/plasmids_annot/annot/pEC537BN37/pEC537BN37:CDS	hypothetical protein	NODE_37_length_43294_cov_12.460632:31556-32008	CAFGOAIM_00042

DiscRep_SUB:FEATURE_LOCATION_CONFLICT::Coding region xref gene does not exist
/home/tiago/documentos/github/ARG-Sentinel/suberror/plasmids_annot/annot/pEC537BN37/pEC537BN37:CDS	hypothetical protein	NODE_37_length_43294_cov_12.460632:32058-32648	CAFGOAIM_00043

DiscRep_SUB:FEATURE_LOCATION_CONFLICT::Coding region xref gene does not exist
/home/tiago/documentos/github/ARG-Sentinel/suberror/plasmids_annot/annot/pEC537BN37/pEC537BN37:CDS	hypothetical protein	NODE_37_length_43294_cov_12.460632:32682-33749	CAFGOAIM_00044

DiscRep_SUB:FEATURE_LOCATION_CONFLICT::Coding region xref gene does not exist
/home/tiago/documentos/github/ARG-Sentinel/suberror/plasmids_annot/annot/pEC537BN37/pEC537BN37:CDS	hypothetical protein	NODE_37_length_43294_cov_12.460632:33749-34186	CAFGOAIM_00045

DiscRep_SUB:FEATURE_LOCATION_CONFLICT::Coding region xref gene does not exist
/home/tiago/documentos/github/ARG-Sentinel/suberror/plasmids_annot/annot/pEC537BN37/pEC537BN37:CDS	Outer membrane lipoprotein BfpB	NODE_37_length_43294_cov_12.460632:34200-35882	CAFGOAIM_00046

DiscRep_SUB:FEATURE_LOCATION_CONFLICT::Coding region xref gene does not exist
/home/tiago/documentos/github/ARG-Sentinel/suberror/plasmids_annot/annot/pEC537BN37/pEC537BN37:CDS	hypothetical protein	NODE_37_length_43294_cov_12.460632:35875-37170	CAFGOAIM_00047

DiscRep_SUB:FEATURE_LOCATION_CONFLICT::Coding region xref gene does not exist
/home/tiago/documentos/github/ARG-Sentinel/suberror/plasmids_annot/annot/pEC537BN37/pEC537BN37:CDS	hypothetical protein	NODE_37_length_43294_cov_12.460632:37157-37609	CAFGOAIM_00048

DiscRep_SUB:FEATURE_LOCATION_CONFLICT::Coding region xref gene does not exist
/home/tiago/documentos/github/ARG-Sentinel/suberror/plasmids_annot/annot/pEC537BN37/pEC537BN37:CDS	Toxin coregulated pilus biosynthesis protein T	NODE_37_length_43294_cov_12.460632:37620-39173	CAFGOAIM_00049

DiscRep_SUB:FEATURE_LOCATION_CONFLICT::Coding region xref gene does not exist
/home/tiago/documentos/github/ARG-Sentinel/suberror/plasmids_annot/annot/pEC537BN37/pEC537BN37:CDS	Toxin coregulated pilus biosynthesis protein E	NODE_37_length_43294_cov_12.460632:39186-40283	CAFGOAIM_00050

DiscRep_SUB:FEATURE_LOCATION_CONFLICT::Coding region xref gene does not exist
/home/tiago/documentos/github/ARG-Sentinel/suberror/plasmids_annot/annot/pEC537BN37/pEC537BN37:CDS	hypothetical protein	NODE_37_length_43294_cov_12.460632:40301-40915	CAFGOAIM_00051

DiscRep_SUB:FEATURE_LOCATION_CONFLICT::Coding region xref gene does not exist
/home/tiago/documentos/github/ARG-Sentinel/suberror/plasmids_annot/annot/pEC537BN37/pEC537BN37:CDS	hypothetical protein	NODE_37_length_43294_cov_12.460632:40925-41485	CAFGOAIM_00052

DiscRep_SUB:FEATURE_LOCATION_CONFLICT::Coding region xref gene does not exist
/home/tiago/documentos/github/ARG-Sentinel/suberror/plasmids_annot/annot/pEC537BN37/pEC537BN37:CDS	hypothetical protein	NODE_37_length_43294_cov_12.460632:41470-42126	CAFGOAIM_00053

DiscRep_ALL:DISC_QUALITY_SCORES::Quality scores are missing on all sequences.

DiscRep_ALL:ONCALLER_COMMENT_PRESENT::1 comment descriptors were found (all same)
/home/tiago/documentos/github/ARG-Sentinel/suberror/plasmids_annot/annot/pEC537BN37/pEC537BN37:NODE_37_length_43294_cov_12.460632:Annotated using prokka 1.13 from https://github.com/tseemann/prokka

DiscRep_ALL:SHORT_PROT_SEQUENCES::1 protein sequences are shorter than 50 aa.
/home/tiago/documentos/github/ARG-Sentinel/suberror/plasmids_annot/annot/pEC537BN37/pEC537BN37:NODE_37_length_43294_cov_12.460632_30 (length 47)

DiscRep_ALL:MISSING_GENOMEASSEMBLY_COMMENTS::1 bioseqs are missing GenomeAssembly structured comments
/home/tiago/documentos/github/ARG-Sentinel/suberror/plasmids_annot/annot/pEC537BN37/pEC537BN37:NODE_37_length_43294_cov_12.460632 (length 43294)

DiscRep_ALL:MOLTYPE_NOT_MRNA::1 molecule types are not set as mRNA.
/home/tiago/documentos/github/ARG-Sentinel/suberror/plasmids_annot/annot/pEC537BN37/pEC537BN37:NODE_37_length_43294_cov_12.460632 (length 43294)

DiscRep_ALL:TECHNIQUE_NOT_TSA::1 technique are not set as TSA
/home/tiago/documentos/github/ARG-Sentinel/suberror/plasmids_annot/annot/pEC537BN37/pEC537BN37:NODE_37_length_43294_cov_12.460632 (length 43294)

DiscRep_ALL:MISSING_STRUCTURED_COMMENT::1 sequences do not include structured comments.
/home/tiago/documentos/github/ARG-Sentinel/suberror/plasmids_annot/annot/pEC537BN37/pEC537BN37:NODE_37_length_43294_cov_12.460632 (length 43294)

DiscRep_ALL:MISSING_PROJECT::54 sequences do not include project.
/home/tiago/documentos/github/ARG-Sentinel/suberror/plasmids_annot/annot/pEC537BN37/pEC537BN37:NODE_37_length_43294_cov_12.460632 (length 43294)
/home/tiago/documentos/github/ARG-Sentinel/suberror/plasmids_annot/annot/pEC537BN37/pEC537BN37:NODE_37_length_43294_cov_12.460632_1 (length 144)
/home/tiago/documentos/github/ARG-Sentinel/suberror/plasmids_annot/annot/pEC537BN37/pEC537BN37:NODE_37_length_43294_cov_12.460632_2 (length 73)
/home/tiago/documentos/github/ARG-Sentinel/suberror/plasmids_annot/annot/pEC537BN37/pEC537BN37:NODE_37_length_43294_cov_12.460632_3 (length 227)
/home/tiago/documentos/github/ARG-Sentinel/suberror/plasmids_annot/annot/pEC537BN37/pEC537BN37:NODE_37_length_43294_cov_12.460632_4 (length 308)
/home/tiago/documentos/github/ARG-Sentinel/suberror/plasmids_annot/annot/pEC537BN37/pEC537BN37:NODE_37_length_43294_cov_12.460632_5 (length 82)
/home/tiago/documentos/github/ARG-Sentinel/suberror/plasmids_annot/annot/pEC537BN37/pEC537BN37:NODE_37_length_43294_cov_12.460632_6 (length 145)
/home/tiago/documentos/github/ARG-Sentinel/suberror/plasmids_annot/annot/pEC537BN37/pEC537BN37:NODE_37_length_43294_cov_12.460632_7 (length 424)
/home/tiago/documentos/github/ARG-Sentinel/suberror/plasmids_annot/annot/pEC537BN37/pEC537BN37:NODE_37_length_43294_cov_12.460632_8 (length 138)
/home/tiago/documentos/github/ARG-Sentinel/suberror/plasmids_annot/annot/pEC537BN37/pEC537BN37:NODE_37_length_43294_cov_12.460632_9 (length 326)
/home/tiago/documentos/github/ARG-Sentinel/suberror/plasmids_annot/annot/pEC537BN37/pEC537BN37:NODE_37_length_43294_cov_12.460632_10 (length 102)
/home/tiago/documentos/github/ARG-Sentinel/suberror/plasmids_annot/annot/pEC537BN37/pEC537BN37:NODE_37_length_43294_cov_12.460632_11 (length 214)
/home/tiago/documentos/github/ARG-Sentinel/suberror/plasmids_annot/annot/pEC537BN37/pEC537BN37:NODE_37_length_43294_cov_12.460632_12 (length 262)
/home/tiago/documentos/github/ARG-Sentinel/suberror/plasmids_annot/annot/pEC537BN37/pEC537BN37:NODE_37_length_43294_cov_12.460632_13 (length 229)
/home/tiago/documentos/github/ARG-Sentinel/suberror/plasmids_annot/annot/pEC537BN37/pEC537BN37:NODE_37_length_43294_cov_12.460632_14 (length 79)
/home/tiago/documentos/github/ARG-Sentinel/suberror/plasmids_annot/annot/pEC537BN37/pEC537BN37:NODE_37_length_43294_cov_12.460632_15 (length 85)
/home/tiago/documentos/github/ARG-Sentinel/suberror/plasmids_annot/annot/pEC537BN37/pEC537BN37:NODE_37_length_43294_cov_12.460632_16 (length 196)
/home/tiago/documentos/github/ARG-Sentinel/suberror/plasmids_annot/annot/pEC537BN37/pEC537BN37:NODE_37_length_43294_cov_12.460632_17 (length 115)
/home/tiago/documentos/github/ARG-Sentinel/suberror/plasmids_annot/annot/pEC537BN37/pEC537BN37:NODE_37_length_43294_cov_12.460632_18 (length 111)
/home/tiago/documentos/github/ARG-Sentinel/suberror/plasmids_annot/annot/pEC537BN37/pEC537BN37:NODE_37_length_43294_cov_12.460632_19 (length 411)
/home/tiago/documentos/github/ARG-Sentinel/suberror/plasmids_annot/annot/pEC537BN37/pEC537BN37:NODE_37_length_43294_cov_12.460632_20 (length 141)
/home/tiago/documentos/github/ARG-Sentinel/suberror/plasmids_annot/annot/pEC537BN37/pEC537BN37:NODE_37_length_43294_cov_12.460632_21 (length 105)
/home/tiago/documentos/github/ARG-Sentinel/suberror/plasmids_annot/annot/pEC537BN37/pEC537BN37:NODE_37_length_43294_cov_12.460632_22 (length 177)
/home/tiago/documentos/github/ARG-Sentinel/suberror/plasmids_annot/annot/pEC537BN37/pEC537BN37:NODE_37_length_43294_cov_12.460632_23 (length 381)
/home/tiago/documentos/github/ARG-Sentinel/suberror/plasmids_annot/annot/pEC537BN37/pEC537BN37:NODE_37_length_43294_cov_12.460632_24 (length 62)
/home/tiago/documentos/github/ARG-Sentinel/suberror/plasmids_annot/annot/pEC537BN37/pEC537BN37:NODE_37_length_43294_cov_12.460632_25 (length 399)
/home/tiago/documentos/github/ARG-Sentinel/suberror/plasmids_annot/annot/pEC537BN37/pEC537BN37:NODE_37_length_43294_cov_12.460632_26 (length 234)
/home/tiago/documentos/github/ARG-Sentinel/suberror/plasmids_annot/annot/pEC537BN37/pEC537BN37:NODE_37_length_43294_cov_12.460632_27 (length 448)
/home/tiago/documentos/github/ARG-Sentinel/suberror/plasmids_annot/annot/pEC537BN37/pEC537BN37:NODE_37_length_43294_cov_12.460632_28 (length 200)
/home/tiago/documentos/github/ARG-Sentinel/suberror/plasmids_annot/annot/pEC537BN37/pEC537BN37:NODE_37_length_43294_cov_12.460632_29 (length 164)
/home/tiago/documentos/github/ARG-Sentinel/suberror/plasmids_annot/annot/pEC537BN37/pEC537BN37:NODE_37_length_43294_cov_12.460632_30 (length 47)
/home/tiago/documentos/github/ARG-Sentinel/suberror/plasmids_annot/annot/pEC537BN37/pEC537BN37:NODE_37_length_43294_cov_12.460632_31 (length 77)
/home/tiago/documentos/github/ARG-Sentinel/suberror/plasmids_annot/annot/pEC537BN37/pEC537BN37:NODE_37_length_43294_cov_12.460632_32 (length 157)
/home/tiago/documentos/github/ARG-Sentinel/suberror/plasmids_annot/annot/pEC537BN37/pEC537BN37:NODE_37_length_43294_cov_12.460632_33 (length 282)
/home/tiago/documentos/github/ARG-Sentinel/suberror/plasmids_annot/annot/pEC537BN37/pEC537BN37:NODE_37_length_43294_cov_12.460632_34 (length 93)
/home/tiago/documentos/github/ARG-Sentinel/suberror/plasmids_annot/annot/pEC537BN37/pEC537BN37:NODE_37_length_43294_cov_12.460632_35 (length 89)
/home/tiago/documentos/github/ARG-Sentinel/suberror/plasmids_annot/annot/pEC537BN37/pEC537BN37:NODE_37_length_43294_cov_12.460632_36 (length 358)
/home/tiago/documentos/github/ARG-Sentinel/suberror/plasmids_annot/annot/pEC537BN37/pEC537BN37:NODE_37_length_43294_cov_12.460632_37 (length 95)
/home/tiago/documentos/github/ARG-Sentinel/suberror/plasmids_annot/annot/pEC537BN37/pEC537BN37:NODE_37_length_43294_cov_12.460632_38 (length 177)
/home/tiago/documentos/github/ARG-Sentinel/suberror/plasmids_annot/annot/pEC537BN37/pEC537BN37:NODE_37_length_43294_cov_12.460632_39 (length 227)
/home/tiago/documentos/github/ARG-Sentinel/suberror/plasmids_annot/annot/pEC537BN37/pEC537BN37:NODE_37_length_43294_cov_12.460632_40 (length 188)
/home/tiago/documentos/github/ARG-Sentinel/suberror/plasmids_annot/annot/pEC537BN37/pEC537BN37:NODE_37_length_43294_cov_12.460632_41 (length 84)
/home/tiago/documentos/github/ARG-Sentinel/suberror/plasmids_annot/annot/pEC537BN37/pEC537BN37:NODE_37_length_43294_cov_12.460632_42 (length 150)
/home/tiago/documentos/github/ARG-Sentinel/suberror/plasmids_annot/annot/pEC537BN37/pEC537BN37:NODE_37_length_43294_cov_12.460632_43 (length 196)
/home/tiago/documentos/github/ARG-Sentinel/suberror/plasmids_annot/annot/pEC537BN37/pEC537BN37:NODE_37_length_43294_cov_12.460632_44 (length 355)
/home/tiago/documentos/github/ARG-Sentinel/suberror/plasmids_annot/annot/pEC537BN37/pEC537BN37:NODE_37_length_43294_cov_12.460632_45 (length 145)
/home/tiago/documentos/github/ARG-Sentinel/suberror/plasmids_annot/annot/pEC537BN37/pEC537BN37:NODE_37_length_43294_cov_12.460632_46 (length 560)
/home/tiago/documentos/github/ARG-Sentinel/suberror/plasmids_annot/annot/pEC537BN37/pEC537BN37:NODE_37_length_43294_cov_12.460632_47 (length 431)
/home/tiago/documentos/github/ARG-Sentinel/suberror/plasmids_annot/annot/pEC537BN37/pEC537BN37:NODE_37_length_43294_cov_12.460632_48 (length 150)
/home/tiago/documentos/github/ARG-Sentinel/suberror/plasmids_annot/annot/pEC537BN37/pEC537BN37:NODE_37_length_43294_cov_12.460632_49 (length 517)
/home/tiago/documentos/github/ARG-Sentinel/suberror/plasmids_annot/annot/pEC537BN37/pEC537BN37:NODE_37_length_43294_cov_12.460632_50 (length 365)
/home/tiago/documentos/github/ARG-Sentinel/suberror/plasmids_annot/annot/pEC537BN37/pEC537BN37:NODE_37_length_43294_cov_12.460632_51 (length 204)
/home/tiago/documentos/github/ARG-Sentinel/suberror/plasmids_annot/annot/pEC537BN37/pEC537BN37:NODE_37_length_43294_cov_12.460632_52 (length 186)
/home/tiago/documentos/github/ARG-Sentinel/suberror/plasmids_annot/annot/pEC537BN37/pEC537BN37:NODE_37_length_43294_cov_12.460632_53 (length 218)

DiscRep_ALL:DISC_INCONSISTENT_MOLINFO_TECH::Molinfo Technique Report (some missing, all same)
DiscRep_SUB:DISC_INCONSISTENT_MOLINFO_TECH::technique (all missing)
DiscRep_SUB:DISC_INCONSISTENT_MOLINFO_TECH::1 Molinfos are missing field technique
/home/tiago/documentos/github/ARG-Sentinel/suberror/plasmids_annot/annot/pEC537BN37/pEC537BN37:NODE_37_length_43294_cov_12.460632 (length 43294)

DiscRep_ALL:SEQ_ID_PHRASES::Sequence Ids contain unacceptable phrases (cov_, length, node, paired, or trimmed)

