[20:07:57] This is prokka 1.13
[20:07:57] Written by Torsten Seemann <torsten.seemann@gmail.com>
[20:07:57] Homepage is https://github.com/tseemann/prokka
[20:07:57] Local time is Wed Jun 24 20:07:57 2020
[20:07:57] You are tiago
[20:07:57] Operating system is linux
[20:07:57] You have BioPerl 1.007002
[20:07:57] System has 12 cores.
[20:07:57] Will use maximum of 8 cores.
[20:07:57] Annotating as >>> Bacteria <<<
[20:07:57] Generating locus_tag from '/home/tiago/documentos/github/ARG-Sentinel/suberror/plasmids_annot/pSE452BN56.fasta' contents.
[20:07:57] Setting --locustag CFNJLOCI from MD5 cf7358c223d204131098bf8adec771e3
[20:07:57] Creating new output folder: /home/tiago/documentos/github/ARG-Sentinel/suberror/plasmids_annot/annot/pSE452BN56
[20:07:57] Running: mkdir -p \/home\/tiago\/documentos\/github\/ARG\-Sentinel\/suberror\/plasmids_annot\/annot\/pSE452BN56
[20:07:57] Using filename prefix: pSE452BN56.XXX
[20:07:57] Setting HMMER_NCPU=1
[20:07:57] Writing log to: /home/tiago/documentos/github/ARG-Sentinel/suberror/plasmids_annot/annot/pSE452BN56/pSE452BN56.log
[20:07:57] Command: /home/tiago/anaconda3/bin/prokka --outdir /home/tiago/documentos/github/ARG-Sentinel/suberror/plasmids_annot/annot/pSE452BN56 --prefix pSE452BN56 /home/tiago/documentos/github/ARG-Sentinel/suberror/plasmids_annot/pSE452BN56.fasta
[20:07:57] Appending to PATH: /home/tiago/anaconda3/bin
[20:07:57] Looking for 'aragorn' - found /home/tiago/anaconda3/bin/aragorn
[20:07:57] Determined aragorn version is 1.2
[20:07:57] Looking for 'barrnap' - found /home/tiago/anaconda3/bin/barrnap
[20:07:58] Determined barrnap version is 0.9
[20:07:58] Looking for 'blastp' - found /home/tiago/anaconda3/bin/blastp
[20:07:58] Determined blastp version is 2.9
[20:07:58] Looking for 'cmpress' - found /home/tiago/anaconda3/bin/cmpress
[20:07:58] Determined cmpress version is 1.1
[20:07:58] Looking for 'cmscan' - found /home/tiago/anaconda3/bin/cmscan
[20:07:58] Determined cmscan version is 1.1
[20:07:58] Looking for 'egrep' - found /usr/bin/egrep
[20:07:58] Looking for 'find' - found /usr/bin/find
[20:07:58] Looking for 'grep' - found /usr/bin/grep
[20:07:58] Looking for 'hmmpress' - found /home/tiago/anaconda3/bin/hmmpress
[20:07:58] Determined hmmpress version is 3.3
[20:07:58] Looking for 'hmmscan' - found /home/tiago/anaconda3/bin/hmmscan
[20:07:58] Determined hmmscan version is 3.3
[20:07:58] Looking for 'java' - found /home/tiago/anaconda3/bin/java
[20:07:58] Looking for 'less' - found /usr/bin/less
[20:07:58] Looking for 'makeblastdb' - found /home/tiago/anaconda3/bin/makeblastdb
[20:07:58] Determined makeblastdb version is 2.9
[20:07:58] Looking for 'minced' - found /home/tiago/anaconda3/bin/minced
[20:07:58] Determined minced version is 4.2
[20:07:58] Looking for 'parallel' - found /home/tiago/anaconda3/bin/parallel
[20:07:58] Determined parallel version is 20160622
[20:07:58] Looking for 'prodigal' - found /home/tiago/anaconda3/bin/prodigal
[20:07:58] Determined prodigal version is 2.6
[20:07:58] Looking for 'prokka-genbank_to_fasta_db' - found /home/tiago/anaconda3/bin/prokka-genbank_to_fasta_db
[20:07:58] Looking for 'sed' - found /usr/bin/sed
[20:07:58] Looking for 'tbl2asn' - found /home/tiago/anaconda3/bin/tbl2asn
[20:07:58] Determined tbl2asn version is 25.7
[20:07:58] Using genetic code table 11.
[20:07:58] Loading and checking input file: /home/tiago/documentos/github/ARG-Sentinel/suberror/plasmids_annot/pSE452BN56.fasta
[20:07:58] Wrote 1 contigs totalling 2305 bp.
[20:07:58] Predicting tRNAs and tmRNAs
[20:07:58] Running: aragorn -l -gc11  -w \/home\/tiago\/documentos\/github\/ARG\-Sentinel\/suberror\/plasmids_annot\/annot\/pSE452BN56\/pSE452BN56\.fna
[20:07:58] Found 0 tRNAs
[20:07:58] Predicting Ribosomal RNAs
[20:07:58] Running Barrnap with 8 threads
[20:07:58] Found 0 rRNAs
[20:07:58] Skipping ncRNA search, enable with --rfam if desired.
[20:07:58] Total of 0 tRNA + rRNA features
[20:07:58] Searching for CRISPR repeats
[20:07:58] Found 0 CRISPRs
[20:07:58] Predicting coding sequences
[20:07:58] Contigs total 2305 bp, so using meta mode
[20:07:58] Running: prodigal -i \/home\/tiago\/documentos\/github\/ARG\-Sentinel\/suberror\/plasmids_annot\/annot\/pSE452BN56\/pSE452BN56\.fna -c -m -g 11 -p meta -f sco -q
[20:07:58] Found 1 CDS
[20:07:58] Connecting features back to sequences
[20:07:58] Not using genus-specific database. Try --usegenus to enable it.
[20:07:58] Annotating CDS, please be patient.
[20:07:58] Will use 8 CPUs for similarity searching.
[20:07:58] There are still 1 unannotated CDS left (started with 1)
[20:07:58] Will use blast to search against /home/tiago/anaconda3/bin/../db/kingdom/Bacteria/sprot with 8 CPUs
[20:07:58] Running: cat \/home\/tiago\/documentos\/github\/ARG\-Sentinel\/suberror\/plasmids_annot\/annot\/pSE452BN56\/sprot\.faa | parallel --gnu --plain -j 8 --block 15 --recstart '>' --pipe blastp -query - -db /home/tiago/anaconda3/bin/../db/kingdom/Bacteria/sprot -evalue 1e-06 -num_threads 1 -num_descriptions 1 -num_alignments 1 -seg no > \/home\/tiago\/documentos\/github\/ARG\-Sentinel\/suberror\/plasmids_annot\/annot\/pSE452BN56\/sprot\.blast 2> /dev/null
[20:07:59] Deleting unwanted file: /home/tiago/documentos/github/ARG-Sentinel/suberror/plasmids_annot/annot/pSE452BN56/sprot.faa
[20:07:59] Deleting unwanted file: /home/tiago/documentos/github/ARG-Sentinel/suberror/plasmids_annot/annot/pSE452BN56/sprot.blast
[20:07:59] Found 1 unique /gene codes.
[20:07:59] Fixed 0 colliding /gene names.
[20:07:59] Adding /locus_tag identifiers
[20:07:59] Assigned 1 locus_tags to CDS and RNA features.
[20:07:59] Writing outputs to /home/tiago/documentos/github/ARG-Sentinel/suberror/plasmids_annot/annot/pSE452BN56/
[20:07:59] Generating annotation statistics file
[20:07:59] Generating Genbank and Sequin files
[20:07:59] Running: tbl2asn -V b -a r10k -l paired-ends -M n -N 1 -y 'Annotated using prokka 1.13 from https://github.com/tseemann/prokka' -Z \/home\/tiago\/documentos\/github\/ARG\-Sentinel\/suberror\/plasmids_annot\/annot\/pSE452BN56\/pSE452BN56\.err -i \/home\/tiago\/documentos\/github\/ARG\-Sentinel\/suberror\/plasmids_annot\/annot\/pSE452BN56\/pSE452BN56\.fsa 2> /dev/null
[20:07:59] Could not run command: tbl2asn -V b -a r10k -l paired-ends -M n -N 1 -y 'Annotated using prokka 1.13 from https://github.com/tseemann/prokka' -Z \/home\/tiago\/documentos\/github\/ARG\-Sentinel\/suberror\/plasmids_annot\/annot\/pSE452BN56\/pSE452BN56\.err -i \/home\/tiago\/documentos\/github\/ARG\-Sentinel\/suberror\/plasmids_annot\/annot\/pSE452BN56\/pSE452BN56\.fsa 2> /dev/null
