[20:07:52] This is prokka 1.13
[20:07:52] Written by Torsten Seemann <torsten.seemann@gmail.com>
[20:07:52] Homepage is https://github.com/tseemann/prokka
[20:07:52] Local time is Wed Jun 24 20:07:52 2020
[20:07:52] You are tiago
[20:07:52] Operating system is linux
[20:07:52] You have BioPerl 1.007002
[20:07:52] System has 12 cores.
[20:07:52] Will use maximum of 8 cores.
[20:07:52] Annotating as >>> Bacteria <<<
[20:07:52] Generating locus_tag from '/home/tiago/documentos/github/ARG-Sentinel/suberror/plasmids_annot/pKP98M3N42.fasta' contents.
[20:07:52] Setting --locustag FEDIEKEO from MD5 fed2e4e8f247f87e9c978057f9da0876
[20:07:52] Creating new output folder: /home/tiago/documentos/github/ARG-Sentinel/suberror/plasmids_annot/annot/pKP98M3N42
[20:07:52] Running: mkdir -p \/home\/tiago\/documentos\/github\/ARG\-Sentinel\/suberror\/plasmids_annot\/annot\/pKP98M3N42
[20:07:52] Using filename prefix: pKP98M3N42.XXX
[20:07:52] Setting HMMER_NCPU=1
[20:07:52] Writing log to: /home/tiago/documentos/github/ARG-Sentinel/suberror/plasmids_annot/annot/pKP98M3N42/pKP98M3N42.log
[20:07:52] Command: /home/tiago/anaconda3/bin/prokka --outdir /home/tiago/documentos/github/ARG-Sentinel/suberror/plasmids_annot/annot/pKP98M3N42 --prefix pKP98M3N42 /home/tiago/documentos/github/ARG-Sentinel/suberror/plasmids_annot/pKP98M3N42.fasta
[20:07:52] Appending to PATH: /home/tiago/anaconda3/bin
[20:07:52] Looking for 'aragorn' - found /home/tiago/anaconda3/bin/aragorn
[20:07:52] Determined aragorn version is 1.2
[20:07:52] Looking for 'barrnap' - found /home/tiago/anaconda3/bin/barrnap
[20:07:52] Determined barrnap version is 0.9
[20:07:52] Looking for 'blastp' - found /home/tiago/anaconda3/bin/blastp
[20:07:53] Determined blastp version is 2.9
[20:07:53] Looking for 'cmpress' - found /home/tiago/anaconda3/bin/cmpress
[20:07:53] Determined cmpress version is 1.1
[20:07:53] Looking for 'cmscan' - found /home/tiago/anaconda3/bin/cmscan
[20:07:53] Determined cmscan version is 1.1
[20:07:53] Looking for 'egrep' - found /usr/bin/egrep
[20:07:53] Looking for 'find' - found /usr/bin/find
[20:07:53] Looking for 'grep' - found /usr/bin/grep
[20:07:53] Looking for 'hmmpress' - found /home/tiago/anaconda3/bin/hmmpress
[20:07:53] Determined hmmpress version is 3.3
[20:07:53] Looking for 'hmmscan' - found /home/tiago/anaconda3/bin/hmmscan
[20:07:53] Determined hmmscan version is 3.3
[20:07:53] Looking for 'java' - found /home/tiago/anaconda3/bin/java
[20:07:53] Looking for 'less' - found /usr/bin/less
[20:07:53] Looking for 'makeblastdb' - found /home/tiago/anaconda3/bin/makeblastdb
[20:07:53] Determined makeblastdb version is 2.9
[20:07:53] Looking for 'minced' - found /home/tiago/anaconda3/bin/minced
[20:07:53] Determined minced version is 4.2
[20:07:53] Looking for 'parallel' - found /home/tiago/anaconda3/bin/parallel
[20:07:53] Determined parallel version is 20160622
[20:07:53] Looking for 'prodigal' - found /home/tiago/anaconda3/bin/prodigal
[20:07:53] Determined prodigal version is 2.6
[20:07:53] Looking for 'prokka-genbank_to_fasta_db' - found /home/tiago/anaconda3/bin/prokka-genbank_to_fasta_db
[20:07:53] Looking for 'sed' - found /usr/bin/sed
[20:07:53] Looking for 'tbl2asn' - found /home/tiago/anaconda3/bin/tbl2asn
[20:07:53] Determined tbl2asn version is 25.7
[20:07:53] Using genetic code table 11.
[20:07:53] Loading and checking input file: /home/tiago/documentos/github/ARG-Sentinel/suberror/plasmids_annot/pKP98M3N42.fasta
[20:07:53] Wrote 1 contigs totalling 42978 bp.
[20:07:53] Predicting tRNAs and tmRNAs
[20:07:53] Running: aragorn -l -gc11  -w \/home\/tiago\/documentos\/github\/ARG\-Sentinel\/suberror\/plasmids_annot\/annot\/pKP98M3N42\/pKP98M3N42\.fna
[20:07:53] Found 0 tRNAs
[20:07:53] Predicting Ribosomal RNAs
[20:07:53] Running Barrnap with 8 threads
[20:07:53] Found 0 rRNAs
[20:07:53] Skipping ncRNA search, enable with --rfam if desired.
[20:07:53] Total of 0 tRNA + rRNA features
[20:07:53] Searching for CRISPR repeats
[20:07:53] Found 0 CRISPRs
[20:07:53] Predicting coding sequences
[20:07:53] Contigs total 42978 bp, so using meta mode
[20:07:53] Running: prodigal -i \/home\/tiago\/documentos\/github\/ARG\-Sentinel\/suberror\/plasmids_annot\/annot\/pKP98M3N42\/pKP98M3N42\.fna -c -m -g 11 -p meta -f sco -q
[20:07:54] Found 60 CDS
[20:07:54] Connecting features back to sequences
[20:07:54] Not using genus-specific database. Try --usegenus to enable it.
[20:07:54] Annotating CDS, please be patient.
[20:07:54] Will use 8 CPUs for similarity searching.
[20:07:54] There are still 60 unannotated CDS left (started with 60)
[20:07:54] Will use blast to search against /home/tiago/anaconda3/bin/../db/kingdom/Bacteria/sprot with 8 CPUs
[20:07:54] Running: cat \/home\/tiago\/documentos\/github\/ARG\-Sentinel\/suberror\/plasmids_annot\/annot\/pKP98M3N42\/sprot\.faa | parallel --gnu --plain -j 8 --block 748 --recstart '>' --pipe blastp -query - -db /home/tiago/anaconda3/bin/../db/kingdom/Bacteria/sprot -evalue 1e-06 -num_threads 1 -num_descriptions 1 -num_alignments 1 -seg no > \/home\/tiago\/documentos\/github\/ARG\-Sentinel\/suberror\/plasmids_annot\/annot\/pKP98M3N42\/sprot\.blast 2> /dev/null
[20:07:56] Deleting unwanted file: /home/tiago/documentos/github/ARG-Sentinel/suberror/plasmids_annot/annot/pKP98M3N42/sprot.faa
[20:07:56] Deleting unwanted file: /home/tiago/documentos/github/ARG-Sentinel/suberror/plasmids_annot/annot/pKP98M3N42/sprot.blast
[20:07:56] There are still 42 unannotated CDS left (started with 60)
[20:07:56] Will use hmmer3 to search against /home/tiago/anaconda3/bin/../db/hmm/HAMAP.hmm with 8 CPUs
[20:07:56] Running: cat \/home\/tiago\/documentos\/github\/ARG\-Sentinel\/suberror\/plasmids_annot\/annot\/pKP98M3N42\/HAMAP\.hmm\.faa | parallel --gnu --plain -j 8 --block 380 --recstart '>' --pipe hmmscan --noali --notextw --acc -E 1e-06 --cpu 1 /home/tiago/anaconda3/bin/../db/hmm/HAMAP.hmm /dev/stdin > \/home\/tiago\/documentos\/github\/ARG\-Sentinel\/suberror\/plasmids_annot\/annot\/pKP98M3N42\/HAMAP\.hmm\.hmmer3 2> /dev/null
[20:07:57] Deleting unwanted file: /home/tiago/documentos/github/ARG-Sentinel/suberror/plasmids_annot/annot/pKP98M3N42/HAMAP.hmm.faa
[20:07:57] Deleting unwanted file: /home/tiago/documentos/github/ARG-Sentinel/suberror/plasmids_annot/annot/pKP98M3N42/HAMAP.hmm.hmmer3
[20:07:57] Labelling remaining 39 proteins as 'hypothetical protein'
[20:07:57] Found 19 unique /gene codes.
[20:07:57] Fixed 0 colliding /gene names.
[20:07:57] Adding /locus_tag identifiers
[20:07:57] Assigned 60 locus_tags to CDS and RNA features.
[20:07:57] Writing outputs to /home/tiago/documentos/github/ARG-Sentinel/suberror/plasmids_annot/annot/pKP98M3N42/
[20:07:57] Generating annotation statistics file
[20:07:57] Generating Genbank and Sequin files
[20:07:57] Running: tbl2asn -V b -a r10k -l paired-ends -M n -N 1 -y 'Annotated using prokka 1.13 from https://github.com/tseemann/prokka' -Z \/home\/tiago\/documentos\/github\/ARG\-Sentinel\/suberror\/plasmids_annot\/annot\/pKP98M3N42\/pKP98M3N42\.err -i \/home\/tiago\/documentos\/github\/ARG\-Sentinel\/suberror\/plasmids_annot\/annot\/pKP98M3N42\/pKP98M3N42\.fsa 2> /dev/null
[20:07:57] Could not run command: tbl2asn -V b -a r10k -l paired-ends -M n -N 1 -y 'Annotated using prokka 1.13 from https://github.com/tseemann/prokka' -Z \/home\/tiago\/documentos\/github\/ARG\-Sentinel\/suberror\/plasmids_annot\/annot\/pKP98M3N42\/pKP98M3N42\.err -i \/home\/tiago\/documentos\/github\/ARG\-Sentinel\/suberror\/plasmids_annot\/annot\/pKP98M3N42\/pKP98M3N42\.fsa 2> /dev/null
