Discrepancy Report Results

Summary
FATAL: MISSING_PROTEIN_ID:60 proteins have invalid IDs.
DISC_SOURCE_QUALS_ASNDISC:strain (all present, all unique)
DISC_SOURCE_QUALS_ASNDISC:taxname (all present, all unique)
DISC_FEATURE_COUNT:CDS: 60 present
DISC_COUNT_NUCLEOTIDES:1 nucleotide Bioseqs are present
FEATURE_LOCATION_CONFLICT:60 features have inconsistent gene locations.
SUSPECT_PRODUCT_NAMES:1 product_names contain suspect phrase or characters
	May contain database identifier more appropriate in note; remove from product name
		1 features contains three or more numbers together that may be identifiers more appropriate in note
DISC_QUALITY_SCORES:Quality scores are missing on all sequences.
ONCALLER_COMMENT_PRESENT:1 comment descriptors were found (all same)
MISSING_GENOMEASSEMBLY_COMMENTS:1 bioseqs are missing GenomeAssembly structured comments
MOLTYPE_NOT_MRNA:1 molecule types are not set as mRNA.
TECHNIQUE_NOT_TSA:1 technique are not set as TSA
MISSING_STRUCTURED_COMMENT:1 sequences do not include structured comments.
MISSING_PROJECT:61 sequences do not include project.
DISC_INCONSISTENT_MOLINFO_TECH:Molinfo Technique Report (some missing, all same)
SEQ_ID_PHRASES:Sequence Ids contain unacceptable phrases (cov_, length, node, paired, or trimmed)


Detailed Report

FATAL: DiscRep_ALL:MISSING_PROTEIN_ID::60 proteins have invalid IDs.
/home/tiago/documentos/github/ARG-Sentinel/suberror/plasmids_annot/annot/pKP98M3N42/pKP98M3N42:NODE_42_length_42978_cov_16.990438_1 (length 92)
/home/tiago/documentos/github/ARG-Sentinel/suberror/plasmids_annot/annot/pKP98M3N42/pKP98M3N42:NODE_42_length_42978_cov_16.990438_2 (length 140)
/home/tiago/documentos/github/ARG-Sentinel/suberror/plasmids_annot/annot/pKP98M3N42/pKP98M3N42:NODE_42_length_42978_cov_16.990438_3 (length 51)
/home/tiago/documentos/github/ARG-Sentinel/suberror/plasmids_annot/annot/pKP98M3N42/pKP98M3N42:NODE_42_length_42978_cov_16.990438_4 (length 98)
/home/tiago/documentos/github/ARG-Sentinel/suberror/plasmids_annot/annot/pKP98M3N42/pKP98M3N42:NODE_42_length_42978_cov_16.990438_5 (length 326)
/home/tiago/documentos/github/ARG-Sentinel/suberror/plasmids_annot/annot/pKP98M3N42/pKP98M3N42:NODE_42_length_42978_cov_16.990438_6 (length 293)
/home/tiago/documentos/github/ARG-Sentinel/suberror/plasmids_annot/annot/pKP98M3N42/pKP98M3N42:NODE_42_length_42978_cov_16.990438_7 (length 185)
/home/tiago/documentos/github/ARG-Sentinel/suberror/plasmids_annot/annot/pKP98M3N42/pKP98M3N42:NODE_42_length_42978_cov_16.990438_8 (length 322)
/home/tiago/documentos/github/ARG-Sentinel/suberror/plasmids_annot/annot/pKP98M3N42/pKP98M3N42:NODE_42_length_42978_cov_16.990438_9 (length 222)
/home/tiago/documentos/github/ARG-Sentinel/suberror/plasmids_annot/annot/pKP98M3N42/pKP98M3N42:NODE_42_length_42978_cov_16.990438_10 (length 71)
/home/tiago/documentos/github/ARG-Sentinel/suberror/plasmids_annot/annot/pKP98M3N42/pKP98M3N42:NODE_42_length_42978_cov_16.990438_11 (length 94)
/home/tiago/documentos/github/ARG-Sentinel/suberror/plasmids_annot/annot/pKP98M3N42/pKP98M3N42:NODE_42_length_42978_cov_16.990438_12 (length 160)
/home/tiago/documentos/github/ARG-Sentinel/suberror/plasmids_annot/annot/pKP98M3N42/pKP98M3N42:NODE_42_length_42978_cov_16.990438_13 (length 84)
/home/tiago/documentos/github/ARG-Sentinel/suberror/plasmids_annot/annot/pKP98M3N42/pKP98M3N42:NODE_42_length_42978_cov_16.990438_14 (length 117)
/home/tiago/documentos/github/ARG-Sentinel/suberror/plasmids_annot/annot/pKP98M3N42/pKP98M3N42:NODE_42_length_42978_cov_16.990438_15 (length 147)
/home/tiago/documentos/github/ARG-Sentinel/suberror/plasmids_annot/annot/pKP98M3N42/pKP98M3N42:NODE_42_length_42978_cov_16.990438_16 (length 290)
/home/tiago/documentos/github/ARG-Sentinel/suberror/plasmids_annot/annot/pKP98M3N42/pKP98M3N42:NODE_42_length_42978_cov_16.990438_17 (length 171)
/home/tiago/documentos/github/ARG-Sentinel/suberror/plasmids_annot/annot/pKP98M3N42/pKP98M3N42:NODE_42_length_42978_cov_16.990438_18 (length 78)
/home/tiago/documentos/github/ARG-Sentinel/suberror/plasmids_annot/annot/pKP98M3N42/pKP98M3N42:NODE_42_length_42978_cov_16.990438_19 (length 183)
/home/tiago/documentos/github/ARG-Sentinel/suberror/plasmids_annot/annot/pKP98M3N42/pKP98M3N42:NODE_42_length_42978_cov_16.990438_20 (length 89)
/home/tiago/documentos/github/ARG-Sentinel/suberror/plasmids_annot/annot/pKP98M3N42/pKP98M3N42:NODE_42_length_42978_cov_16.990438_21 (length 80)
/home/tiago/documentos/github/ARG-Sentinel/suberror/plasmids_annot/annot/pKP98M3N42/pKP98M3N42:NODE_42_length_42978_cov_16.990438_22 (length 112)
/home/tiago/documentos/github/ARG-Sentinel/suberror/plasmids_annot/annot/pKP98M3N42/pKP98M3N42:NODE_42_length_42978_cov_16.990438_23 (length 54)
/home/tiago/documentos/github/ARG-Sentinel/suberror/plasmids_annot/annot/pKP98M3N42/pKP98M3N42:NODE_42_length_42978_cov_16.990438_24 (length 85)
/home/tiago/documentos/github/ARG-Sentinel/suberror/plasmids_annot/annot/pKP98M3N42/pKP98M3N42:NODE_42_length_42978_cov_16.990438_25 (length 181)
/home/tiago/documentos/github/ARG-Sentinel/suberror/plasmids_annot/annot/pKP98M3N42/pKP98M3N42:NODE_42_length_42978_cov_16.990438_26 (length 386)
/home/tiago/documentos/github/ARG-Sentinel/suberror/plasmids_annot/annot/pKP98M3N42/pKP98M3N42:NODE_42_length_42978_cov_16.990438_27 (length 169)
/home/tiago/documentos/github/ARG-Sentinel/suberror/plasmids_annot/annot/pKP98M3N42/pKP98M3N42:NODE_42_length_42978_cov_16.990438_28 (length 75)
/home/tiago/documentos/github/ARG-Sentinel/suberror/plasmids_annot/annot/pKP98M3N42/pKP98M3N42:NODE_42_length_42978_cov_16.990438_29 (length 214)
/home/tiago/documentos/github/ARG-Sentinel/suberror/plasmids_annot/annot/pKP98M3N42/pKP98M3N42:NODE_42_length_42978_cov_16.990438_30 (length 96)
/home/tiago/documentos/github/ARG-Sentinel/suberror/plasmids_annot/annot/pKP98M3N42/pKP98M3N42:NODE_42_length_42978_cov_16.990438_31 (length 917)
/home/tiago/documentos/github/ARG-Sentinel/suberror/plasmids_annot/annot/pKP98M3N42/pKP98M3N42:NODE_42_length_42978_cov_16.990438_32 (length 256)
/home/tiago/documentos/github/ARG-Sentinel/suberror/plasmids_annot/annot/pKP98M3N42/pKP98M3N42:NODE_42_length_42978_cov_16.990438_33 (length 85)
/home/tiago/documentos/github/ARG-Sentinel/suberror/plasmids_annot/annot/pKP98M3N42/pKP98M3N42:NODE_42_length_42978_cov_16.990438_34 (length 351)
/home/tiago/documentos/github/ARG-Sentinel/suberror/plasmids_annot/annot/pKP98M3N42/pKP98M3N42:NODE_42_length_42978_cov_16.990438_35 (length 242)
/home/tiago/documentos/github/ARG-Sentinel/suberror/plasmids_annot/annot/pKP98M3N42/pKP98M3N42:NODE_42_length_42978_cov_16.990438_36 (length 309)
/home/tiago/documentos/github/ARG-Sentinel/suberror/plasmids_annot/annot/pKP98M3N42/pKP98M3N42:NODE_42_length_42978_cov_16.990438_37 (length 400)
/home/tiago/documentos/github/ARG-Sentinel/suberror/plasmids_annot/annot/pKP98M3N42/pKP98M3N42:NODE_42_length_42978_cov_16.990438_38 (length 343)
/home/tiago/documentos/github/ARG-Sentinel/suberror/plasmids_annot/annot/pKP98M3N42/pKP98M3N42:NODE_42_length_42978_cov_16.990438_39 (length 65)
/home/tiago/documentos/github/ARG-Sentinel/suberror/plasmids_annot/annot/pKP98M3N42/pKP98M3N42:NODE_42_length_42978_cov_16.990438_40 (length 611)
/home/tiago/documentos/github/ARG-Sentinel/suberror/plasmids_annot/annot/pKP98M3N42/pKP98M3N42:NODE_42_length_42978_cov_16.990438_41 (length 130)
/home/tiago/documentos/github/ARG-Sentinel/suberror/plasmids_annot/annot/pKP98M3N42/pKP98M3N42:NODE_42_length_42978_cov_16.990438_42 (length 104)
/home/tiago/documentos/github/ARG-Sentinel/suberror/plasmids_annot/annot/pKP98M3N42/pKP98M3N42:NODE_42_length_42978_cov_16.990438_43 (length 128)
/home/tiago/documentos/github/ARG-Sentinel/suberror/plasmids_annot/annot/pKP98M3N42/pKP98M3N42:NODE_42_length_42978_cov_16.990438_44 (length 138)
/home/tiago/documentos/github/ARG-Sentinel/suberror/plasmids_annot/annot/pKP98M3N42/pKP98M3N42:NODE_42_length_42978_cov_16.990438_45 (length 157)
/home/tiago/documentos/github/ARG-Sentinel/suberror/plasmids_annot/annot/pKP98M3N42/pKP98M3N42:NODE_42_length_42978_cov_16.990438_46 (length 257)
/home/tiago/documentos/github/ARG-Sentinel/suberror/plasmids_annot/annot/pKP98M3N42/pKP98M3N42:NODE_42_length_42978_cov_16.990438_47 (length 196)
/home/tiago/documentos/github/ARG-Sentinel/suberror/plasmids_annot/annot/pKP98M3N42/pKP98M3N42:NODE_42_length_42978_cov_16.990438_48 (length 131)
/home/tiago/documentos/github/ARG-Sentinel/suberror/plasmids_annot/annot/pKP98M3N42/pKP98M3N42:NODE_42_length_42978_cov_16.990438_49 (length 775)
/home/tiago/documentos/github/ARG-Sentinel/suberror/plasmids_annot/annot/pKP98M3N42/pKP98M3N42:NODE_42_length_42978_cov_16.990438_50 (length 151)
/home/tiago/documentos/github/ARG-Sentinel/suberror/plasmids_annot/annot/pKP98M3N42/pKP98M3N42:NODE_42_length_42978_cov_16.990438_51 (length 135)
/home/tiago/documentos/github/ARG-Sentinel/suberror/plasmids_annot/annot/pKP98M3N42/pKP98M3N42:NODE_42_length_42978_cov_16.990438_52 (length 59)
/home/tiago/documentos/github/ARG-Sentinel/suberror/plasmids_annot/annot/pKP98M3N42/pKP98M3N42:NODE_42_length_42978_cov_16.990438_53 (length 274)
/home/tiago/documentos/github/ARG-Sentinel/suberror/plasmids_annot/annot/pKP98M3N42/pKP98M3N42:NODE_42_length_42978_cov_16.990438_54 (length 84)
/home/tiago/documentos/github/ARG-Sentinel/suberror/plasmids_annot/annot/pKP98M3N42/pKP98M3N42:NODE_42_length_42978_cov_16.990438_55 (length 91)
/home/tiago/documentos/github/ARG-Sentinel/suberror/plasmids_annot/annot/pKP98M3N42/pKP98M3N42:NODE_42_length_42978_cov_16.990438_56 (length 92)
/home/tiago/documentos/github/ARG-Sentinel/suberror/plasmids_annot/annot/pKP98M3N42/pKP98M3N42:NODE_42_length_42978_cov_16.990438_57 (length 79)
/home/tiago/documentos/github/ARG-Sentinel/suberror/plasmids_annot/annot/pKP98M3N42/pKP98M3N42:NODE_42_length_42978_cov_16.990438_58 (length 108)
/home/tiago/documentos/github/ARG-Sentinel/suberror/plasmids_annot/annot/pKP98M3N42/pKP98M3N42:NODE_42_length_42978_cov_16.990438_59 (length 178)
/home/tiago/documentos/github/ARG-Sentinel/suberror/plasmids_annot/annot/pKP98M3N42/pKP98M3N42:NODE_42_length_42978_cov_16.990438_60 (length 174)

DiscRep_ALL:DISC_SOURCE_QUALS_ASNDISC::strain (all present, all unique)
DiscRep_SUB:DISC_SOURCE_QUALS_ASNDISC::1 sources have unique values for strain
DiscRep_ALL:DISC_SOURCE_QUALS_ASNDISC::taxname (all present, all unique)
DiscRep_SUB:DISC_SOURCE_QUALS_ASNDISC::1 sources have unique values for taxname
DiscRep_ALL:DISC_FEATURE_COUNT::CDS: 60 present
DiscRep_ALL:DISC_COUNT_NUCLEOTIDES::1 nucleotide Bioseqs are present
/home/tiago/documentos/github/ARG-Sentinel/suberror/plasmids_annot/annot/pKP98M3N42/pKP98M3N42:NODE_42_length_42978_cov_16.990438 (length 42978)

DiscRep_ALL:FEATURE_LOCATION_CONFLICT::60 features have inconsistent gene locations.
DiscRep_SUB:FEATURE_LOCATION_CONFLICT::Coding region xref gene does not exist
/home/tiago/documentos/github/ARG-Sentinel/suberror/plasmids_annot/annot/pKP98M3N42/pKP98M3N42:CDS	hypothetical protein	NODE_42_length_42978_cov_16.990438:200-478	FEDIEKEO_00001

DiscRep_SUB:FEATURE_LOCATION_CONFLICT::Coding region xref gene does not exist
/home/tiago/documentos/github/ARG-Sentinel/suberror/plasmids_annot/annot/pKP98M3N42/pKP98M3N42:CDS	Antirestriction protein KlcA	NODE_42_length_42978_cov_16.990438:592-1014	FEDIEKEO_00002

DiscRep_SUB:FEATURE_LOCATION_CONFLICT::Coding region xref gene does not exist
/home/tiago/documentos/github/ARG-Sentinel/suberror/plasmids_annot/annot/pKP98M3N42/pKP98M3N42:CDS	hypothetical protein	NODE_42_length_42978_cov_16.990438:1142-1297	FEDIEKEO_00003

DiscRep_SUB:FEATURE_LOCATION_CONFLICT::Coding region xref gene does not exist
/home/tiago/documentos/github/ARG-Sentinel/suberror/plasmids_annot/annot/pKP98M3N42/pKP98M3N42:CDS	hypothetical protein	NODE_42_length_42978_cov_16.990438:1343-1639	FEDIEKEO_00004

DiscRep_SUB:FEATURE_LOCATION_CONFLICT::Coding region xref gene does not exist
/home/tiago/documentos/github/ARG-Sentinel/suberror/plasmids_annot/annot/pKP98M3N42/pKP98M3N42:CDS	hypothetical protein	NODE_42_length_42978_cov_16.990438:1644-2624	FEDIEKEO_00005

DiscRep_SUB:FEATURE_LOCATION_CONFLICT::Coding region xref gene does not exist
/home/tiago/documentos/github/ARG-Sentinel/suberror/plasmids_annot/annot/pKP98M3N42/pKP98M3N42:CDS	Carbapenem-hydrolyzing beta-lactamase KPC	NODE_42_length_42978_cov_16.990438:c3755-2874	FEDIEKEO_00006

DiscRep_SUB:FEATURE_LOCATION_CONFLICT::Coding region xref gene does not exist
/home/tiago/documentos/github/ARG-Sentinel/suberror/plasmids_annot/annot/pKP98M3N42/pKP98M3N42:CDS	Transposon Tn3 resolvase	NODE_42_length_42978_cov_16.990438:c4621-4064	FEDIEKEO_00007

DiscRep_SUB:FEATURE_LOCATION_CONFLICT::Coding region xref gene does not exist
/home/tiago/documentos/github/ARG-Sentinel/suberror/plasmids_annot/annot/pKP98M3N42/pKP98M3N42:CDS	Putative transposon Tn552 DNA-invertase bin3	NODE_42_length_42978_cov_16.990438:c5770-4802	FEDIEKEO_00008

DiscRep_SUB:FEATURE_LOCATION_CONFLICT::Coding region xref gene does not exist
/home/tiago/documentos/github/ARG-Sentinel/suberror/plasmids_annot/annot/pKP98M3N42/pKP98M3N42:CDS	Iron-sulfur cluster carrier protein	NODE_42_length_42978_cov_16.990438:6152-6820	FEDIEKEO_00009

DiscRep_SUB:FEATURE_LOCATION_CONFLICT::Coding region xref gene does not exist
/home/tiago/documentos/github/ARG-Sentinel/suberror/plasmids_annot/annot/pKP98M3N42/pKP98M3N42:CDS	hypothetical protein	NODE_42_length_42978_cov_16.990438:6832-7047	FEDIEKEO_00010

DiscRep_SUB:FEATURE_LOCATION_CONFLICT::Coding region xref gene does not exist
/home/tiago/documentos/github/ARG-Sentinel/suberror/plasmids_annot/annot/pKP98M3N42/pKP98M3N42:CDS	hypothetical protein	NODE_42_length_42978_cov_16.990438:7136-7420	FEDIEKEO_00011

DiscRep_SUB:FEATURE_LOCATION_CONFLICT::Coding region xref gene does not exist
/home/tiago/documentos/github/ARG-Sentinel/suberror/plasmids_annot/annot/pKP98M3N42/pKP98M3N42:CDS	hypothetical protein	NODE_42_length_42978_cov_16.990438:7446-7928	FEDIEKEO_00012

DiscRep_SUB:FEATURE_LOCATION_CONFLICT::Coding region xref gene does not exist
/home/tiago/documentos/github/ARG-Sentinel/suberror/plasmids_annot/annot/pKP98M3N42/pKP98M3N42:CDS	hypothetical protein	NODE_42_length_42978_cov_16.990438:8153-8407	FEDIEKEO_00013

DiscRep_SUB:FEATURE_LOCATION_CONFLICT::Coding region xref gene does not exist
/home/tiago/documentos/github/ARG-Sentinel/suberror/plasmids_annot/annot/pKP98M3N42/pKP98M3N42:CDS	hypothetical protein	NODE_42_length_42978_cov_16.990438:c8757-8404	FEDIEKEO_00014

DiscRep_SUB:FEATURE_LOCATION_CONFLICT::Coding region xref gene does not exist
/home/tiago/documentos/github/ARG-Sentinel/suberror/plasmids_annot/annot/pKP98M3N42/pKP98M3N42:CDS	hypothetical protein	NODE_42_length_42978_cov_16.990438:c9388-8945	FEDIEKEO_00015

DiscRep_SUB:FEATURE_LOCATION_CONFLICT::Coding region xref gene does not exist
/home/tiago/documentos/github/ARG-Sentinel/suberror/plasmids_annot/annot/pKP98M3N42/pKP98M3N42:CDS	PI protein	NODE_42_length_42978_cov_16.990438:c10269-9397	FEDIEKEO_00016

DiscRep_SUB:FEATURE_LOCATION_CONFLICT::Coding region xref gene does not exist
/home/tiago/documentos/github/ARG-Sentinel/suberror/plasmids_annot/annot/pKP98M3N42/pKP98M3N42:CDS	Chaperone protein DnaJ	NODE_42_length_42978_cov_16.990438:11599-12114	FEDIEKEO_00017

DiscRep_SUB:FEATURE_LOCATION_CONFLICT::Coding region xref gene does not exist
/home/tiago/documentos/github/ARG-Sentinel/suberror/plasmids_annot/annot/pKP98M3N42/pKP98M3N42:CDS	hypothetical protein	NODE_42_length_42978_cov_16.990438:12173-12409	FEDIEKEO_00018

DiscRep_SUB:FEATURE_LOCATION_CONFLICT::Coding region xref gene does not exist
/home/tiago/documentos/github/ARG-Sentinel/suberror/plasmids_annot/annot/pKP98M3N42/pKP98M3N42:CDS	hypothetical protein	NODE_42_length_42978_cov_16.990438:12470-13021	FEDIEKEO_00019

DiscRep_SUB:FEATURE_LOCATION_CONFLICT::Coding region xref gene does not exist
/home/tiago/documentos/github/ARG-Sentinel/suberror/plasmids_annot/annot/pKP98M3N42/pKP98M3N42:CDS	hypothetical protein	NODE_42_length_42978_cov_16.990438:13030-13299	FEDIEKEO_00020

DiscRep_SUB:FEATURE_LOCATION_CONFLICT::Coding region xref gene does not exist
/home/tiago/documentos/github/ARG-Sentinel/suberror/plasmids_annot/annot/pKP98M3N42/pKP98M3N42:CDS	hypothetical protein	NODE_42_length_42978_cov_16.990438:13289-13531	FEDIEKEO_00021

DiscRep_SUB:FEATURE_LOCATION_CONFLICT::Coding region xref gene does not exist
/home/tiago/documentos/github/ARG-Sentinel/suberror/plasmids_annot/annot/pKP98M3N42/pKP98M3N42:CDS	hypothetical protein	NODE_42_length_42978_cov_16.990438:13625-13963	FEDIEKEO_00022

DiscRep_SUB:FEATURE_LOCATION_CONFLICT::Coding region xref gene does not exist
/home/tiago/documentos/github/ARG-Sentinel/suberror/plasmids_annot/annot/pKP98M3N42/pKP98M3N42:CDS	hypothetical protein	NODE_42_length_42978_cov_16.990438:14038-14202	FEDIEKEO_00023

DiscRep_SUB:FEATURE_LOCATION_CONFLICT::Coding region xref gene does not exist
/home/tiago/documentos/github/ARG-Sentinel/suberror/plasmids_annot/annot/pKP98M3N42/pKP98M3N42:CDS	hypothetical protein	NODE_42_length_42978_cov_16.990438:14199-14456	FEDIEKEO_00024

DiscRep_SUB:FEATURE_LOCATION_CONFLICT::Coding region xref gene does not exist
/home/tiago/documentos/github/ARG-Sentinel/suberror/plasmids_annot/annot/pKP98M3N42/pKP98M3N42:CDS	hypothetical protein	NODE_42_length_42978_cov_16.990438:14796-15341	FEDIEKEO_00025

DiscRep_SUB:FEATURE_LOCATION_CONFLICT::Coding region xref gene does not exist
/home/tiago/documentos/github/ARG-Sentinel/suberror/plasmids_annot/annot/pKP98M3N42/pKP98M3N42:CDS	hypothetical protein	NODE_42_length_42978_cov_16.990438:15344-16504	FEDIEKEO_00026

DiscRep_SUB:FEATURE_LOCATION_CONFLICT::Coding region xref gene does not exist
/home/tiago/documentos/github/ARG-Sentinel/suberror/plasmids_annot/annot/pKP98M3N42/pKP98M3N42:CDS	Transcription antitermination protein RfaH	NODE_42_length_42978_cov_16.990438:16858-17367	FEDIEKEO_00027

DiscRep_SUB:FEATURE_LOCATION_CONFLICT::Coding region xref gene does not exist
/home/tiago/documentos/github/ARG-Sentinel/suberror/plasmids_annot/annot/pKP98M3N42/pKP98M3N42:CDS	hypothetical protein	NODE_42_length_42978_cov_16.990438:17318-17545	FEDIEKEO_00028

DiscRep_SUB:FEATURE_LOCATION_CONFLICT::Coding region xref gene does not exist
/home/tiago/documentos/github/ARG-Sentinel/suberror/plasmids_annot/annot/pKP98M3N42/pKP98M3N42:CDS	Type IV secretion system protein virB1	NODE_42_length_42978_cov_16.990438:17591-18235	FEDIEKEO_00029

DiscRep_SUB:FEATURE_LOCATION_CONFLICT::Coding region xref gene does not exist
/home/tiago/documentos/github/ARG-Sentinel/suberror/plasmids_annot/annot/pKP98M3N42/pKP98M3N42:CDS	hypothetical protein	NODE_42_length_42978_cov_16.990438:18219-18509	FEDIEKEO_00030

DiscRep_SUB:FEATURE_LOCATION_CONFLICT::Coding region xref gene does not exist
/home/tiago/documentos/github/ARG-Sentinel/suberror/plasmids_annot/annot/pKP98M3N42/pKP98M3N42:CDS	Type IV secretion system protein virB4	NODE_42_length_42978_cov_16.990438:18534-21287	FEDIEKEO_00031

DiscRep_SUB:FEATURE_LOCATION_CONFLICT::Coding region xref gene does not exist
/home/tiago/documentos/github/ARG-Sentinel/suberror/plasmids_annot/annot/pKP98M3N42/pKP98M3N42:CDS	hypothetical protein	NODE_42_length_42978_cov_16.990438:21298-22068	FEDIEKEO_00032

DiscRep_SUB:FEATURE_LOCATION_CONFLICT::Coding region xref gene does not exist
/home/tiago/documentos/github/ARG-Sentinel/suberror/plasmids_annot/annot/pKP98M3N42/pKP98M3N42:CDS	hypothetical protein	NODE_42_length_42978_cov_16.990438:22078-22335	FEDIEKEO_00033

DiscRep_SUB:FEATURE_LOCATION_CONFLICT::Coding region xref gene does not exist
/home/tiago/documentos/github/ARG-Sentinel/suberror/plasmids_annot/annot/pKP98M3N42/pKP98M3N42:CDS	hypothetical protein	NODE_42_length_42978_cov_16.990438:22347-23402	FEDIEKEO_00034

DiscRep_SUB:FEATURE_LOCATION_CONFLICT::Coding region xref gene does not exist
/home/tiago/documentos/github/ARG-Sentinel/suberror/plasmids_annot/annot/pKP98M3N42/pKP98M3N42:CDS	Type IV secretion system protein virB8	NODE_42_length_42978_cov_16.990438:23597-24325	FEDIEKEO_00035

DiscRep_SUB:FEATURE_LOCATION_CONFLICT::Coding region xref gene does not exist
/home/tiago/documentos/github/ARG-Sentinel/suberror/plasmids_annot/annot/pKP98M3N42/pKP98M3N42:CDS	Type IV secretion system protein virB9	NODE_42_length_42978_cov_16.990438:24331-25260	FEDIEKEO_00036

DiscRep_SUB:FEATURE_LOCATION_CONFLICT::Coding region xref gene does not exist
/home/tiago/documentos/github/ARG-Sentinel/suberror/plasmids_annot/annot/pKP98M3N42/pKP98M3N42:CDS	Type IV secretion system protein virB10	NODE_42_length_42978_cov_16.990438:25257-26459	FEDIEKEO_00037

DiscRep_SUB:FEATURE_LOCATION_CONFLICT::Coding region xref gene does not exist
/home/tiago/documentos/github/ARG-Sentinel/suberror/plasmids_annot/annot/pKP98M3N42/pKP98M3N42:CDS	Type IV secretion system protein PtlH	NODE_42_length_42978_cov_16.990438:26471-27502	FEDIEKEO_00038

DiscRep_SUB:FEATURE_LOCATION_CONFLICT::Coding region xref gene does not exist
/home/tiago/documentos/github/ARG-Sentinel/suberror/plasmids_annot/annot/pKP98M3N42/pKP98M3N42:CDS	hypothetical protein	NODE_42_length_42978_cov_16.990438:27505-27702	FEDIEKEO_00039

DiscRep_SUB:FEATURE_LOCATION_CONFLICT::Coding region xref gene does not exist
/home/tiago/documentos/github/ARG-Sentinel/suberror/plasmids_annot/annot/pKP98M3N42/pKP98M3N42:CDS	Protein VirD4	NODE_42_length_42978_cov_16.990438:27692-29527	FEDIEKEO_00040

DiscRep_SUB:FEATURE_LOCATION_CONFLICT::Coding region xref gene does not exist
/home/tiago/documentos/github/ARG-Sentinel/suberror/plasmids_annot/annot/pKP98M3N42/pKP98M3N42:CDS	hypothetical protein	NODE_42_length_42978_cov_16.990438:29524-29916	FEDIEKEO_00041

DiscRep_SUB:FEATURE_LOCATION_CONFLICT::Coding region xref gene does not exist
/home/tiago/documentos/github/ARG-Sentinel/suberror/plasmids_annot/annot/pKP98M3N42/pKP98M3N42:CDS	hypothetical protein	NODE_42_length_42978_cov_16.990438:30004-30318	FEDIEKEO_00042

DiscRep_SUB:FEATURE_LOCATION_CONFLICT::Coding region xref gene does not exist
/home/tiago/documentos/github/ARG-Sentinel/suberror/plasmids_annot/annot/pKP98M3N42/pKP98M3N42:CDS	hypothetical protein	NODE_42_length_42978_cov_16.990438:30341-30727	FEDIEKEO_00043

DiscRep_SUB:FEATURE_LOCATION_CONFLICT::Coding region xref gene does not exist
/home/tiago/documentos/github/ARG-Sentinel/suberror/plasmids_annot/annot/pKP98M3N42/pKP98M3N42:CDS	hypothetical protein	NODE_42_length_42978_cov_16.990438:30721-31137	FEDIEKEO_00044

DiscRep_SUB:FEATURE_LOCATION_CONFLICT::Coding region xref gene does not exist
/home/tiago/documentos/github/ARG-Sentinel/suberror/plasmids_annot/annot/pKP98M3N42/pKP98M3N42:CDS	Endonuclease YhcR	NODE_42_length_42978_cov_16.990438:31134-31607	FEDIEKEO_00045

DiscRep_SUB:FEATURE_LOCATION_CONFLICT::Coding region xref gene does not exist
/home/tiago/documentos/github/ARG-Sentinel/suberror/plasmids_annot/annot/pKP98M3N42/pKP98M3N42:CDS	hypothetical protein	NODE_42_length_42978_cov_16.990438:31689-32462	FEDIEKEO_00046

DiscRep_SUB:FEATURE_LOCATION_CONFLICT::Coding region xref gene does not exist
/home/tiago/documentos/github/ARG-Sentinel/suberror/plasmids_annot/annot/pKP98M3N42/pKP98M3N42:CDS	hypothetical protein	NODE_42_length_42978_cov_16.990438:32473-33063	FEDIEKEO_00047

DiscRep_SUB:FEATURE_LOCATION_CONFLICT::Coding region xref gene does not exist
/home/tiago/documentos/github/ARG-Sentinel/suberror/plasmids_annot/annot/pKP98M3N42/pKP98M3N42:CDS	hypothetical protein	NODE_42_length_42978_cov_16.990438:33074-33469	FEDIEKEO_00048

DiscRep_SUB:FEATURE_LOCATION_CONFLICT::Coding region xref gene does not exist
/home/tiago/documentos/github/ARG-Sentinel/suberror/plasmids_annot/annot/pKP98M3N42/pKP98M3N42:CDS	DNA topoisomerase 3	NODE_42_length_42978_cov_16.990438:33479-35806	FEDIEKEO_00049

DiscRep_SUB:FEATURE_LOCATION_CONFLICT::Coding region xref gene does not exist
/home/tiago/documentos/github/ARG-Sentinel/suberror/plasmids_annot/annot/pKP98M3N42/pKP98M3N42:CDS	DNA-binding protein StpA	NODE_42_length_42978_cov_16.990438:35818-36273	FEDIEKEO_00050

DiscRep_SUB:FEATURE_LOCATION_CONFLICT::Coding region xref gene does not exist
/home/tiago/documentos/github/ARG-Sentinel/suberror/plasmids_annot/annot/pKP98M3N42/pKP98M3N42:CDS	hypothetical protein	NODE_42_length_42978_cov_16.990438:36330-36737	FEDIEKEO_00051

DiscRep_SUB:FEATURE_LOCATION_CONFLICT::Coding region xref gene does not exist
/home/tiago/documentos/github/ARG-Sentinel/suberror/plasmids_annot/annot/pKP98M3N42/pKP98M3N42:CDS	hypothetical protein	NODE_42_length_42978_cov_16.990438:36951-37130	FEDIEKEO_00052

DiscRep_SUB:FEATURE_LOCATION_CONFLICT::Coding region xref gene does not exist
/home/tiago/documentos/github/ARG-Sentinel/suberror/plasmids_annot/annot/pKP98M3N42/pKP98M3N42:CDS	hypothetical protein	NODE_42_length_42978_cov_16.990438:37127-37951	FEDIEKEO_00053

DiscRep_SUB:FEATURE_LOCATION_CONFLICT::Coding region xref gene does not exist
/home/tiago/documentos/github/ARG-Sentinel/suberror/plasmids_annot/annot/pKP98M3N42/pKP98M3N42:CDS	hypothetical protein	NODE_42_length_42978_cov_16.990438:38062-38316	FEDIEKEO_00054

DiscRep_SUB:FEATURE_LOCATION_CONFLICT::Coding region xref gene does not exist
/home/tiago/documentos/github/ARG-Sentinel/suberror/plasmids_annot/annot/pKP98M3N42/pKP98M3N42:CDS	hypothetical protein	NODE_42_length_42978_cov_16.990438:38334-38609	FEDIEKEO_00055

DiscRep_SUB:FEATURE_LOCATION_CONFLICT::Coding region xref gene does not exist
/home/tiago/documentos/github/ARG-Sentinel/suberror/plasmids_annot/annot/pKP98M3N42/pKP98M3N42:CDS	hypothetical protein	NODE_42_length_42978_cov_16.990438:38606-38884	FEDIEKEO_00056

DiscRep_SUB:FEATURE_LOCATION_CONFLICT::Coding region xref gene does not exist
/home/tiago/documentos/github/ARG-Sentinel/suberror/plasmids_annot/annot/pKP98M3N42/pKP98M3N42:CDS	hypothetical protein	NODE_42_length_42978_cov_16.990438:40339-40578	FEDIEKEO_00057

DiscRep_SUB:FEATURE_LOCATION_CONFLICT::Coding region xref gene does not exist
/home/tiago/documentos/github/ARG-Sentinel/suberror/plasmids_annot/annot/pKP98M3N42/pKP98M3N42:CDS	Tyrosine recombinase XerD	NODE_42_length_42978_cov_16.990438:c41092-40766	FEDIEKEO_00058

DiscRep_SUB:FEATURE_LOCATION_CONFLICT::Coding region xref gene does not exist
/home/tiago/documentos/github/ARG-Sentinel/suberror/plasmids_annot/annot/pKP98M3N42/pKP98M3N42:CDS	Tyrosine recombinase XerH	NODE_42_length_42978_cov_16.990438:c41743-41207	FEDIEKEO_00059

DiscRep_SUB:FEATURE_LOCATION_CONFLICT::Coding region xref gene does not exist
/home/tiago/documentos/github/ARG-Sentinel/suberror/plasmids_annot/annot/pKP98M3N42/pKP98M3N42:CDS	dTDP-fucosamine acetyltransferase	NODE_42_length_42978_cov_16.990438:42066-42590	FEDIEKEO_00060

DiscRep_ALL:SUSPECT_PRODUCT_NAMES::1 product_names contain suspect phrase or characters
DiscRep_SUB:SUSPECT_PRODUCT_NAMES::May contain database identifier more appropriate in note; remove from product name
DiscRep_SUB:SUSPECT_PRODUCT_NAMES::1 features contains three or more numbers together that may be identifiers more appropriate in note
/home/tiago/documentos/github/ARG-Sentinel/suberror/plasmids_annot/annot/pKP98M3N42/pKP98M3N42:CDS	Putative transposon Tn552 DNA-invertase bin3	NODE_42_length_42978_cov_16.990438:c5770-4802	FEDIEKEO_00008

DiscRep_ALL:DISC_QUALITY_SCORES::Quality scores are missing on all sequences.

DiscRep_ALL:ONCALLER_COMMENT_PRESENT::1 comment descriptors were found (all same)
/home/tiago/documentos/github/ARG-Sentinel/suberror/plasmids_annot/annot/pKP98M3N42/pKP98M3N42:NODE_42_length_42978_cov_16.990438:Annotated using prokka 1.13 from https://github.com/tseemann/prokka

DiscRep_ALL:MISSING_GENOMEASSEMBLY_COMMENTS::1 bioseqs are missing GenomeAssembly structured comments
/home/tiago/documentos/github/ARG-Sentinel/suberror/plasmids_annot/annot/pKP98M3N42/pKP98M3N42:NODE_42_length_42978_cov_16.990438 (length 42978)

DiscRep_ALL:MOLTYPE_NOT_MRNA::1 molecule types are not set as mRNA.
/home/tiago/documentos/github/ARG-Sentinel/suberror/plasmids_annot/annot/pKP98M3N42/pKP98M3N42:NODE_42_length_42978_cov_16.990438 (length 42978)

DiscRep_ALL:TECHNIQUE_NOT_TSA::1 technique are not set as TSA
/home/tiago/documentos/github/ARG-Sentinel/suberror/plasmids_annot/annot/pKP98M3N42/pKP98M3N42:NODE_42_length_42978_cov_16.990438 (length 42978)

DiscRep_ALL:MISSING_STRUCTURED_COMMENT::1 sequences do not include structured comments.
/home/tiago/documentos/github/ARG-Sentinel/suberror/plasmids_annot/annot/pKP98M3N42/pKP98M3N42:NODE_42_length_42978_cov_16.990438 (length 42978)

DiscRep_ALL:MISSING_PROJECT::61 sequences do not include project.
/home/tiago/documentos/github/ARG-Sentinel/suberror/plasmids_annot/annot/pKP98M3N42/pKP98M3N42:NODE_42_length_42978_cov_16.990438 (length 42978)
/home/tiago/documentos/github/ARG-Sentinel/suberror/plasmids_annot/annot/pKP98M3N42/pKP98M3N42:NODE_42_length_42978_cov_16.990438_1 (length 92)
/home/tiago/documentos/github/ARG-Sentinel/suberror/plasmids_annot/annot/pKP98M3N42/pKP98M3N42:NODE_42_length_42978_cov_16.990438_2 (length 140)
/home/tiago/documentos/github/ARG-Sentinel/suberror/plasmids_annot/annot/pKP98M3N42/pKP98M3N42:NODE_42_length_42978_cov_16.990438_3 (length 51)
/home/tiago/documentos/github/ARG-Sentinel/suberror/plasmids_annot/annot/pKP98M3N42/pKP98M3N42:NODE_42_length_42978_cov_16.990438_4 (length 98)
/home/tiago/documentos/github/ARG-Sentinel/suberror/plasmids_annot/annot/pKP98M3N42/pKP98M3N42:NODE_42_length_42978_cov_16.990438_5 (length 326)
/home/tiago/documentos/github/ARG-Sentinel/suberror/plasmids_annot/annot/pKP98M3N42/pKP98M3N42:NODE_42_length_42978_cov_16.990438_6 (length 293)
/home/tiago/documentos/github/ARG-Sentinel/suberror/plasmids_annot/annot/pKP98M3N42/pKP98M3N42:NODE_42_length_42978_cov_16.990438_7 (length 185)
/home/tiago/documentos/github/ARG-Sentinel/suberror/plasmids_annot/annot/pKP98M3N42/pKP98M3N42:NODE_42_length_42978_cov_16.990438_8 (length 322)
/home/tiago/documentos/github/ARG-Sentinel/suberror/plasmids_annot/annot/pKP98M3N42/pKP98M3N42:NODE_42_length_42978_cov_16.990438_9 (length 222)
/home/tiago/documentos/github/ARG-Sentinel/suberror/plasmids_annot/annot/pKP98M3N42/pKP98M3N42:NODE_42_length_42978_cov_16.990438_10 (length 71)
/home/tiago/documentos/github/ARG-Sentinel/suberror/plasmids_annot/annot/pKP98M3N42/pKP98M3N42:NODE_42_length_42978_cov_16.990438_11 (length 94)
/home/tiago/documentos/github/ARG-Sentinel/suberror/plasmids_annot/annot/pKP98M3N42/pKP98M3N42:NODE_42_length_42978_cov_16.990438_12 (length 160)
/home/tiago/documentos/github/ARG-Sentinel/suberror/plasmids_annot/annot/pKP98M3N42/pKP98M3N42:NODE_42_length_42978_cov_16.990438_13 (length 84)
/home/tiago/documentos/github/ARG-Sentinel/suberror/plasmids_annot/annot/pKP98M3N42/pKP98M3N42:NODE_42_length_42978_cov_16.990438_14 (length 117)
/home/tiago/documentos/github/ARG-Sentinel/suberror/plasmids_annot/annot/pKP98M3N42/pKP98M3N42:NODE_42_length_42978_cov_16.990438_15 (length 147)
/home/tiago/documentos/github/ARG-Sentinel/suberror/plasmids_annot/annot/pKP98M3N42/pKP98M3N42:NODE_42_length_42978_cov_16.990438_16 (length 290)
/home/tiago/documentos/github/ARG-Sentinel/suberror/plasmids_annot/annot/pKP98M3N42/pKP98M3N42:NODE_42_length_42978_cov_16.990438_17 (length 171)
/home/tiago/documentos/github/ARG-Sentinel/suberror/plasmids_annot/annot/pKP98M3N42/pKP98M3N42:NODE_42_length_42978_cov_16.990438_18 (length 78)
/home/tiago/documentos/github/ARG-Sentinel/suberror/plasmids_annot/annot/pKP98M3N42/pKP98M3N42:NODE_42_length_42978_cov_16.990438_19 (length 183)
/home/tiago/documentos/github/ARG-Sentinel/suberror/plasmids_annot/annot/pKP98M3N42/pKP98M3N42:NODE_42_length_42978_cov_16.990438_20 (length 89)
/home/tiago/documentos/github/ARG-Sentinel/suberror/plasmids_annot/annot/pKP98M3N42/pKP98M3N42:NODE_42_length_42978_cov_16.990438_21 (length 80)
/home/tiago/documentos/github/ARG-Sentinel/suberror/plasmids_annot/annot/pKP98M3N42/pKP98M3N42:NODE_42_length_42978_cov_16.990438_22 (length 112)
/home/tiago/documentos/github/ARG-Sentinel/suberror/plasmids_annot/annot/pKP98M3N42/pKP98M3N42:NODE_42_length_42978_cov_16.990438_23 (length 54)
/home/tiago/documentos/github/ARG-Sentinel/suberror/plasmids_annot/annot/pKP98M3N42/pKP98M3N42:NODE_42_length_42978_cov_16.990438_24 (length 85)
/home/tiago/documentos/github/ARG-Sentinel/suberror/plasmids_annot/annot/pKP98M3N42/pKP98M3N42:NODE_42_length_42978_cov_16.990438_25 (length 181)
/home/tiago/documentos/github/ARG-Sentinel/suberror/plasmids_annot/annot/pKP98M3N42/pKP98M3N42:NODE_42_length_42978_cov_16.990438_26 (length 386)
/home/tiago/documentos/github/ARG-Sentinel/suberror/plasmids_annot/annot/pKP98M3N42/pKP98M3N42:NODE_42_length_42978_cov_16.990438_27 (length 169)
/home/tiago/documentos/github/ARG-Sentinel/suberror/plasmids_annot/annot/pKP98M3N42/pKP98M3N42:NODE_42_length_42978_cov_16.990438_28 (length 75)
/home/tiago/documentos/github/ARG-Sentinel/suberror/plasmids_annot/annot/pKP98M3N42/pKP98M3N42:NODE_42_length_42978_cov_16.990438_29 (length 214)
/home/tiago/documentos/github/ARG-Sentinel/suberror/plasmids_annot/annot/pKP98M3N42/pKP98M3N42:NODE_42_length_42978_cov_16.990438_30 (length 96)
/home/tiago/documentos/github/ARG-Sentinel/suberror/plasmids_annot/annot/pKP98M3N42/pKP98M3N42:NODE_42_length_42978_cov_16.990438_31 (length 917)
/home/tiago/documentos/github/ARG-Sentinel/suberror/plasmids_annot/annot/pKP98M3N42/pKP98M3N42:NODE_42_length_42978_cov_16.990438_32 (length 256)
/home/tiago/documentos/github/ARG-Sentinel/suberror/plasmids_annot/annot/pKP98M3N42/pKP98M3N42:NODE_42_length_42978_cov_16.990438_33 (length 85)
/home/tiago/documentos/github/ARG-Sentinel/suberror/plasmids_annot/annot/pKP98M3N42/pKP98M3N42:NODE_42_length_42978_cov_16.990438_34 (length 351)
/home/tiago/documentos/github/ARG-Sentinel/suberror/plasmids_annot/annot/pKP98M3N42/pKP98M3N42:NODE_42_length_42978_cov_16.990438_35 (length 242)
/home/tiago/documentos/github/ARG-Sentinel/suberror/plasmids_annot/annot/pKP98M3N42/pKP98M3N42:NODE_42_length_42978_cov_16.990438_36 (length 309)
/home/tiago/documentos/github/ARG-Sentinel/suberror/plasmids_annot/annot/pKP98M3N42/pKP98M3N42:NODE_42_length_42978_cov_16.990438_37 (length 400)
/home/tiago/documentos/github/ARG-Sentinel/suberror/plasmids_annot/annot/pKP98M3N42/pKP98M3N42:NODE_42_length_42978_cov_16.990438_38 (length 343)
/home/tiago/documentos/github/ARG-Sentinel/suberror/plasmids_annot/annot/pKP98M3N42/pKP98M3N42:NODE_42_length_42978_cov_16.990438_39 (length 65)
/home/tiago/documentos/github/ARG-Sentinel/suberror/plasmids_annot/annot/pKP98M3N42/pKP98M3N42:NODE_42_length_42978_cov_16.990438_40 (length 611)
/home/tiago/documentos/github/ARG-Sentinel/suberror/plasmids_annot/annot/pKP98M3N42/pKP98M3N42:NODE_42_length_42978_cov_16.990438_41 (length 130)
/home/tiago/documentos/github/ARG-Sentinel/suberror/plasmids_annot/annot/pKP98M3N42/pKP98M3N42:NODE_42_length_42978_cov_16.990438_42 (length 104)
/home/tiago/documentos/github/ARG-Sentinel/suberror/plasmids_annot/annot/pKP98M3N42/pKP98M3N42:NODE_42_length_42978_cov_16.990438_43 (length 128)
/home/tiago/documentos/github/ARG-Sentinel/suberror/plasmids_annot/annot/pKP98M3N42/pKP98M3N42:NODE_42_length_42978_cov_16.990438_44 (length 138)
/home/tiago/documentos/github/ARG-Sentinel/suberror/plasmids_annot/annot/pKP98M3N42/pKP98M3N42:NODE_42_length_42978_cov_16.990438_45 (length 157)
/home/tiago/documentos/github/ARG-Sentinel/suberror/plasmids_annot/annot/pKP98M3N42/pKP98M3N42:NODE_42_length_42978_cov_16.990438_46 (length 257)
/home/tiago/documentos/github/ARG-Sentinel/suberror/plasmids_annot/annot/pKP98M3N42/pKP98M3N42:NODE_42_length_42978_cov_16.990438_47 (length 196)
/home/tiago/documentos/github/ARG-Sentinel/suberror/plasmids_annot/annot/pKP98M3N42/pKP98M3N42:NODE_42_length_42978_cov_16.990438_48 (length 131)
/home/tiago/documentos/github/ARG-Sentinel/suberror/plasmids_annot/annot/pKP98M3N42/pKP98M3N42:NODE_42_length_42978_cov_16.990438_49 (length 775)
/home/tiago/documentos/github/ARG-Sentinel/suberror/plasmids_annot/annot/pKP98M3N42/pKP98M3N42:NODE_42_length_42978_cov_16.990438_50 (length 151)
/home/tiago/documentos/github/ARG-Sentinel/suberror/plasmids_annot/annot/pKP98M3N42/pKP98M3N42:NODE_42_length_42978_cov_16.990438_51 (length 135)
/home/tiago/documentos/github/ARG-Sentinel/suberror/plasmids_annot/annot/pKP98M3N42/pKP98M3N42:NODE_42_length_42978_cov_16.990438_52 (length 59)
/home/tiago/documentos/github/ARG-Sentinel/suberror/plasmids_annot/annot/pKP98M3N42/pKP98M3N42:NODE_42_length_42978_cov_16.990438_53 (length 274)
/home/tiago/documentos/github/ARG-Sentinel/suberror/plasmids_annot/annot/pKP98M3N42/pKP98M3N42:NODE_42_length_42978_cov_16.990438_54 (length 84)
/home/tiago/documentos/github/ARG-Sentinel/suberror/plasmids_annot/annot/pKP98M3N42/pKP98M3N42:NODE_42_length_42978_cov_16.990438_55 (length 91)
/home/tiago/documentos/github/ARG-Sentinel/suberror/plasmids_annot/annot/pKP98M3N42/pKP98M3N42:NODE_42_length_42978_cov_16.990438_56 (length 92)
/home/tiago/documentos/github/ARG-Sentinel/suberror/plasmids_annot/annot/pKP98M3N42/pKP98M3N42:NODE_42_length_42978_cov_16.990438_57 (length 79)
/home/tiago/documentos/github/ARG-Sentinel/suberror/plasmids_annot/annot/pKP98M3N42/pKP98M3N42:NODE_42_length_42978_cov_16.990438_58 (length 108)
/home/tiago/documentos/github/ARG-Sentinel/suberror/plasmids_annot/annot/pKP98M3N42/pKP98M3N42:NODE_42_length_42978_cov_16.990438_59 (length 178)
/home/tiago/documentos/github/ARG-Sentinel/suberror/plasmids_annot/annot/pKP98M3N42/pKP98M3N42:NODE_42_length_42978_cov_16.990438_60 (length 174)

DiscRep_ALL:DISC_INCONSISTENT_MOLINFO_TECH::Molinfo Technique Report (some missing, all same)
DiscRep_SUB:DISC_INCONSISTENT_MOLINFO_TECH::technique (all missing)
DiscRep_SUB:DISC_INCONSISTENT_MOLINFO_TECH::1 Molinfos are missing field technique
/home/tiago/documentos/github/ARG-Sentinel/suberror/plasmids_annot/annot/pKP98M3N42/pKP98M3N42:NODE_42_length_42978_cov_16.990438 (length 42978)

DiscRep_ALL:SEQ_ID_PHRASES::Sequence Ids contain unacceptable phrases (cov_, length, node, paired, or trimmed)

