Discrepancy Report Results

Summary
FATAL: MISSING_PROTEIN_ID:75 proteins have invalid IDs.
DISC_SOURCE_QUALS_ASNDISC:strain (all present, all unique)
DISC_SOURCE_QUALS_ASNDISC:taxname (all present, all unique)
DISC_FEATURE_COUNT:CDS: 75 present
DISC_COUNT_NUCLEOTIDES:1 nucleotide Bioseqs are present
FEATURE_LOCATION_CONFLICT:75 features have inconsistent gene locations.
DISC_QUALITY_SCORES:Quality scores are missing on all sequences.
ONCALLER_COMMENT_PRESENT:1 comment descriptors were found (all same)
SHORT_PROT_SEQUENCES:1 protein sequences are shorter than 50 aa.
MISSING_GENOMEASSEMBLY_COMMENTS:1 bioseqs are missing GenomeAssembly structured comments
MOLTYPE_NOT_MRNA:1 molecule types are not set as mRNA.
TECHNIQUE_NOT_TSA:1 technique are not set as TSA
MISSING_STRUCTURED_COMMENT:1 sequences do not include structured comments.
MISSING_PROJECT:76 sequences do not include project.
DISC_INCONSISTENT_MOLINFO_TECH:Molinfo Technique Report (some missing, all same)
SEQ_ID_PHRASES:Sequence Ids contain unacceptable phrases (cov_, length, node, paired, or trimmed)


Detailed Report

FATAL: DiscRep_ALL:MISSING_PROTEIN_ID::75 proteins have invalid IDs.
/home/tiago/documentos/github/ARG-Sentinel/suberror/plasmids_annot/annot/pEC126M3N22/pEC126M3N22:NODE_22_length_73939_cov_13.042389_1 (length 555)
/home/tiago/documentos/github/ARG-Sentinel/suberror/plasmids_annot/annot/pEC126M3N22/pEC126M3N22:NODE_22_length_73939_cov_13.042389_2 (length 702)
/home/tiago/documentos/github/ARG-Sentinel/suberror/plasmids_annot/annot/pEC126M3N22/pEC126M3N22:NODE_22_length_73939_cov_13.042389_3 (length 273)
/home/tiago/documentos/github/ARG-Sentinel/suberror/plasmids_annot/annot/pEC126M3N22/pEC126M3N22:NODE_22_length_73939_cov_13.042389_4 (length 448)
/home/tiago/documentos/github/ARG-Sentinel/suberror/plasmids_annot/annot/pEC126M3N22/pEC126M3N22:NODE_22_length_73939_cov_13.042389_5 (length 100)
/home/tiago/documentos/github/ARG-Sentinel/suberror/plasmids_annot/annot/pEC126M3N22/pEC126M3N22:NODE_22_length_73939_cov_13.042389_6 (length 271)
/home/tiago/documentos/github/ARG-Sentinel/suberror/plasmids_annot/annot/pEC126M3N22/pEC126M3N22:NODE_22_length_73939_cov_13.042389_7 (length 97)
/home/tiago/documentos/github/ARG-Sentinel/suberror/plasmids_annot/annot/pEC126M3N22/pEC126M3N22:NODE_22_length_73939_cov_13.042389_8 (length 767)
/home/tiago/documentos/github/ARG-Sentinel/suberror/plasmids_annot/annot/pEC126M3N22/pEC126M3N22:NODE_22_length_73939_cov_13.042389_9 (length 374)
/home/tiago/documentos/github/ARG-Sentinel/suberror/plasmids_annot/annot/pEC126M3N22/pEC126M3N22:NODE_22_length_73939_cov_13.042389_10 (length 435)
/home/tiago/documentos/github/ARG-Sentinel/suberror/plasmids_annot/annot/pEC126M3N22/pEC126M3N22:NODE_22_length_73939_cov_13.042389_11 (length 31)
/home/tiago/documentos/github/ARG-Sentinel/suberror/plasmids_annot/annot/pEC126M3N22/pEC126M3N22:NODE_22_length_73939_cov_13.042389_12 (length 58)
/home/tiago/documentos/github/ARG-Sentinel/suberror/plasmids_annot/annot/pEC126M3N22/pEC126M3N22:NODE_22_length_73939_cov_13.042389_13 (length 155)
/home/tiago/documentos/github/ARG-Sentinel/suberror/plasmids_annot/annot/pEC126M3N22/pEC126M3N22:NODE_22_length_73939_cov_13.042389_14 (length 226)
/home/tiago/documentos/github/ARG-Sentinel/suberror/plasmids_annot/annot/pEC126M3N22/pEC126M3N22:NODE_22_length_73939_cov_13.042389_15 (length 83)
/home/tiago/documentos/github/ARG-Sentinel/suberror/plasmids_annot/annot/pEC126M3N22/pEC126M3N22:NODE_22_length_73939_cov_13.042389_16 (length 71)
/home/tiago/documentos/github/ARG-Sentinel/suberror/plasmids_annot/annot/pEC126M3N22/pEC126M3N22:NODE_22_length_73939_cov_13.042389_17 (length 122)
/home/tiago/documentos/github/ARG-Sentinel/suberror/plasmids_annot/annot/pEC126M3N22/pEC126M3N22:NODE_22_length_73939_cov_13.042389_18 (length 80)
/home/tiago/documentos/github/ARG-Sentinel/suberror/plasmids_annot/annot/pEC126M3N22/pEC126M3N22:NODE_22_length_73939_cov_13.042389_19 (length 50)
/home/tiago/documentos/github/ARG-Sentinel/suberror/plasmids_annot/annot/pEC126M3N22/pEC126M3N22:NODE_22_length_73939_cov_13.042389_20 (length 528)
/home/tiago/documentos/github/ARG-Sentinel/suberror/plasmids_annot/annot/pEC126M3N22/pEC126M3N22:NODE_22_length_73939_cov_13.042389_21 (length 217)
/home/tiago/documentos/github/ARG-Sentinel/suberror/plasmids_annot/annot/pEC126M3N22/pEC126M3N22:NODE_22_length_73939_cov_13.042389_22 (length 721)
/home/tiago/documentos/github/ARG-Sentinel/suberror/plasmids_annot/annot/pEC126M3N22/pEC126M3N22:NODE_22_length_73939_cov_13.042389_23 (length 189)
/home/tiago/documentos/github/ARG-Sentinel/suberror/plasmids_annot/annot/pEC126M3N22/pEC126M3N22:NODE_22_length_73939_cov_13.042389_24 (length 401)
/home/tiago/documentos/github/ARG-Sentinel/suberror/plasmids_annot/annot/pEC126M3N22/pEC126M3N22:NODE_22_length_73939_cov_13.042389_25 (length 206)
/home/tiago/documentos/github/ARG-Sentinel/suberror/plasmids_annot/annot/pEC126M3N22/pEC126M3N22:NODE_22_length_73939_cov_13.042389_26 (length 1014)
/home/tiago/documentos/github/ARG-Sentinel/suberror/plasmids_annot/annot/pEC126M3N22/pEC126M3N22:NODE_22_length_73939_cov_13.042389_27 (length 208)
/home/tiago/documentos/github/ARG-Sentinel/suberror/plasmids_annot/annot/pEC126M3N22/pEC126M3N22:NODE_22_length_73939_cov_13.042389_28 (length 83)
/home/tiago/documentos/github/ARG-Sentinel/suberror/plasmids_annot/annot/pEC126M3N22/pEC126M3N22:NODE_22_length_73939_cov_13.042389_29 (length 132)
/home/tiago/documentos/github/ARG-Sentinel/suberror/plasmids_annot/annot/pEC126M3N22/pEC126M3N22:NODE_22_length_73939_cov_13.042389_30 (length 176)
/home/tiago/documentos/github/ARG-Sentinel/suberror/plasmids_annot/annot/pEC126M3N22/pEC126M3N22:NODE_22_length_73939_cov_13.042389_31 (length 237)
/home/tiago/documentos/github/ARG-Sentinel/suberror/plasmids_annot/annot/pEC126M3N22/pEC126M3N22:NODE_22_length_73939_cov_13.042389_32 (length 445)
/home/tiago/documentos/github/ARG-Sentinel/suberror/plasmids_annot/annot/pEC126M3N22/pEC126M3N22:NODE_22_length_73939_cov_13.042389_33 (length 324)
/home/tiago/documentos/github/ARG-Sentinel/suberror/plasmids_annot/annot/pEC126M3N22/pEC126M3N22:NODE_22_length_73939_cov_13.042389_34 (length 231)
/home/tiago/documentos/github/ARG-Sentinel/suberror/plasmids_annot/annot/pEC126M3N22/pEC126M3N22:NODE_22_length_73939_cov_13.042389_35 (length 116)
/home/tiago/documentos/github/ARG-Sentinel/suberror/plasmids_annot/annot/pEC126M3N22/pEC126M3N22:NODE_22_length_73939_cov_13.042389_36 (length 1353)
/home/tiago/documentos/github/ARG-Sentinel/suberror/plasmids_annot/annot/pEC126M3N22/pEC126M3N22:NODE_22_length_73939_cov_13.042389_37 (length 96)
/home/tiago/documentos/github/ARG-Sentinel/suberror/plasmids_annot/annot/pEC126M3N22/pEC126M3N22:NODE_22_length_73939_cov_13.042389_38 (length 382)
/home/tiago/documentos/github/ARG-Sentinel/suberror/plasmids_annot/annot/pEC126M3N22/pEC126M3N22:NODE_22_length_73939_cov_13.042389_39 (length 278)
/home/tiago/documentos/github/ARG-Sentinel/suberror/plasmids_annot/annot/pEC126M3N22/pEC126M3N22:NODE_22_length_73939_cov_13.042389_40 (length 152)
/home/tiago/documentos/github/ARG-Sentinel/suberror/plasmids_annot/annot/pEC126M3N22/pEC126M3N22:NODE_22_length_73939_cov_13.042389_41 (length 400)
/home/tiago/documentos/github/ARG-Sentinel/suberror/plasmids_annot/annot/pEC126M3N22/pEC126M3N22:NODE_22_length_73939_cov_13.042389_42 (length 273)
/home/tiago/documentos/github/ARG-Sentinel/suberror/plasmids_annot/annot/pEC126M3N22/pEC126M3N22:NODE_22_length_73939_cov_13.042389_43 (length 453)
/home/tiago/documentos/github/ARG-Sentinel/suberror/plasmids_annot/annot/pEC126M3N22/pEC126M3N22:NODE_22_length_73939_cov_13.042389_44 (length 208)
/home/tiago/documentos/github/ARG-Sentinel/suberror/plasmids_annot/annot/pEC126M3N22/pEC126M3N22:NODE_22_length_73939_cov_13.042389_45 (length 161)
/home/tiago/documentos/github/ARG-Sentinel/suberror/plasmids_annot/annot/pEC126M3N22/pEC126M3N22:NODE_22_length_73939_cov_13.042389_46 (length 178)
/home/tiago/documentos/github/ARG-Sentinel/suberror/plasmids_annot/annot/pEC126M3N22/pEC126M3N22:NODE_22_length_73939_cov_13.042389_47 (length 364)
/home/tiago/documentos/github/ARG-Sentinel/suberror/plasmids_annot/annot/pEC126M3N22/pEC126M3N22:NODE_22_length_73939_cov_13.042389_48 (length 502)
/home/tiago/documentos/github/ARG-Sentinel/suberror/plasmids_annot/annot/pEC126M3N22/pEC126M3N22:NODE_22_length_73939_cov_13.042389_49 (length 152)
/home/tiago/documentos/github/ARG-Sentinel/suberror/plasmids_annot/annot/pEC126M3N22/pEC126M3N22:NODE_22_length_73939_cov_13.042389_50 (length 431)
/home/tiago/documentos/github/ARG-Sentinel/suberror/plasmids_annot/annot/pEC126M3N22/pEC126M3N22:NODE_22_length_73939_cov_13.042389_51 (length 539)
/home/tiago/documentos/github/ARG-Sentinel/suberror/plasmids_annot/annot/pEC126M3N22/pEC126M3N22:NODE_22_length_73939_cov_13.042389_52 (length 145)
/home/tiago/documentos/github/ARG-Sentinel/suberror/plasmids_annot/annot/pEC126M3N22/pEC126M3N22:NODE_22_length_73939_cov_13.042389_53 (length 356)
/home/tiago/documentos/github/ARG-Sentinel/suberror/plasmids_annot/annot/pEC126M3N22/pEC126M3N22:NODE_22_length_73939_cov_13.042389_54 (length 106)
/home/tiago/documentos/github/ARG-Sentinel/suberror/plasmids_annot/annot/pEC126M3N22/pEC126M3N22:NODE_22_length_73939_cov_13.042389_55 (length 80)
/home/tiago/documentos/github/ARG-Sentinel/suberror/plasmids_annot/annot/pEC126M3N22/pEC126M3N22:NODE_22_length_73939_cov_13.042389_56 (length 564)
/home/tiago/documentos/github/ARG-Sentinel/suberror/plasmids_annot/annot/pEC126M3N22/pEC126M3N22:NODE_22_length_73939_cov_13.042389_57 (length 206)
/home/tiago/documentos/github/ARG-Sentinel/suberror/plasmids_annot/annot/pEC126M3N22/pEC126M3N22:NODE_22_length_73939_cov_13.042389_58 (length 220)
/home/tiago/documentos/github/ARG-Sentinel/suberror/plasmids_annot/annot/pEC126M3N22/pEC126M3N22:NODE_22_length_73939_cov_13.042389_59 (length 213)
/home/tiago/documentos/github/ARG-Sentinel/suberror/plasmids_annot/annot/pEC126M3N22/pEC126M3N22:NODE_22_length_73939_cov_13.042389_60 (length 290)
/home/tiago/documentos/github/ARG-Sentinel/suberror/plasmids_annot/annot/pEC126M3N22/pEC126M3N22:NODE_22_length_73939_cov_13.042389_61 (length 92)
/home/tiago/documentos/github/ARG-Sentinel/suberror/plasmids_annot/annot/pEC126M3N22/pEC126M3N22:NODE_22_length_73939_cov_13.042389_62 (length 91)
/home/tiago/documentos/github/ARG-Sentinel/suberror/plasmids_annot/annot/pEC126M3N22/pEC126M3N22:NODE_22_length_73939_cov_13.042389_63 (length 92)
/home/tiago/documentos/github/ARG-Sentinel/suberror/plasmids_annot/annot/pEC126M3N22/pEC126M3N22:NODE_22_length_73939_cov_13.042389_64 (length 200)
/home/tiago/documentos/github/ARG-Sentinel/suberror/plasmids_annot/annot/pEC126M3N22/pEC126M3N22:NODE_22_length_73939_cov_13.042389_65 (length 350)
/home/tiago/documentos/github/ARG-Sentinel/suberror/plasmids_annot/annot/pEC126M3N22/pEC126M3N22:NODE_22_length_73939_cov_13.042389_66 (length 196)
/home/tiago/documentos/github/ARG-Sentinel/suberror/plasmids_annot/annot/pEC126M3N22/pEC126M3N22:NODE_22_length_73939_cov_13.042389_67 (length 84)
/home/tiago/documentos/github/ARG-Sentinel/suberror/plasmids_annot/annot/pEC126M3N22/pEC126M3N22:NODE_22_length_73939_cov_13.042389_68 (length 499)
/home/tiago/documentos/github/ARG-Sentinel/suberror/plasmids_annot/annot/pEC126M3N22/pEC126M3N22:NODE_22_length_73939_cov_13.042389_69 (length 287)
/home/tiago/documentos/github/ARG-Sentinel/suberror/plasmids_annot/annot/pEC126M3N22/pEC126M3N22:NODE_22_length_73939_cov_13.042389_70 (length 137)
/home/tiago/documentos/github/ARG-Sentinel/suberror/plasmids_annot/annot/pEC126M3N22/pEC126M3N22:NODE_22_length_73939_cov_13.042389_71 (length 259)
/home/tiago/documentos/github/ARG-Sentinel/suberror/plasmids_annot/annot/pEC126M3N22/pEC126M3N22:NODE_22_length_73939_cov_13.042389_72 (length 214)
/home/tiago/documentos/github/ARG-Sentinel/suberror/plasmids_annot/annot/pEC126M3N22/pEC126M3N22:NODE_22_length_73939_cov_13.042389_73 (length 102)
/home/tiago/documentos/github/ARG-Sentinel/suberror/plasmids_annot/annot/pEC126M3N22/pEC126M3N22:NODE_22_length_73939_cov_13.042389_74 (length 326)
/home/tiago/documentos/github/ARG-Sentinel/suberror/plasmids_annot/annot/pEC126M3N22/pEC126M3N22:NODE_22_length_73939_cov_13.042389_75 (length 138)

DiscRep_ALL:DISC_SOURCE_QUALS_ASNDISC::strain (all present, all unique)
DiscRep_SUB:DISC_SOURCE_QUALS_ASNDISC::1 sources have unique values for strain
DiscRep_ALL:DISC_SOURCE_QUALS_ASNDISC::taxname (all present, all unique)
DiscRep_SUB:DISC_SOURCE_QUALS_ASNDISC::1 sources have unique values for taxname
DiscRep_ALL:DISC_FEATURE_COUNT::CDS: 75 present
DiscRep_ALL:DISC_COUNT_NUCLEOTIDES::1 nucleotide Bioseqs are present
/home/tiago/documentos/github/ARG-Sentinel/suberror/plasmids_annot/annot/pEC126M3N22/pEC126M3N22:NODE_22_length_73939_cov_13.042389 (length 73939)

DiscRep_ALL:FEATURE_LOCATION_CONFLICT::75 features have inconsistent gene locations.
DiscRep_SUB:FEATURE_LOCATION_CONFLICT::Coding region xref gene does not exist
/home/tiago/documentos/github/ARG-Sentinel/suberror/plasmids_annot/annot/pEC126M3N22/pEC126M3N22:CDS	Transposon Tn7 transposition protein TnsC	NODE_22_length_73939_cov_13.042389:c1816-149	IBFBDDFI_00001

DiscRep_SUB:FEATURE_LOCATION_CONFLICT::Coding region xref gene does not exist
/home/tiago/documentos/github/ARG-Sentinel/suberror/plasmids_annot/annot/pEC126M3N22/pEC126M3N22:CDS	Transposon Tn7 transposition protein TnsB	NODE_22_length_73939_cov_13.042389:c3921-1813	IBFBDDFI_00002

DiscRep_SUB:FEATURE_LOCATION_CONFLICT::Coding region xref gene does not exist
/home/tiago/documentos/github/ARG-Sentinel/suberror/plasmids_annot/annot/pEC126M3N22/pEC126M3N22:CDS	Transposon Tn7 transposition protein TnsA	NODE_22_length_73939_cov_13.042389:c4729-3908	IBFBDDFI_00003

DiscRep_SUB:FEATURE_LOCATION_CONFLICT::Coding region xref gene does not exist
/home/tiago/documentos/github/ARG-Sentinel/suberror/plasmids_annot/annot/pEC126M3N22/pEC126M3N22:CDS	hypothetical protein	NODE_22_length_73939_cov_13.042389:4874-6220	IBFBDDFI_00004

DiscRep_SUB:FEATURE_LOCATION_CONFLICT::Coding region xref gene does not exist
/home/tiago/documentos/github/ARG-Sentinel/suberror/plasmids_annot/annot/pEC126M3N22/pEC126M3N22:CDS	Phosphoglucosamine mutase	NODE_22_length_73939_cov_13.042389:c6698-6396	IBFBDDFI_00005

DiscRep_SUB:FEATURE_LOCATION_CONFLICT::Coding region xref gene does not exist
/home/tiago/documentos/github/ARG-Sentinel/suberror/plasmids_annot/annot/pEC126M3N22/pEC126M3N22:CDS	Dihydropteroate synthase	NODE_22_length_73939_cov_13.042389:c7600-6785	IBFBDDFI_00006

DiscRep_SUB:FEATURE_LOCATION_CONFLICT::Coding region xref gene does not exist
/home/tiago/documentos/github/ARG-Sentinel/suberror/plasmids_annot/annot/pEC126M3N22/pEC126M3N22:CDS	hypothetical protein	NODE_22_length_73939_cov_13.042389:c8350-8057	IBFBDDFI_00007

DiscRep_SUB:FEATURE_LOCATION_CONFLICT::Coding region xref gene does not exist
/home/tiago/documentos/github/ARG-Sentinel/suberror/plasmids_annot/annot/pEC126M3N22/pEC126M3N22:CDS	hypothetical protein	NODE_22_length_73939_cov_13.042389:c10767-8464	IBFBDDFI_00008

DiscRep_SUB:FEATURE_LOCATION_CONFLICT::Coding region xref gene does not exist
/home/tiago/documentos/github/ARG-Sentinel/suberror/plasmids_annot/annot/pEC126M3N22/pEC126M3N22:CDS	hypothetical protein	NODE_22_length_73939_cov_13.042389:c11872-10748	IBFBDDFI_00009

DiscRep_SUB:FEATURE_LOCATION_CONFLICT::Coding region xref gene does not exist
/home/tiago/documentos/github/ARG-Sentinel/suberror/plasmids_annot/annot/pEC126M3N22/pEC126M3N22:CDS	hypothetical protein	NODE_22_length_73939_cov_13.042389:c13176-11869	IBFBDDFI_00010

DiscRep_SUB:FEATURE_LOCATION_CONFLICT::Coding region xref gene does not exist
/home/tiago/documentos/github/ARG-Sentinel/suberror/plasmids_annot/annot/pEC126M3N22/pEC126M3N22:CDS	hypothetical protein	NODE_22_length_73939_cov_13.042389:13713-13808	IBFBDDFI_00011

DiscRep_SUB:FEATURE_LOCATION_CONFLICT::Coding region xref gene does not exist
/home/tiago/documentos/github/ARG-Sentinel/suberror/plasmids_annot/annot/pEC126M3N22/pEC126M3N22:CDS	hypothetical protein	NODE_22_length_73939_cov_13.042389:c14731-14555	IBFBDDFI_00012

DiscRep_SUB:FEATURE_LOCATION_CONFLICT::Coding region xref gene does not exist
/home/tiago/documentos/github/ARG-Sentinel/suberror/plasmids_annot/annot/pEC126M3N22/pEC126M3N22:CDS	Thermonuclease	NODE_22_length_73939_cov_13.042389:c15348-14881	IBFBDDFI_00013

DiscRep_SUB:FEATURE_LOCATION_CONFLICT::Coding region xref gene does not exist
/home/tiago/documentos/github/ARG-Sentinel/suberror/plasmids_annot/annot/pEC126M3N22/pEC126M3N22:CDS	hypothetical protein	NODE_22_length_73939_cov_13.042389:15450-16130	IBFBDDFI_00014

DiscRep_SUB:FEATURE_LOCATION_CONFLICT::Coding region xref gene does not exist
/home/tiago/documentos/github/ARG-Sentinel/suberror/plasmids_annot/annot/pEC126M3N22/pEC126M3N22:CDS	hypothetical protein	NODE_22_length_73939_cov_13.042389:c16331-16080	IBFBDDFI_00015

DiscRep_SUB:FEATURE_LOCATION_CONFLICT::Coding region xref gene does not exist
/home/tiago/documentos/github/ARG-Sentinel/suberror/plasmids_annot/annot/pEC126M3N22/pEC126M3N22:CDS	hypothetical protein	NODE_22_length_73939_cov_13.042389:c16543-16328	IBFBDDFI_00016

DiscRep_SUB:FEATURE_LOCATION_CONFLICT::Coding region xref gene does not exist
/home/tiago/documentos/github/ARG-Sentinel/suberror/plasmids_annot/annot/pEC126M3N22/pEC126M3N22:CDS	hypothetical protein	NODE_22_length_73939_cov_13.042389:c16915-16547	IBFBDDFI_00017

DiscRep_SUB:FEATURE_LOCATION_CONFLICT::Coding region xref gene does not exist
/home/tiago/documentos/github/ARG-Sentinel/suberror/plasmids_annot/annot/pEC126M3N22/pEC126M3N22:CDS	hypothetical protein	NODE_22_length_73939_cov_13.042389:c17448-17206	IBFBDDFI_00018

DiscRep_SUB:FEATURE_LOCATION_CONFLICT::Coding region xref gene does not exist
/home/tiago/documentos/github/ARG-Sentinel/suberror/plasmids_annot/annot/pEC126M3N22/pEC126M3N22:CDS	Protein PndA	NODE_22_length_73939_cov_13.042389:17778-17930	IBFBDDFI_00019

DiscRep_SUB:FEATURE_LOCATION_CONFLICT::Coding region xref gene does not exist
/home/tiago/documentos/github/ARG-Sentinel/suberror/plasmids_annot/annot/pEC126M3N22/pEC126M3N22:CDS	RNA polymerase sigma factor RpoS	NODE_22_length_73939_cov_13.042389:c19654-18068	IBFBDDFI_00020

DiscRep_SUB:FEATURE_LOCATION_CONFLICT::Coding region xref gene does not exist
/home/tiago/documentos/github/ARG-Sentinel/suberror/plasmids_annot/annot/pEC126M3N22/pEC126M3N22:CDS	hypothetical protein	NODE_22_length_73939_cov_13.042389:c20581-19928	IBFBDDFI_00021

DiscRep_SUB:FEATURE_LOCATION_CONFLICT::Coding region xref gene does not exist
/home/tiago/documentos/github/ARG-Sentinel/suberror/plasmids_annot/annot/pEC126M3N22/pEC126M3N22:CDS	hypothetical protein	NODE_22_length_73939_cov_13.042389:c22834-20669	IBFBDDFI_00022

DiscRep_SUB:FEATURE_LOCATION_CONFLICT::Coding region xref gene does not exist
/home/tiago/documentos/github/ARG-Sentinel/suberror/plasmids_annot/annot/pEC126M3N22/pEC126M3N22:CDS	hypothetical protein	NODE_22_length_73939_cov_13.042389:c23478-22909	IBFBDDFI_00023

DiscRep_SUB:FEATURE_LOCATION_CONFLICT::Coding region xref gene does not exist
/home/tiago/documentos/github/ARG-Sentinel/suberror/plasmids_annot/annot/pEC126M3N22/pEC126M3N22:CDS	hypothetical protein	NODE_22_length_73939_cov_13.042389:c24680-23475	IBFBDDFI_00024

DiscRep_SUB:FEATURE_LOCATION_CONFLICT::Coding region xref gene does not exist
/home/tiago/documentos/github/ARG-Sentinel/suberror/plasmids_annot/annot/pEC126M3N22/pEC126M3N22:CDS	hypothetical protein	NODE_22_length_73939_cov_13.042389:c25258-24638	IBFBDDFI_00025

DiscRep_SUB:FEATURE_LOCATION_CONFLICT::Coding region xref gene does not exist
/home/tiago/documentos/github/ARG-Sentinel/suberror/plasmids_annot/annot/pEC126M3N22/pEC126M3N22:CDS	hypothetical protein	NODE_22_length_73939_cov_13.042389:c28302-25258	IBFBDDFI_00026

DiscRep_SUB:FEATURE_LOCATION_CONFLICT::Coding region xref gene does not exist
/home/tiago/documentos/github/ARG-Sentinel/suberror/plasmids_annot/annot/pEC126M3N22/pEC126M3N22:CDS	hypothetical protein	NODE_22_length_73939_cov_13.042389:c29223-28597	IBFBDDFI_00027

DiscRep_SUB:FEATURE_LOCATION_CONFLICT::Coding region xref gene does not exist
/home/tiago/documentos/github/ARG-Sentinel/suberror/plasmids_annot/annot/pEC126M3N22/pEC126M3N22:CDS	hypothetical protein	NODE_22_length_73939_cov_13.042389:c29581-29330	IBFBDDFI_00028

DiscRep_SUB:FEATURE_LOCATION_CONFLICT::Coding region xref gene does not exist
/home/tiago/documentos/github/ARG-Sentinel/suberror/plasmids_annot/annot/pEC126M3N22/pEC126M3N22:CDS	hypothetical protein	NODE_22_length_73939_cov_13.042389:c30036-29638	IBFBDDFI_00029

DiscRep_SUB:FEATURE_LOCATION_CONFLICT::Coding region xref gene does not exist
/home/tiago/documentos/github/ARG-Sentinel/suberror/plasmids_annot/annot/pEC126M3N22/pEC126M3N22:CDS	hypothetical protein	NODE_22_length_73939_cov_13.042389:c30613-30083	IBFBDDFI_00030

DiscRep_SUB:FEATURE_LOCATION_CONFLICT::Coding region xref gene does not exist
/home/tiago/documentos/github/ARG-Sentinel/suberror/plasmids_annot/annot/pEC126M3N22/pEC126M3N22:CDS	hypothetical protein	NODE_22_length_73939_cov_13.042389:c31323-30610	IBFBDDFI_00031

DiscRep_SUB:FEATURE_LOCATION_CONFLICT::Coding region xref gene does not exist
/home/tiago/documentos/github/ARG-Sentinel/suberror/plasmids_annot/annot/pEC126M3N22/pEC126M3N22:CDS	hypothetical protein	NODE_22_length_73939_cov_13.042389:c32657-31320	IBFBDDFI_00032

DiscRep_SUB:FEATURE_LOCATION_CONFLICT::Coding region xref gene does not exist
/home/tiago/documentos/github/ARG-Sentinel/suberror/plasmids_annot/annot/pEC126M3N22/pEC126M3N22:CDS	hypothetical protein	NODE_22_length_73939_cov_13.042389:c33635-32661	IBFBDDFI_00033

DiscRep_SUB:FEATURE_LOCATION_CONFLICT::Coding region xref gene does not exist
/home/tiago/documentos/github/ARG-Sentinel/suberror/plasmids_annot/annot/pEC126M3N22/pEC126M3N22:CDS	hypothetical protein	NODE_22_length_73939_cov_13.042389:c34341-33646	IBFBDDFI_00034

DiscRep_SUB:FEATURE_LOCATION_CONFLICT::Coding region xref gene does not exist
/home/tiago/documentos/github/ARG-Sentinel/suberror/plasmids_annot/annot/pEC126M3N22/pEC126M3N22:CDS	hypothetical protein	NODE_22_length_73939_cov_13.042389:c34703-34353	IBFBDDFI_00035

DiscRep_SUB:FEATURE_LOCATION_CONFLICT::Coding region xref gene does not exist
/home/tiago/documentos/github/ARG-Sentinel/suberror/plasmids_annot/annot/pEC126M3N22/pEC126M3N22:CDS	DNA primase TraC	NODE_22_length_73939_cov_13.042389:c38781-34720	IBFBDDFI_00036

DiscRep_SUB:FEATURE_LOCATION_CONFLICT::Coding region xref gene does not exist
/home/tiago/documentos/github/ARG-Sentinel/suberror/plasmids_annot/annot/pEC126M3N22/pEC126M3N22:CDS	hypothetical protein	NODE_22_length_73939_cov_13.042389:c39135-38845	IBFBDDFI_00037

DiscRep_SUB:FEATURE_LOCATION_CONFLICT::Coding region xref gene does not exist
/home/tiago/documentos/github/ARG-Sentinel/suberror/plasmids_annot/annot/pEC126M3N22/pEC126M3N22:CDS	putative protein YggR	NODE_22_length_73939_cov_13.042389:c40280-39132	IBFBDDFI_00038

DiscRep_SUB:FEATURE_LOCATION_CONFLICT::Coding region xref gene does not exist
/home/tiago/documentos/github/ARG-Sentinel/suberror/plasmids_annot/annot/pEC126M3N22/pEC126M3N22:CDS	hypothetical protein	NODE_22_length_73939_cov_13.042389:c41100-40264	IBFBDDFI_00039

DiscRep_SUB:FEATURE_LOCATION_CONFLICT::Coding region xref gene does not exist
/home/tiago/documentos/github/ARG-Sentinel/suberror/plasmids_annot/annot/pEC126M3N22/pEC126M3N22:CDS	hypothetical protein	NODE_22_length_73939_cov_13.042389:c41555-41097	IBFBDDFI_00040

DiscRep_SUB:FEATURE_LOCATION_CONFLICT::Coding region xref gene does not exist
/home/tiago/documentos/github/ARG-Sentinel/suberror/plasmids_annot/annot/pEC126M3N22/pEC126M3N22:CDS	hypothetical protein	NODE_22_length_73939_cov_13.042389:c42861-41659	IBFBDDFI_00041

DiscRep_SUB:FEATURE_LOCATION_CONFLICT::Coding region xref gene does not exist
/home/tiago/documentos/github/ARG-Sentinel/suberror/plasmids_annot/annot/pEC126M3N22/pEC126M3N22:CDS	hypothetical protein	NODE_22_length_73939_cov_13.042389:c43784-42963	IBFBDDFI_00042

DiscRep_SUB:FEATURE_LOCATION_CONFLICT::Coding region xref gene does not exist
/home/tiago/documentos/github/ARG-Sentinel/suberror/plasmids_annot/annot/pEC126M3N22/pEC126M3N22:CDS	hypothetical protein	NODE_22_length_73939_cov_13.042389:c45618-44257	IBFBDDFI_00043

DiscRep_SUB:FEATURE_LOCATION_CONFLICT::Coding region xref gene does not exist
/home/tiago/documentos/github/ARG-Sentinel/suberror/plasmids_annot/annot/pEC126M3N22/pEC126M3N22:CDS	hypothetical protein	NODE_22_length_73939_cov_13.042389:c46262-45636	IBFBDDFI_00044

DiscRep_SUB:FEATURE_LOCATION_CONFLICT::Coding region xref gene does not exist
/home/tiago/documentos/github/ARG-Sentinel/suberror/plasmids_annot/annot/pEC126M3N22/pEC126M3N22:CDS	hypothetical protein	NODE_22_length_73939_cov_13.042389:c46763-46278	IBFBDDFI_00045

DiscRep_SUB:FEATURE_LOCATION_CONFLICT::Coding region xref gene does not exist
/home/tiago/documentos/github/ARG-Sentinel/suberror/plasmids_annot/annot/pEC126M3N22/pEC126M3N22:CDS	hypothetical protein	NODE_22_length_73939_cov_13.042389:c47344-46808	IBFBDDFI_00046

DiscRep_SUB:FEATURE_LOCATION_CONFLICT::Coding region xref gene does not exist
/home/tiago/documentos/github/ARG-Sentinel/suberror/plasmids_annot/annot/pEC126M3N22/pEC126M3N22:CDS	Toxin coregulated pilus biosynthesis protein E	NODE_22_length_73939_cov_13.042389:c48500-47406	IBFBDDFI_00047

DiscRep_SUB:FEATURE_LOCATION_CONFLICT::Coding region xref gene does not exist
/home/tiago/documentos/github/ARG-Sentinel/suberror/plasmids_annot/annot/pEC126M3N22/pEC126M3N22:CDS	Toxin coregulated pilus biosynthesis protein T	NODE_22_length_73939_cov_13.042389:c50010-48502	IBFBDDFI_00048

DiscRep_SUB:FEATURE_LOCATION_CONFLICT::Coding region xref gene does not exist
/home/tiago/documentos/github/ARG-Sentinel/suberror/plasmids_annot/annot/pEC126M3N22/pEC126M3N22:CDS	hypothetical protein	NODE_22_length_73939_cov_13.042389:c50571-50113	IBFBDDFI_00049

DiscRep_SUB:FEATURE_LOCATION_CONFLICT::Coding region xref gene does not exist
/home/tiago/documentos/github/ARG-Sentinel/suberror/plasmids_annot/annot/pEC126M3N22/pEC126M3N22:CDS	hypothetical protein	NODE_22_length_73939_cov_13.042389:c51856-50561	IBFBDDFI_00050

DiscRep_SUB:FEATURE_LOCATION_CONFLICT::Coding region xref gene does not exist
/home/tiago/documentos/github/ARG-Sentinel/suberror/plasmids_annot/annot/pEC126M3N22/pEC126M3N22:CDS	Outer membrane lipoprotein BfpB	NODE_22_length_73939_cov_13.042389:c53496-51877	IBFBDDFI_00051

DiscRep_SUB:FEATURE_LOCATION_CONFLICT::Coding region xref gene does not exist
/home/tiago/documentos/github/ARG-Sentinel/suberror/plasmids_annot/annot/pEC126M3N22/pEC126M3N22:CDS	hypothetical protein	NODE_22_length_73939_cov_13.042389:c53965-53528	IBFBDDFI_00052

DiscRep_SUB:FEATURE_LOCATION_CONFLICT::Coding region xref gene does not exist
/home/tiago/documentos/github/ARG-Sentinel/suberror/plasmids_annot/annot/pEC126M3N22/pEC126M3N22:CDS	hypothetical protein	NODE_22_length_73939_cov_13.042389:c55039-53969	IBFBDDFI_00053

DiscRep_SUB:FEATURE_LOCATION_CONFLICT::Coding region xref gene does not exist
/home/tiago/documentos/github/ARG-Sentinel/suberror/plasmids_annot/annot/pEC126M3N22/pEC126M3N22:CDS	hypothetical protein	NODE_22_length_73939_cov_13.042389:c55600-55280	IBFBDDFI_00054

DiscRep_SUB:FEATURE_LOCATION_CONFLICT::Coding region xref gene does not exist
/home/tiago/documentos/github/ARG-Sentinel/suberror/plasmids_annot/annot/pEC126M3N22/pEC126M3N22:CDS	hypothetical protein	NODE_22_length_73939_cov_13.042389:c55958-55716	IBFBDDFI_00055

DiscRep_SUB:FEATURE_LOCATION_CONFLICT::Coding region xref gene does not exist
/home/tiago/documentos/github/ARG-Sentinel/suberror/plasmids_annot/annot/pEC126M3N22/pEC126M3N22:CDS	Inner membrane protein YqiK	NODE_22_length_73939_cov_13.042389:c57733-56039	IBFBDDFI_00056

DiscRep_SUB:FEATURE_LOCATION_CONFLICT::Coding region xref gene does not exist
/home/tiago/documentos/github/ARG-Sentinel/suberror/plasmids_annot/annot/pEC126M3N22/pEC126M3N22:CDS	Inner membrane protein YqiJ	NODE_22_length_73939_cov_13.042389:c58380-57760	IBFBDDFI_00057

DiscRep_SUB:FEATURE_LOCATION_CONFLICT::Coding region xref gene does not exist
/home/tiago/documentos/github/ARG-Sentinel/suberror/plasmids_annot/annot/pEC126M3N22/pEC126M3N22:CDS	hypothetical protein	NODE_22_length_73939_cov_13.042389:c59309-58647	IBFBDDFI_00058

DiscRep_SUB:FEATURE_LOCATION_CONFLICT::Coding region xref gene does not exist
/home/tiago/documentos/github/ARG-Sentinel/suberror/plasmids_annot/annot/pEC126M3N22/pEC126M3N22:CDS	Transcription antitermination protein RfaH	NODE_22_length_73939_cov_13.042389:c60091-59450	IBFBDDFI_00059

DiscRep_SUB:FEATURE_LOCATION_CONFLICT::Coding region xref gene does not exist
/home/tiago/documentos/github/ARG-Sentinel/suberror/plasmids_annot/annot/pEC126M3N22/pEC126M3N22:CDS	hypothetical protein	NODE_22_length_73939_cov_13.042389:60794-61666	IBFBDDFI_00060

DiscRep_SUB:FEATURE_LOCATION_CONFLICT::Coding region xref gene does not exist
/home/tiago/documentos/github/ARG-Sentinel/suberror/plasmids_annot/annot/pEC126M3N22/pEC126M3N22:CDS	hypothetical protein	NODE_22_length_73939_cov_13.042389:62577-62855	IBFBDDFI_00061

DiscRep_SUB:FEATURE_LOCATION_CONFLICT::Coding region xref gene does not exist
/home/tiago/documentos/github/ARG-Sentinel/suberror/plasmids_annot/annot/pEC126M3N22/pEC126M3N22:CDS	hypothetical protein	NODE_22_length_73939_cov_13.042389:62855-63130	IBFBDDFI_00062

DiscRep_SUB:FEATURE_LOCATION_CONFLICT::Coding region xref gene does not exist
/home/tiago/documentos/github/ARG-Sentinel/suberror/plasmids_annot/annot/pEC126M3N22/pEC126M3N22:CDS	hypothetical protein	NODE_22_length_73939_cov_13.042389:63246-63524	IBFBDDFI_00063

DiscRep_SUB:FEATURE_LOCATION_CONFLICT::Coding region xref gene does not exist
/home/tiago/documentos/github/ARG-Sentinel/suberror/plasmids_annot/annot/pEC126M3N22/pEC126M3N22:CDS	RNA chaperone ProQ	NODE_22_length_73939_cov_13.042389:c64242-63640	IBFBDDFI_00064

DiscRep_SUB:FEATURE_LOCATION_CONFLICT::Coding region xref gene does not exist
/home/tiago/documentos/github/ARG-Sentinel/suberror/plasmids_annot/annot/pEC126M3N22/pEC126M3N22:CDS	hypothetical protein	NODE_22_length_73939_cov_13.042389:c65470-64418	IBFBDDFI_00065

DiscRep_SUB:FEATURE_LOCATION_CONFLICT::Coding region xref gene does not exist
/home/tiago/documentos/github/ARG-Sentinel/suberror/plasmids_annot/annot/pEC126M3N22/pEC126M3N22:CDS	hypothetical protein	NODE_22_length_73939_cov_13.042389:c66273-65683	IBFBDDFI_00066

DiscRep_SUB:FEATURE_LOCATION_CONFLICT::Coding region xref gene does not exist
/home/tiago/documentos/github/ARG-Sentinel/suberror/plasmids_annot/annot/pEC126M3N22/pEC126M3N22:CDS	hypothetical protein	NODE_22_length_73939_cov_13.042389:c66527-66273	IBFBDDFI_00067

DiscRep_SUB:FEATURE_LOCATION_CONFLICT::Coding region xref gene does not exist
/home/tiago/documentos/github/ARG-Sentinel/suberror/plasmids_annot/annot/pEC126M3N22/pEC126M3N22:CDS	hypothetical protein	NODE_22_length_73939_cov_13.042389:66795-68294	IBFBDDFI_00068

DiscRep_SUB:FEATURE_LOCATION_CONFLICT::Coding region xref gene does not exist
/home/tiago/documentos/github/ARG-Sentinel/suberror/plasmids_annot/annot/pEC126M3N22/pEC126M3N22:CDS	hypothetical protein	NODE_22_length_73939_cov_13.042389:c69182-68319	IBFBDDFI_00069

DiscRep_SUB:FEATURE_LOCATION_CONFLICT::Coding region xref gene does not exist
/home/tiago/documentos/github/ARG-Sentinel/suberror/plasmids_annot/annot/pEC126M3N22/pEC126M3N22:CDS	hypothetical protein	NODE_22_length_73939_cov_13.042389:69705-70118	IBFBDDFI_00070

DiscRep_SUB:FEATURE_LOCATION_CONFLICT::Coding region xref gene does not exist
/home/tiago/documentos/github/ARG-Sentinel/suberror/plasmids_annot/annot/pEC126M3N22/pEC126M3N22:CDS	Tyrosine recombinase XerD	NODE_22_length_73939_cov_13.042389:70120-70899	IBFBDDFI_00071

DiscRep_SUB:FEATURE_LOCATION_CONFLICT::Coding region xref gene does not exist
/home/tiago/documentos/github/ARG-Sentinel/suberror/plasmids_annot/annot/pEC126M3N22/pEC126M3N22:CDS	hypothetical protein	NODE_22_length_73939_cov_13.042389:71079-71723	IBFBDDFI_00072

DiscRep_SUB:FEATURE_LOCATION_CONFLICT::Coding region xref gene does not exist
/home/tiago/documentos/github/ARG-Sentinel/suberror/plasmids_annot/annot/pEC126M3N22/pEC126M3N22:CDS	hypothetical protein	NODE_22_length_73939_cov_13.042389:71810-72118	IBFBDDFI_00073

DiscRep_SUB:FEATURE_LOCATION_CONFLICT::Coding region xref gene does not exist
/home/tiago/documentos/github/ARG-Sentinel/suberror/plasmids_annot/annot/pEC126M3N22/pEC126M3N22:CDS	Plasmid segregation protein ParM	NODE_22_length_73939_cov_13.042389:72532-73512	IBFBDDFI_00074

DiscRep_SUB:FEATURE_LOCATION_CONFLICT::Coding region xref gene does not exist
/home/tiago/documentos/github/ARG-Sentinel/suberror/plasmids_annot/annot/pEC126M3N22/pEC126M3N22:CDS	Protein StbB	NODE_22_length_73939_cov_13.042389:73505-73921	IBFBDDFI_00075

DiscRep_ALL:DISC_QUALITY_SCORES::Quality scores are missing on all sequences.

DiscRep_ALL:ONCALLER_COMMENT_PRESENT::1 comment descriptors were found (all same)
/home/tiago/documentos/github/ARG-Sentinel/suberror/plasmids_annot/annot/pEC126M3N22/pEC126M3N22:NODE_22_length_73939_cov_13.042389:Annotated using prokka 1.13 from https://github.com/tseemann/prokka

DiscRep_ALL:SHORT_PROT_SEQUENCES::1 protein sequences are shorter than 50 aa.
/home/tiago/documentos/github/ARG-Sentinel/suberror/plasmids_annot/annot/pEC126M3N22/pEC126M3N22:NODE_22_length_73939_cov_13.042389_11 (length 31)

DiscRep_ALL:MISSING_GENOMEASSEMBLY_COMMENTS::1 bioseqs are missing GenomeAssembly structured comments
/home/tiago/documentos/github/ARG-Sentinel/suberror/plasmids_annot/annot/pEC126M3N22/pEC126M3N22:NODE_22_length_73939_cov_13.042389 (length 73939)

DiscRep_ALL:MOLTYPE_NOT_MRNA::1 molecule types are not set as mRNA.
/home/tiago/documentos/github/ARG-Sentinel/suberror/plasmids_annot/annot/pEC126M3N22/pEC126M3N22:NODE_22_length_73939_cov_13.042389 (length 73939)

DiscRep_ALL:TECHNIQUE_NOT_TSA::1 technique are not set as TSA
/home/tiago/documentos/github/ARG-Sentinel/suberror/plasmids_annot/annot/pEC126M3N22/pEC126M3N22:NODE_22_length_73939_cov_13.042389 (length 73939)

DiscRep_ALL:MISSING_STRUCTURED_COMMENT::1 sequences do not include structured comments.
/home/tiago/documentos/github/ARG-Sentinel/suberror/plasmids_annot/annot/pEC126M3N22/pEC126M3N22:NODE_22_length_73939_cov_13.042389 (length 73939)

DiscRep_ALL:MISSING_PROJECT::76 sequences do not include project.
/home/tiago/documentos/github/ARG-Sentinel/suberror/plasmids_annot/annot/pEC126M3N22/pEC126M3N22:NODE_22_length_73939_cov_13.042389 (length 73939)
/home/tiago/documentos/github/ARG-Sentinel/suberror/plasmids_annot/annot/pEC126M3N22/pEC126M3N22:NODE_22_length_73939_cov_13.042389_1 (length 555)
/home/tiago/documentos/github/ARG-Sentinel/suberror/plasmids_annot/annot/pEC126M3N22/pEC126M3N22:NODE_22_length_73939_cov_13.042389_2 (length 702)
/home/tiago/documentos/github/ARG-Sentinel/suberror/plasmids_annot/annot/pEC126M3N22/pEC126M3N22:NODE_22_length_73939_cov_13.042389_3 (length 273)
/home/tiago/documentos/github/ARG-Sentinel/suberror/plasmids_annot/annot/pEC126M3N22/pEC126M3N22:NODE_22_length_73939_cov_13.042389_4 (length 448)
/home/tiago/documentos/github/ARG-Sentinel/suberror/plasmids_annot/annot/pEC126M3N22/pEC126M3N22:NODE_22_length_73939_cov_13.042389_5 (length 100)
/home/tiago/documentos/github/ARG-Sentinel/suberror/plasmids_annot/annot/pEC126M3N22/pEC126M3N22:NODE_22_length_73939_cov_13.042389_6 (length 271)
/home/tiago/documentos/github/ARG-Sentinel/suberror/plasmids_annot/annot/pEC126M3N22/pEC126M3N22:NODE_22_length_73939_cov_13.042389_7 (length 97)
/home/tiago/documentos/github/ARG-Sentinel/suberror/plasmids_annot/annot/pEC126M3N22/pEC126M3N22:NODE_22_length_73939_cov_13.042389_8 (length 767)
/home/tiago/documentos/github/ARG-Sentinel/suberror/plasmids_annot/annot/pEC126M3N22/pEC126M3N22:NODE_22_length_73939_cov_13.042389_9 (length 374)
/home/tiago/documentos/github/ARG-Sentinel/suberror/plasmids_annot/annot/pEC126M3N22/pEC126M3N22:NODE_22_length_73939_cov_13.042389_10 (length 435)
/home/tiago/documentos/github/ARG-Sentinel/suberror/plasmids_annot/annot/pEC126M3N22/pEC126M3N22:NODE_22_length_73939_cov_13.042389_11 (length 31)
/home/tiago/documentos/github/ARG-Sentinel/suberror/plasmids_annot/annot/pEC126M3N22/pEC126M3N22:NODE_22_length_73939_cov_13.042389_12 (length 58)
/home/tiago/documentos/github/ARG-Sentinel/suberror/plasmids_annot/annot/pEC126M3N22/pEC126M3N22:NODE_22_length_73939_cov_13.042389_13 (length 155)
/home/tiago/documentos/github/ARG-Sentinel/suberror/plasmids_annot/annot/pEC126M3N22/pEC126M3N22:NODE_22_length_73939_cov_13.042389_14 (length 226)
/home/tiago/documentos/github/ARG-Sentinel/suberror/plasmids_annot/annot/pEC126M3N22/pEC126M3N22:NODE_22_length_73939_cov_13.042389_15 (length 83)
/home/tiago/documentos/github/ARG-Sentinel/suberror/plasmids_annot/annot/pEC126M3N22/pEC126M3N22:NODE_22_length_73939_cov_13.042389_16 (length 71)
/home/tiago/documentos/github/ARG-Sentinel/suberror/plasmids_annot/annot/pEC126M3N22/pEC126M3N22:NODE_22_length_73939_cov_13.042389_17 (length 122)
/home/tiago/documentos/github/ARG-Sentinel/suberror/plasmids_annot/annot/pEC126M3N22/pEC126M3N22:NODE_22_length_73939_cov_13.042389_18 (length 80)
/home/tiago/documentos/github/ARG-Sentinel/suberror/plasmids_annot/annot/pEC126M3N22/pEC126M3N22:NODE_22_length_73939_cov_13.042389_19 (length 50)
/home/tiago/documentos/github/ARG-Sentinel/suberror/plasmids_annot/annot/pEC126M3N22/pEC126M3N22:NODE_22_length_73939_cov_13.042389_20 (length 528)
/home/tiago/documentos/github/ARG-Sentinel/suberror/plasmids_annot/annot/pEC126M3N22/pEC126M3N22:NODE_22_length_73939_cov_13.042389_21 (length 217)
/home/tiago/documentos/github/ARG-Sentinel/suberror/plasmids_annot/annot/pEC126M3N22/pEC126M3N22:NODE_22_length_73939_cov_13.042389_22 (length 721)
/home/tiago/documentos/github/ARG-Sentinel/suberror/plasmids_annot/annot/pEC126M3N22/pEC126M3N22:NODE_22_length_73939_cov_13.042389_23 (length 189)
/home/tiago/documentos/github/ARG-Sentinel/suberror/plasmids_annot/annot/pEC126M3N22/pEC126M3N22:NODE_22_length_73939_cov_13.042389_24 (length 401)
/home/tiago/documentos/github/ARG-Sentinel/suberror/plasmids_annot/annot/pEC126M3N22/pEC126M3N22:NODE_22_length_73939_cov_13.042389_25 (length 206)
/home/tiago/documentos/github/ARG-Sentinel/suberror/plasmids_annot/annot/pEC126M3N22/pEC126M3N22:NODE_22_length_73939_cov_13.042389_26 (length 1014)
/home/tiago/documentos/github/ARG-Sentinel/suberror/plasmids_annot/annot/pEC126M3N22/pEC126M3N22:NODE_22_length_73939_cov_13.042389_27 (length 208)
/home/tiago/documentos/github/ARG-Sentinel/suberror/plasmids_annot/annot/pEC126M3N22/pEC126M3N22:NODE_22_length_73939_cov_13.042389_28 (length 83)
/home/tiago/documentos/github/ARG-Sentinel/suberror/plasmids_annot/annot/pEC126M3N22/pEC126M3N22:NODE_22_length_73939_cov_13.042389_29 (length 132)
/home/tiago/documentos/github/ARG-Sentinel/suberror/plasmids_annot/annot/pEC126M3N22/pEC126M3N22:NODE_22_length_73939_cov_13.042389_30 (length 176)
/home/tiago/documentos/github/ARG-Sentinel/suberror/plasmids_annot/annot/pEC126M3N22/pEC126M3N22:NODE_22_length_73939_cov_13.042389_31 (length 237)
/home/tiago/documentos/github/ARG-Sentinel/suberror/plasmids_annot/annot/pEC126M3N22/pEC126M3N22:NODE_22_length_73939_cov_13.042389_32 (length 445)
/home/tiago/documentos/github/ARG-Sentinel/suberror/plasmids_annot/annot/pEC126M3N22/pEC126M3N22:NODE_22_length_73939_cov_13.042389_33 (length 324)
/home/tiago/documentos/github/ARG-Sentinel/suberror/plasmids_annot/annot/pEC126M3N22/pEC126M3N22:NODE_22_length_73939_cov_13.042389_34 (length 231)
/home/tiago/documentos/github/ARG-Sentinel/suberror/plasmids_annot/annot/pEC126M3N22/pEC126M3N22:NODE_22_length_73939_cov_13.042389_35 (length 116)
/home/tiago/documentos/github/ARG-Sentinel/suberror/plasmids_annot/annot/pEC126M3N22/pEC126M3N22:NODE_22_length_73939_cov_13.042389_36 (length 1353)
/home/tiago/documentos/github/ARG-Sentinel/suberror/plasmids_annot/annot/pEC126M3N22/pEC126M3N22:NODE_22_length_73939_cov_13.042389_37 (length 96)
/home/tiago/documentos/github/ARG-Sentinel/suberror/plasmids_annot/annot/pEC126M3N22/pEC126M3N22:NODE_22_length_73939_cov_13.042389_38 (length 382)
/home/tiago/documentos/github/ARG-Sentinel/suberror/plasmids_annot/annot/pEC126M3N22/pEC126M3N22:NODE_22_length_73939_cov_13.042389_39 (length 278)
/home/tiago/documentos/github/ARG-Sentinel/suberror/plasmids_annot/annot/pEC126M3N22/pEC126M3N22:NODE_22_length_73939_cov_13.042389_40 (length 152)
/home/tiago/documentos/github/ARG-Sentinel/suberror/plasmids_annot/annot/pEC126M3N22/pEC126M3N22:NODE_22_length_73939_cov_13.042389_41 (length 400)
/home/tiago/documentos/github/ARG-Sentinel/suberror/plasmids_annot/annot/pEC126M3N22/pEC126M3N22:NODE_22_length_73939_cov_13.042389_42 (length 273)
/home/tiago/documentos/github/ARG-Sentinel/suberror/plasmids_annot/annot/pEC126M3N22/pEC126M3N22:NODE_22_length_73939_cov_13.042389_43 (length 453)
/home/tiago/documentos/github/ARG-Sentinel/suberror/plasmids_annot/annot/pEC126M3N22/pEC126M3N22:NODE_22_length_73939_cov_13.042389_44 (length 208)
/home/tiago/documentos/github/ARG-Sentinel/suberror/plasmids_annot/annot/pEC126M3N22/pEC126M3N22:NODE_22_length_73939_cov_13.042389_45 (length 161)
/home/tiago/documentos/github/ARG-Sentinel/suberror/plasmids_annot/annot/pEC126M3N22/pEC126M3N22:NODE_22_length_73939_cov_13.042389_46 (length 178)
/home/tiago/documentos/github/ARG-Sentinel/suberror/plasmids_annot/annot/pEC126M3N22/pEC126M3N22:NODE_22_length_73939_cov_13.042389_47 (length 364)
/home/tiago/documentos/github/ARG-Sentinel/suberror/plasmids_annot/annot/pEC126M3N22/pEC126M3N22:NODE_22_length_73939_cov_13.042389_48 (length 502)
/home/tiago/documentos/github/ARG-Sentinel/suberror/plasmids_annot/annot/pEC126M3N22/pEC126M3N22:NODE_22_length_73939_cov_13.042389_49 (length 152)
/home/tiago/documentos/github/ARG-Sentinel/suberror/plasmids_annot/annot/pEC126M3N22/pEC126M3N22:NODE_22_length_73939_cov_13.042389_50 (length 431)
/home/tiago/documentos/github/ARG-Sentinel/suberror/plasmids_annot/annot/pEC126M3N22/pEC126M3N22:NODE_22_length_73939_cov_13.042389_51 (length 539)
/home/tiago/documentos/github/ARG-Sentinel/suberror/plasmids_annot/annot/pEC126M3N22/pEC126M3N22:NODE_22_length_73939_cov_13.042389_52 (length 145)
/home/tiago/documentos/github/ARG-Sentinel/suberror/plasmids_annot/annot/pEC126M3N22/pEC126M3N22:NODE_22_length_73939_cov_13.042389_53 (length 356)
/home/tiago/documentos/github/ARG-Sentinel/suberror/plasmids_annot/annot/pEC126M3N22/pEC126M3N22:NODE_22_length_73939_cov_13.042389_54 (length 106)
/home/tiago/documentos/github/ARG-Sentinel/suberror/plasmids_annot/annot/pEC126M3N22/pEC126M3N22:NODE_22_length_73939_cov_13.042389_55 (length 80)
/home/tiago/documentos/github/ARG-Sentinel/suberror/plasmids_annot/annot/pEC126M3N22/pEC126M3N22:NODE_22_length_73939_cov_13.042389_56 (length 564)
/home/tiago/documentos/github/ARG-Sentinel/suberror/plasmids_annot/annot/pEC126M3N22/pEC126M3N22:NODE_22_length_73939_cov_13.042389_57 (length 206)
/home/tiago/documentos/github/ARG-Sentinel/suberror/plasmids_annot/annot/pEC126M3N22/pEC126M3N22:NODE_22_length_73939_cov_13.042389_58 (length 220)
/home/tiago/documentos/github/ARG-Sentinel/suberror/plasmids_annot/annot/pEC126M3N22/pEC126M3N22:NODE_22_length_73939_cov_13.042389_59 (length 213)
/home/tiago/documentos/github/ARG-Sentinel/suberror/plasmids_annot/annot/pEC126M3N22/pEC126M3N22:NODE_22_length_73939_cov_13.042389_60 (length 290)
/home/tiago/documentos/github/ARG-Sentinel/suberror/plasmids_annot/annot/pEC126M3N22/pEC126M3N22:NODE_22_length_73939_cov_13.042389_61 (length 92)
/home/tiago/documentos/github/ARG-Sentinel/suberror/plasmids_annot/annot/pEC126M3N22/pEC126M3N22:NODE_22_length_73939_cov_13.042389_62 (length 91)
/home/tiago/documentos/github/ARG-Sentinel/suberror/plasmids_annot/annot/pEC126M3N22/pEC126M3N22:NODE_22_length_73939_cov_13.042389_63 (length 92)
/home/tiago/documentos/github/ARG-Sentinel/suberror/plasmids_annot/annot/pEC126M3N22/pEC126M3N22:NODE_22_length_73939_cov_13.042389_64 (length 200)
/home/tiago/documentos/github/ARG-Sentinel/suberror/plasmids_annot/annot/pEC126M3N22/pEC126M3N22:NODE_22_length_73939_cov_13.042389_65 (length 350)
/home/tiago/documentos/github/ARG-Sentinel/suberror/plasmids_annot/annot/pEC126M3N22/pEC126M3N22:NODE_22_length_73939_cov_13.042389_66 (length 196)
/home/tiago/documentos/github/ARG-Sentinel/suberror/plasmids_annot/annot/pEC126M3N22/pEC126M3N22:NODE_22_length_73939_cov_13.042389_67 (length 84)
/home/tiago/documentos/github/ARG-Sentinel/suberror/plasmids_annot/annot/pEC126M3N22/pEC126M3N22:NODE_22_length_73939_cov_13.042389_68 (length 499)
/home/tiago/documentos/github/ARG-Sentinel/suberror/plasmids_annot/annot/pEC126M3N22/pEC126M3N22:NODE_22_length_73939_cov_13.042389_69 (length 287)
/home/tiago/documentos/github/ARG-Sentinel/suberror/plasmids_annot/annot/pEC126M3N22/pEC126M3N22:NODE_22_length_73939_cov_13.042389_70 (length 137)
/home/tiago/documentos/github/ARG-Sentinel/suberror/plasmids_annot/annot/pEC126M3N22/pEC126M3N22:NODE_22_length_73939_cov_13.042389_71 (length 259)
/home/tiago/documentos/github/ARG-Sentinel/suberror/plasmids_annot/annot/pEC126M3N22/pEC126M3N22:NODE_22_length_73939_cov_13.042389_72 (length 214)
/home/tiago/documentos/github/ARG-Sentinel/suberror/plasmids_annot/annot/pEC126M3N22/pEC126M3N22:NODE_22_length_73939_cov_13.042389_73 (length 102)
/home/tiago/documentos/github/ARG-Sentinel/suberror/plasmids_annot/annot/pEC126M3N22/pEC126M3N22:NODE_22_length_73939_cov_13.042389_74 (length 326)
/home/tiago/documentos/github/ARG-Sentinel/suberror/plasmids_annot/annot/pEC126M3N22/pEC126M3N22:NODE_22_length_73939_cov_13.042389_75 (length 138)

DiscRep_ALL:DISC_INCONSISTENT_MOLINFO_TECH::Molinfo Technique Report (some missing, all same)
DiscRep_SUB:DISC_INCONSISTENT_MOLINFO_TECH::technique (all missing)
DiscRep_SUB:DISC_INCONSISTENT_MOLINFO_TECH::1 Molinfos are missing field technique
/home/tiago/documentos/github/ARG-Sentinel/suberror/plasmids_annot/annot/pEC126M3N22/pEC126M3N22:NODE_22_length_73939_cov_13.042389 (length 73939)

DiscRep_ALL:SEQ_ID_PHRASES::Sequence Ids contain unacceptable phrases (cov_, length, node, paired, or trimmed)

